<?xml version="1.0" encoding="UTF-8"?>
<testng-results ignored="0" total="95" passed="81" failed="14" skipped="0">
  <reporter-output>
  </reporter-output>
  <suite started-at="2023-12-07T16:40:27 IST" name="Test" finished-at="2023-12-07T17:36:17 IST" duration-ms="3350092">
    <groups>
    </groups>
    <test started-at="2023-12-07T16:40:27 IST" name="Test" finished-at="2023-12-07T17:36:17 IST" duration-ms="3350092">
      <class name="testClass.VoyageData">
        <test-method is-config="true" signature="ProgramStart()[pri:0, instance:testClass.VoyageData@d5b810e]" started-at="2023-12-07T16:40:27 IST" name="ProgramStart" finished-at="2023-12-07T16:40:51 IST" duration-ms="23877" status="PASS">
          <reporter-output>
          </reporter-output>
        </test-method> <!-- ProgramStart -->
        <test-method signature="VoyageInfo(java.lang.String,java.lang.String)[pri:0, instance:testClass.VoyageData@d5b810e]" started-at="2023-12-07T16:40:51 IST" name="VoyageInfo" data-provider="VoyageInfo" finished-at="2023-12-07T17:35:08 IST" duration-ms="3257118" status="FAIL">
          <exception class="org.openqa.selenium.TimeoutException">
            <message>
              <![CDATA[timeout: Timed out receiving message from renderer: 10.000
  (Session info: chrome=119.0.6045.200)
Build info: version: '3.141.59', revision: 'e82be7d358', time: '2018-11-14T08:17:03'
System info: host: 'INNOL-019', ip: '192.168.1.20', os.name: 'Windows 11', os.arch: 'amd64', os.version: '10.0', java.version: '17.0.5'
Driver info: org.openqa.selenium.chrome.ChromeDriver
Capabilities {acceptInsecureCerts: false, browserName: chrome, browserVersion: 119.0.6045.200, chrome: {chromedriverVersion: 119.0.6045.105 (38c72552c5e..., userDataDir: C:\Users\Poonam\AppData\Loc...}, fedcm:accounts: true, goog:chromeOptions: {debuggerAddress: localhost:55687}, javascriptEnabled: true, networkConnectionEnabled: false, pageLoadStrategy: normal, platform: WINDOWS, platformName: WINDOWS, proxy: Proxy(), setWindowRect: true, strictFileInteractability: false, timeouts: {implicit: 0, pageLoad: 300000, script: 30000}, unhandledPromptBehavior: dismiss and notify, webauthn:extension:credBlob: true, webauthn:extension:largeBlob: true, webauthn:extension:minPinLength: true, webauthn:extension:prf: true, webauthn:virtualAuthenticators: true}
Session ID: 39096ccaba361931a8a1bf7aba67d3cc]]>
            </message>
            <full-stacktrace>
              <![CDATA[org.openqa.selenium.TimeoutException: timeout: Timed out receiving message from renderer: 10.000
  (Session info: chrome=119.0.6045.200)
Build info: version: '3.141.59', revision: 'e82be7d358', time: '2018-11-14T08:17:03'
System info: host: 'INNOL-019', ip: '192.168.1.20', os.name: 'Windows 11', os.arch: 'amd64', os.version: '10.0', java.version: '17.0.5'
Driver info: org.openqa.selenium.chrome.ChromeDriver
Capabilities {acceptInsecureCerts: false, browserName: chrome, browserVersion: 119.0.6045.200, chrome: {chromedriverVersion: 119.0.6045.105 (38c72552c5e..., userDataDir: C:\Users\Poonam\AppData\Loc...}, fedcm:accounts: true, goog:chromeOptions: {debuggerAddress: localhost:55687}, javascriptEnabled: true, networkConnectionEnabled: false, pageLoadStrategy: normal, platform: WINDOWS, platformName: WINDOWS, proxy: Proxy(), setWindowRect: true, strictFileInteractability: false, timeouts: {implicit: 0, pageLoad: 300000, script: 30000}, unhandledPromptBehavior: dismiss and notify, webauthn:extension:credBlob: true, webauthn:extension:largeBlob: true, webauthn:extension:minPinLength: true, webauthn:extension:prf: true, webauthn:virtualAuthenticators: true}
Session ID: 39096ccaba361931a8a1bf7aba67d3cc
at java.base/jdk.internal.reflect.NativeConstructorAccessorImpl.newInstance0(Native Method)
at java.base/jdk.internal.reflect.NativeConstructorAccessorImpl.newInstance(NativeConstructorAccessorImpl.java:77)
at java.base/jdk.internal.reflect.DelegatingConstructorAccessorImpl.newInstance(DelegatingConstructorAccessorImpl.java:45)
at java.base/java.lang.reflect.Constructor.newInstanceWithCaller(Constructor.java:499)
at java.base/java.lang.reflect.Constructor.newInstance(Constructor.java:480)
at org.openqa.selenium.remote.http.W3CHttpResponseCodec.createException(W3CHttpResponseCodec.java:187)
at org.openqa.selenium.remote.http.W3CHttpResponseCodec.decode(W3CHttpResponseCodec.java:122)
at org.openqa.selenium.remote.http.W3CHttpResponseCodec.decode(W3CHttpResponseCodec.java:49)
at org.openqa.selenium.remote.HttpCommandExecutor.execute(HttpCommandExecutor.java:158)
at org.openqa.selenium.remote.service.DriverCommandExecutor.execute(DriverCommandExecutor.java:83)
at org.openqa.selenium.remote.RemoteWebDriver.execute(RemoteWebDriver.java:552)
at org.openqa.selenium.remote.RemoteWebDriver.execute(RemoteWebDriver.java:609)
at org.openqa.selenium.remote.RemoteWebDriver.getScreenshotAs(RemoteWebDriver.java:295)
at base.Base.getScreenShot(Base.java:53)
at base.TestListener.onTestFailure(TestListener.java:69)
at org.testng.internal.TestListenerHelper.runTestListeners(TestListenerHelper.java:96)
at org.testng.internal.TestInvoker.runTestResultListener(TestInvoker.java:219)
at org.testng.internal.TestInvoker.invokeMethod(TestInvoker.java:656)
at org.testng.internal.TestInvoker.invokeTestMethod(TestInvoker.java:173)
at org.testng.internal.MethodRunner.runInSequence(MethodRunner.java:46)
at org.testng.internal.TestInvoker$MethodInvocationAgent.invoke(TestInvoker.java:824)
at org.testng.internal.TestInvoker.invokeTestMethods(TestInvoker.java:146)
at org.testng.internal.TestMethodWorker.invokeTestMethods(TestMethodWorker.java:146)
at org.testng.internal.TestMethodWorker.run(TestMethodWorker.java:128)
at java.base/java.util.ArrayList.forEach(ArrayList.java:1511)
at org.testng.TestRunner.privateRun(TestRunner.java:794)
at org.testng.TestRunner.run(TestRunner.java:596)
at org.testng.SuiteRunner.runTest(SuiteRunner.java:377)
at org.testng.SuiteRunner.runSequentially(SuiteRunner.java:371)
at org.testng.SuiteRunner.privateRun(SuiteRunner.java:332)
at org.testng.SuiteRunner.run(SuiteRunner.java:276)
at org.testng.SuiteRunnerWorker.runSuite(SuiteRunnerWorker.java:53)
at org.testng.SuiteRunnerWorker.run(SuiteRunnerWorker.java:96)
at org.testng.TestNG.runSuitesSequentially(TestNG.java:1212)
at org.testng.TestNG.runSuitesLocally(TestNG.java:1134)
at org.testng.TestNG.runSuites(TestNG.java:1063)
at org.testng.TestNG.run(TestNG.java:1031)
at org.testng.remote.AbstractRemoteTestNG.run(AbstractRemoteTestNG.java:115)
at org.testng.remote.RemoteTestNG.initAndRun(RemoteTestNG.java:251)
at org.testng.remote.RemoteTestNG.main(RemoteTestNG.java:77)
]]>
            </full-stacktrace>
          </exception> <!-- org.openqa.selenium.TimeoutException -->
          <reporter-output>
          </reporter-output>
        </test-method> <!-- VoyageInfo -->
        <test-method signature="VoyageInfo(java.lang.String,java.lang.String)[pri:0, instance:testClass.VoyageData@d5b810e]" started-at="2023-12-07T16:40:54 IST" name="VoyageInfo" data-provider="VoyageInfo" finished-at="2023-12-07T16:41:47 IST" duration-ms="52630" status="PASS">
          <params>
            <param index="0">
              <value>
                <![CDATA[HEDJ]]>
              </value>
            </param>
            <param index="1">
              <value>
                <![CDATA[Hannes Oldendorff]]>
              </value>
            </param>
          </params>
          <reporter-output>
          </reporter-output>
        </test-method> <!-- VoyageInfo -->
        <test-method signature="VoyageInfo(java.lang.String,java.lang.String)[pri:0, instance:testClass.VoyageData@d5b810e]" started-at="2023-12-07T16:41:48 IST" name="VoyageInfo" data-provider="VoyageInfo" finished-at="2023-12-07T16:43:31 IST" duration-ms="103751" status="FAIL">
          <params>
            <param index="0">
              <value>
                <![CDATA[HEFJ]]>
              </value>
            </param>
            <param index="1">
              <value>
                <![CDATA[Hubertus Oldendorff]]>
              </value>
            </param>
          </params>
          <exception class="org.openqa.selenium.TimeoutException">
            <message>
              <![CDATA[Expected condition failed: waiting for element to be clickable: Proxy element for: DefaultElementLocator 'By.xpath: //h3[text()='Voyage Snapshot']/../../div[2]' (tried for 50 second(s) with 500 milliseconds interval)]]>
            </message>
            <full-stacktrace>
              <![CDATA[org.openqa.selenium.TimeoutException: Expected condition failed: waiting for element to be clickable: Proxy element for: DefaultElementLocator 'By.xpath: //h3[text()='Voyage Snapshot']/../../div[2]' (tried for 50 second(s) with 500 milliseconds interval)
at org.openqa.selenium.support.ui.WebDriverWait.timeoutException(WebDriverWait.java:95)
at org.openqa.selenium.support.ui.FluentWait.until(FluentWait.java:272)
at base.Base.eWait(Base.java:119)
at testClass.VoyageData.VoyageInfo(VoyageData.java:73)
at java.base/jdk.internal.reflect.NativeMethodAccessorImpl.invoke0(Native Method)
at java.base/jdk.internal.reflect.NativeMethodAccessorImpl.invoke(NativeMethodAccessorImpl.java:77)
at java.base/jdk.internal.reflect.DelegatingMethodAccessorImpl.invoke(DelegatingMethodAccessorImpl.java:43)
at java.base/java.lang.reflect.Method.invoke(Method.java:568)
at org.testng.internal.MethodInvocationHelper.invokeMethod(MethodInvocationHelper.java:133)
at org.testng.internal.TestInvoker.invokeMethod(TestInvoker.java:598)
at org.testng.internal.TestInvoker.invokeTestMethod(TestInvoker.java:173)
at org.testng.internal.MethodRunner.runInSequence(MethodRunner.java:46)
at org.testng.internal.TestInvoker$MethodInvocationAgent.invoke(TestInvoker.java:824)
at org.testng.internal.TestInvoker.invokeTestMethods(TestInvoker.java:146)
at org.testng.internal.TestMethodWorker.invokeTestMethods(TestMethodWorker.java:146)
at org.testng.internal.TestMethodWorker.run(TestMethodWorker.java:128)
at java.base/java.util.ArrayList.forEach(ArrayList.java:1511)
at org.testng.TestRunner.privateRun(TestRunner.java:794)
at org.testng.TestRunner.run(TestRunner.java:596)
at org.testng.SuiteRunner.runTest(SuiteRunner.java:377)
at org.testng.SuiteRunner.runSequentially(SuiteRunner.java:371)
at org.testng.SuiteRunner.privateRun(SuiteRunner.java:332)
at org.testng.SuiteRunner.run(SuiteRunner.java:276)
at org.testng.SuiteRunnerWorker.runSuite(SuiteRunnerWorker.java:53)
at org.testng.SuiteRunnerWorker.run(SuiteRunnerWorker.java:96)
at org.testng.TestNG.runSuitesSequentially(TestNG.java:1212)
at org.testng.TestNG.runSuitesLocally(TestNG.java:1134)
at org.testng.TestNG.runSuites(TestNG.java:1063)
at org.testng.TestNG.run(TestNG.java:1031)
at org.testng.remote.AbstractRemoteTestNG.run(AbstractRemoteTestNG.java:115)
at org.testng.remote.RemoteTestNG.initAndRun(RemoteTestNG.java:251)
at org.testng.remote.RemoteTestNG.main(RemoteTestNG.java:77)
Caused by: org.openqa.selenium.NoSuchElementException: no such element: Unable to locate element: {"method":"xpath","selector":"//h3[text()='Voyage Snapshot']/../../div[2]"}
  (Session info: chrome=119.0.6045.200)
For documentation on this error, please visit: https://www.seleniumhq.org/exceptions/no_such_element.html
Build info: version: '3.141.59', revision: 'e82be7d358', time: '2018-11-14T08:17:03'
System info: host: 'INNOL-019', ip: '192.168.1.20', os.name: 'Windows 11', os.arch: 'amd64', os.version: '10.0', java.version: '17.0.5'
Driver info: org.openqa.selenium.chrome.ChromeDriver
Capabilities {acceptInsecureCerts: false, browserName: chrome, browserVersion: 119.0.6045.200, chrome: {chromedriverVersion: 119.0.6045.105 (38c72552c5e..., userDataDir: C:\Users\Poonam\AppData\Loc...}, fedcm:accounts: true, goog:chromeOptions: {debuggerAddress: localhost:55687}, javascriptEnabled: true, networkConnectionEnabled: false, pageLoadStrategy: normal, platform: WINDOWS, platformName: WINDOWS, proxy: Proxy(), setWindowRect: true, strictFileInteractability: false, timeouts: {implicit: 0, pageLoad: 300000, script: 30000}, unhandledPromptBehavior: dismiss and notify, webauthn:extension:credBlob: true, webauthn:extension:largeBlob: true, webauthn:extension:minPinLength: true, webauthn:extension:prf: true, webauthn:virtualAuthenticators: true}
Session ID: 39096ccaba361931a8a1bf7aba67d3cc
*** Element info: {Using=xpath, value=//h3[text()='Voyage Snapshot']/../../div[2]}
at java.base/jdk.internal.reflect.NativeConstructorAccessorImpl.newInstance0(Native Method)
at java.base/jdk.internal.reflect.NativeConstructorAccessorImpl.newInstance(NativeConstructorAccessorImpl.java:77)
at java.base/jdk.internal.reflect.DelegatingConstructorAccessorImpl.newInstance(DelegatingConstructorAccessorImpl.java:45)
at java.base/java.lang.reflect.Constructor.newInstanceWithCaller(Constructor.java:499)
at java.base/java.lang.reflect.Constructor.newInstance(Constructor.java:480)
at org.openqa.selenium.remote.http.W3CHttpResponseCodec.createException(W3CHttpResponseCodec.java:187)
at org.openqa.selenium.remote.http.W3CHttpResponseCodec.decode(W3CHttpResponseCodec.java:122)
at org.openqa.selenium.remote.http.W3CHttpResponseCodec.decode(W3CHttpResponseCodec.java:49)
at org.openqa.selenium.remote.HttpCommandExecutor.execute(HttpCommandExecutor.java:158)
at org.openqa.selenium.remote.service.DriverCommandExecutor.execute(DriverCommandExecutor.java:83)
at org.openqa.selenium.remote.RemoteWebDriver.execute(RemoteWebDriver.java:552)
at org.openqa.selenium.remote.RemoteWebDriver.findElement(RemoteWebDriver.java:323)
at org.openqa.selenium.remote.RemoteWebDriver.findElementByXPath(RemoteWebDriver.java:428)
at org.openqa.selenium.By$ByXPath.findElement(By.java:353)
at org.openqa.selenium.remote.RemoteWebDriver.findElement(RemoteWebDriver.java:315)
at org.openqa.selenium.support.pagefactory.DefaultElementLocator.findElement(DefaultElementLocator.java:69)
at org.openqa.selenium.support.pagefactory.internal.LocatingElementHandler.invoke(LocatingElementHandler.java:38)
at jdk.proxy2/jdk.proxy2.$Proxy15.isDisplayed(Unknown Source)
at org.openqa.selenium.support.ui.ExpectedConditions.elementIfVisible(ExpectedConditions.java:314)
at org.openqa.selenium.support.ui.ExpectedConditions.access$000(ExpectedConditions.java:43)
at org.openqa.selenium.support.ui.ExpectedConditions$10.apply(ExpectedConditions.java:300)
at org.openqa.selenium.support.ui.ExpectedConditions$10.apply(ExpectedConditions.java:297)
at org.openqa.selenium.support.ui.ExpectedConditions$23.apply(ExpectedConditions.java:670)
at org.openqa.selenium.support.ui.ExpectedConditions$23.apply(ExpectedConditions.java:666)
at org.openqa.selenium.support.ui.FluentWait.until(FluentWait.java:249)
... 30 more
]]>
            </full-stacktrace>
          </exception> <!-- org.openqa.selenium.TimeoutException -->
          <reporter-output>
          </reporter-output>
        </test-method> <!-- VoyageInfo -->
        <test-method is-config="true" signature="AfterMethod()[pri:0, instance:testClass.VoyageData@d5b810e]" started-at="2023-12-07T16:41:48 IST" name="AfterMethod" finished-at="2023-12-07T16:41:48 IST" duration-ms="0" status="PASS">
          <reporter-output>
          </reporter-output>
        </test-method> <!-- AfterMethod -->
        <test-method signature="VoyageInfo(java.lang.String,java.lang.String)[pri:0, instance:testClass.VoyageData@d5b810e]" started-at="2023-12-07T16:43:32 IST" name="VoyageInfo" data-provider="VoyageInfo" finished-at="2023-12-07T16:45:15 IST" duration-ms="102776" status="FAIL">
          <params>
            <param index="0">
              <value>
                <![CDATA[CAQJ]]>
              </value>
            </param>
            <param index="1">
              <value>
                <![CDATA[Cauquenes]]>
              </value>
            </param>
          </params>
          <exception class="org.openqa.selenium.TimeoutException">
            <message>
              <![CDATA[Expected condition failed: waiting for element to be clickable: Proxy element for: DefaultElementLocator 'By.xpath: //h3[text()='Voyage Snapshot']/../../div[2]' (tried for 50 second(s) with 500 milliseconds interval)]]>
            </message>
            <full-stacktrace>
              <![CDATA[org.openqa.selenium.TimeoutException: Expected condition failed: waiting for element to be clickable: Proxy element for: DefaultElementLocator 'By.xpath: //h3[text()='Voyage Snapshot']/../../div[2]' (tried for 50 second(s) with 500 milliseconds interval)
at org.openqa.selenium.support.ui.WebDriverWait.timeoutException(WebDriverWait.java:95)
at org.openqa.selenium.support.ui.FluentWait.until(FluentWait.java:272)
at base.Base.eWait(Base.java:119)
at testClass.VoyageData.VoyageInfo(VoyageData.java:73)
at java.base/jdk.internal.reflect.NativeMethodAccessorImpl.invoke0(Native Method)
at java.base/jdk.internal.reflect.NativeMethodAccessorImpl.invoke(NativeMethodAccessorImpl.java:77)
at java.base/jdk.internal.reflect.DelegatingMethodAccessorImpl.invoke(DelegatingMethodAccessorImpl.java:43)
at java.base/java.lang.reflect.Method.invoke(Method.java:568)
at org.testng.internal.MethodInvocationHelper.invokeMethod(MethodInvocationHelper.java:133)
at org.testng.internal.TestInvoker.invokeMethod(TestInvoker.java:598)
at org.testng.internal.TestInvoker.invokeTestMethod(TestInvoker.java:173)
at org.testng.internal.MethodRunner.runInSequence(MethodRunner.java:46)
at org.testng.internal.TestInvoker$MethodInvocationAgent.invoke(TestInvoker.java:824)
at org.testng.internal.TestInvoker.invokeTestMethods(TestInvoker.java:146)
at org.testng.internal.TestMethodWorker.invokeTestMethods(TestMethodWorker.java:146)
at org.testng.internal.TestMethodWorker.run(TestMethodWorker.java:128)
at java.base/java.util.ArrayList.forEach(ArrayList.java:1511)
at org.testng.TestRunner.privateRun(TestRunner.java:794)
at org.testng.TestRunner.run(TestRunner.java:596)
at org.testng.SuiteRunner.runTest(SuiteRunner.java:377)
at org.testng.SuiteRunner.runSequentially(SuiteRunner.java:371)
at org.testng.SuiteRunner.privateRun(SuiteRunner.java:332)
at org.testng.SuiteRunner.run(SuiteRunner.java:276)
at org.testng.SuiteRunnerWorker.runSuite(SuiteRunnerWorker.java:53)
at org.testng.SuiteRunnerWorker.run(SuiteRunnerWorker.java:96)
at org.testng.TestNG.runSuitesSequentially(TestNG.java:1212)
at org.testng.TestNG.runSuitesLocally(TestNG.java:1134)
at org.testng.TestNG.runSuites(TestNG.java:1063)
at org.testng.TestNG.run(TestNG.java:1031)
at org.testng.remote.AbstractRemoteTestNG.run(AbstractRemoteTestNG.java:115)
at org.testng.remote.RemoteTestNG.initAndRun(RemoteTestNG.java:251)
at org.testng.remote.RemoteTestNG.main(RemoteTestNG.java:77)
Caused by: org.openqa.selenium.NoSuchElementException: no such element: Unable to locate element: {"method":"xpath","selector":"//h3[text()='Voyage Snapshot']/../../div[2]"}
  (Session info: chrome=119.0.6045.200)
For documentation on this error, please visit: https://www.seleniumhq.org/exceptions/no_such_element.html
Build info: version: '3.141.59', revision: 'e82be7d358', time: '2018-11-14T08:17:03'
System info: host: 'INNOL-019', ip: '192.168.1.20', os.name: 'Windows 11', os.arch: 'amd64', os.version: '10.0', java.version: '17.0.5'
Driver info: org.openqa.selenium.chrome.ChromeDriver
Capabilities {acceptInsecureCerts: false, browserName: chrome, browserVersion: 119.0.6045.200, chrome: {chromedriverVersion: 119.0.6045.105 (38c72552c5e..., userDataDir: C:\Users\Poonam\AppData\Loc...}, fedcm:accounts: true, goog:chromeOptions: {debuggerAddress: localhost:55687}, javascriptEnabled: true, networkConnectionEnabled: false, pageLoadStrategy: normal, platform: WINDOWS, platformName: WINDOWS, proxy: Proxy(), setWindowRect: true, strictFileInteractability: false, timeouts: {implicit: 0, pageLoad: 300000, script: 30000}, unhandledPromptBehavior: dismiss and notify, webauthn:extension:credBlob: true, webauthn:extension:largeBlob: true, webauthn:extension:minPinLength: true, webauthn:extension:prf: true, webauthn:virtualAuthenticators: true}
Session ID: 39096ccaba361931a8a1bf7aba67d3cc
*** Element info: {Using=xpath, value=//h3[text()='Voyage Snapshot']/../../div[2]}
at java.base/jdk.internal.reflect.NativeConstructorAccessorImpl.newInstance0(Native Method)
at java.base/jdk.internal.reflect.NativeConstructorAccessorImpl.newInstance(NativeConstructorAccessorImpl.java:77)
at java.base/jdk.internal.reflect.DelegatingConstructorAccessorImpl.newInstance(DelegatingConstructorAccessorImpl.java:45)
at java.base/java.lang.reflect.Constructor.newInstanceWithCaller(Constructor.java:499)
at java.base/java.lang.reflect.Constructor.newInstance(Constructor.java:480)
at org.openqa.selenium.remote.http.W3CHttpResponseCodec.createException(W3CHttpResponseCodec.java:187)
at org.openqa.selenium.remote.http.W3CHttpResponseCodec.decode(W3CHttpResponseCodec.java:122)
at org.openqa.selenium.remote.http.W3CHttpResponseCodec.decode(W3CHttpResponseCodec.java:49)
at org.openqa.selenium.remote.HttpCommandExecutor.execute(HttpCommandExecutor.java:158)
at org.openqa.selenium.remote.service.DriverCommandExecutor.execute(DriverCommandExecutor.java:83)
at org.openqa.selenium.remote.RemoteWebDriver.execute(RemoteWebDriver.java:552)
at org.openqa.selenium.remote.RemoteWebDriver.findElement(RemoteWebDriver.java:323)
at org.openqa.selenium.remote.RemoteWebDriver.findElementByXPath(RemoteWebDriver.java:428)
at org.openqa.selenium.By$ByXPath.findElement(By.java:353)
at org.openqa.selenium.remote.RemoteWebDriver.findElement(RemoteWebDriver.java:315)
at org.openqa.selenium.support.pagefactory.DefaultElementLocator.findElement(DefaultElementLocator.java:69)
at org.openqa.selenium.support.pagefactory.internal.LocatingElementHandler.invoke(LocatingElementHandler.java:38)
at jdk.proxy2/jdk.proxy2.$Proxy15.isDisplayed(Unknown Source)
at org.openqa.selenium.support.ui.ExpectedConditions.elementIfVisible(ExpectedConditions.java:314)
at org.openqa.selenium.support.ui.ExpectedConditions.access$000(ExpectedConditions.java:43)
at org.openqa.selenium.support.ui.ExpectedConditions$10.apply(ExpectedConditions.java:300)
at org.openqa.selenium.support.ui.ExpectedConditions$10.apply(ExpectedConditions.java:297)
at org.openqa.selenium.support.ui.ExpectedConditions$23.apply(ExpectedConditions.java:670)
at org.openqa.selenium.support.ui.ExpectedConditions$23.apply(ExpectedConditions.java:666)
at org.openqa.selenium.support.ui.FluentWait.until(FluentWait.java:249)
... 30 more
]]>
            </full-stacktrace>
          </exception> <!-- org.openqa.selenium.TimeoutException -->
          <reporter-output>
          </reporter-output>
        </test-method> <!-- VoyageInfo -->
        <test-method is-config="true" signature="AfterMethod()[pri:0, instance:testClass.VoyageData@d5b810e]" started-at="2023-12-07T16:43:32 IST" name="AfterMethod" finished-at="2023-12-07T16:43:32 IST" duration-ms="0" status="PASS">
          <reporter-output>
          </reporter-output>
        </test-method> <!-- AfterMethod -->
        <test-method is-config="true" signature="AfterMethod()[pri:0, instance:testClass.VoyageData@d5b810e]" started-at="2023-12-07T16:45:15 IST" name="AfterMethod" finished-at="2023-12-07T16:45:15 IST" duration-ms="1" status="PASS">
          <reporter-output>
          </reporter-output>
        </test-method> <!-- AfterMethod -->
        <test-method signature="VoyageInfo(java.lang.String,java.lang.String)[pri:0, instance:testClass.VoyageData@d5b810e]" started-at="2023-12-07T16:45:15 IST" name="VoyageInfo" data-provider="VoyageInfo" finished-at="2023-12-07T16:46:58 IST" duration-ms="102605" status="FAIL">
          <params>
            <param index="0">
              <value>
                <![CDATA[HNDJ]]>
              </value>
            </param>
            <param index="1">
              <value>
                <![CDATA[Hanna Oldendorff]]>
              </value>
            </param>
          </params>
          <exception class="org.openqa.selenium.TimeoutException">
            <message>
              <![CDATA[Expected condition failed: waiting for element to be clickable: Proxy element for: DefaultElementLocator 'By.xpath: //h3[text()='Voyage Snapshot']/../../div[2]' (tried for 50 second(s) with 500 milliseconds interval)]]>
            </message>
            <full-stacktrace>
              <![CDATA[org.openqa.selenium.TimeoutException: Expected condition failed: waiting for element to be clickable: Proxy element for: DefaultElementLocator 'By.xpath: //h3[text()='Voyage Snapshot']/../../div[2]' (tried for 50 second(s) with 500 milliseconds interval)
at org.openqa.selenium.support.ui.WebDriverWait.timeoutException(WebDriverWait.java:95)
at org.openqa.selenium.support.ui.FluentWait.until(FluentWait.java:272)
at base.Base.eWait(Base.java:119)
at testClass.VoyageData.VoyageInfo(VoyageData.java:73)
at java.base/jdk.internal.reflect.NativeMethodAccessorImpl.invoke0(Native Method)
at java.base/jdk.internal.reflect.NativeMethodAccessorImpl.invoke(NativeMethodAccessorImpl.java:77)
at java.base/jdk.internal.reflect.DelegatingMethodAccessorImpl.invoke(DelegatingMethodAccessorImpl.java:43)
at java.base/java.lang.reflect.Method.invoke(Method.java:568)
at org.testng.internal.MethodInvocationHelper.invokeMethod(MethodInvocationHelper.java:133)
at org.testng.internal.TestInvoker.invokeMethod(TestInvoker.java:598)
at org.testng.internal.TestInvoker.invokeTestMethod(TestInvoker.java:173)
at org.testng.internal.MethodRunner.runInSequence(MethodRunner.java:46)
at org.testng.internal.TestInvoker$MethodInvocationAgent.invoke(TestInvoker.java:824)
at org.testng.internal.TestInvoker.invokeTestMethods(TestInvoker.java:146)
at org.testng.internal.TestMethodWorker.invokeTestMethods(TestMethodWorker.java:146)
at org.testng.internal.TestMethodWorker.run(TestMethodWorker.java:128)
at java.base/java.util.ArrayList.forEach(ArrayList.java:1511)
at org.testng.TestRunner.privateRun(TestRunner.java:794)
at org.testng.TestRunner.run(TestRunner.java:596)
at org.testng.SuiteRunner.runTest(SuiteRunner.java:377)
at org.testng.SuiteRunner.runSequentially(SuiteRunner.java:371)
at org.testng.SuiteRunner.privateRun(SuiteRunner.java:332)
at org.testng.SuiteRunner.run(SuiteRunner.java:276)
at org.testng.SuiteRunnerWorker.runSuite(SuiteRunnerWorker.java:53)
at org.testng.SuiteRunnerWorker.run(SuiteRunnerWorker.java:96)
at org.testng.TestNG.runSuitesSequentially(TestNG.java:1212)
at org.testng.TestNG.runSuitesLocally(TestNG.java:1134)
at org.testng.TestNG.runSuites(TestNG.java:1063)
at org.testng.TestNG.run(TestNG.java:1031)
at org.testng.remote.AbstractRemoteTestNG.run(AbstractRemoteTestNG.java:115)
at org.testng.remote.RemoteTestNG.initAndRun(RemoteTestNG.java:251)
at org.testng.remote.RemoteTestNG.main(RemoteTestNG.java:77)
Caused by: org.openqa.selenium.NoSuchElementException: no such element: Unable to locate element: {"method":"xpath","selector":"//h3[text()='Voyage Snapshot']/../../div[2]"}
  (Session info: chrome=119.0.6045.200)
For documentation on this error, please visit: https://www.seleniumhq.org/exceptions/no_such_element.html
Build info: version: '3.141.59', revision: 'e82be7d358', time: '2018-11-14T08:17:03'
System info: host: 'INNOL-019', ip: '192.168.1.20', os.name: 'Windows 11', os.arch: 'amd64', os.version: '10.0', java.version: '17.0.5'
Driver info: org.openqa.selenium.chrome.ChromeDriver
Capabilities {acceptInsecureCerts: false, browserName: chrome, browserVersion: 119.0.6045.200, chrome: {chromedriverVersion: 119.0.6045.105 (38c72552c5e..., userDataDir: C:\Users\Poonam\AppData\Loc...}, fedcm:accounts: true, goog:chromeOptions: {debuggerAddress: localhost:55687}, javascriptEnabled: true, networkConnectionEnabled: false, pageLoadStrategy: normal, platform: WINDOWS, platformName: WINDOWS, proxy: Proxy(), setWindowRect: true, strictFileInteractability: false, timeouts: {implicit: 0, pageLoad: 300000, script: 30000}, unhandledPromptBehavior: dismiss and notify, webauthn:extension:credBlob: true, webauthn:extension:largeBlob: true, webauthn:extension:minPinLength: true, webauthn:extension:prf: true, webauthn:virtualAuthenticators: true}
Session ID: 39096ccaba361931a8a1bf7aba67d3cc
*** Element info: {Using=xpath, value=//h3[text()='Voyage Snapshot']/../../div[2]}
at java.base/jdk.internal.reflect.NativeConstructorAccessorImpl.newInstance0(Native Method)
at java.base/jdk.internal.reflect.NativeConstructorAccessorImpl.newInstance(NativeConstructorAccessorImpl.java:77)
at java.base/jdk.internal.reflect.DelegatingConstructorAccessorImpl.newInstance(DelegatingConstructorAccessorImpl.java:45)
at java.base/java.lang.reflect.Constructor.newInstanceWithCaller(Constructor.java:499)
at java.base/java.lang.reflect.Constructor.newInstance(Constructor.java:480)
at org.openqa.selenium.remote.http.W3CHttpResponseCodec.createException(W3CHttpResponseCodec.java:187)
at org.openqa.selenium.remote.http.W3CHttpResponseCodec.decode(W3CHttpResponseCodec.java:122)
at org.openqa.selenium.remote.http.W3CHttpResponseCodec.decode(W3CHttpResponseCodec.java:49)
at org.openqa.selenium.remote.HttpCommandExecutor.execute(HttpCommandExecutor.java:158)
at org.openqa.selenium.remote.service.DriverCommandExecutor.execute(DriverCommandExecutor.java:83)
at org.openqa.selenium.remote.RemoteWebDriver.execute(RemoteWebDriver.java:552)
at org.openqa.selenium.remote.RemoteWebDriver.findElement(RemoteWebDriver.java:323)
at org.openqa.selenium.remote.RemoteWebDriver.findElementByXPath(RemoteWebDriver.java:428)
at org.openqa.selenium.By$ByXPath.findElement(By.java:353)
at org.openqa.selenium.remote.RemoteWebDriver.findElement(RemoteWebDriver.java:315)
at org.openqa.selenium.support.pagefactory.DefaultElementLocator.findElement(DefaultElementLocator.java:69)
at org.openqa.selenium.support.pagefactory.internal.LocatingElementHandler.invoke(LocatingElementHandler.java:38)
at jdk.proxy2/jdk.proxy2.$Proxy15.isDisplayed(Unknown Source)
at org.openqa.selenium.support.ui.ExpectedConditions.elementIfVisible(ExpectedConditions.java:314)
at org.openqa.selenium.support.ui.ExpectedConditions.access$000(ExpectedConditions.java:43)
at org.openqa.selenium.support.ui.ExpectedConditions$10.apply(ExpectedConditions.java:300)
at org.openqa.selenium.support.ui.ExpectedConditions$10.apply(ExpectedConditions.java:297)
at org.openqa.selenium.support.ui.ExpectedConditions$23.apply(ExpectedConditions.java:670)
at org.openqa.selenium.support.ui.ExpectedConditions$23.apply(ExpectedConditions.java:666)
at org.openqa.selenium.support.ui.FluentWait.until(FluentWait.java:249)
... 30 more
]]>
            </full-stacktrace>
          </exception> <!-- org.openqa.selenium.TimeoutException -->
          <reporter-output>
          </reporter-output>
        </test-method> <!-- VoyageInfo -->
        <test-method signature="VoyageInfo(java.lang.String,java.lang.String)[pri:0, instance:testClass.VoyageData@d5b810e]" started-at="2023-12-07T16:46:59 IST" name="VoyageInfo" data-provider="VoyageInfo" finished-at="2023-12-07T16:48:55 IST" duration-ms="115999" status="PASS">
          <params>
            <param index="0">
              <value>
                <![CDATA[CUCJ]]>
              </value>
            </param>
            <param index="1">
              <value>
                <![CDATA[Cochrane]]>
              </value>
            </param>
          </params>
          <reporter-output>
          </reporter-output>
        </test-method> <!-- VoyageInfo -->
        <test-method is-config="true" signature="AfterMethod()[pri:0, instance:testClass.VoyageData@d5b810e]" started-at="2023-12-07T16:46:59 IST" name="AfterMethod" finished-at="2023-12-07T16:46:59 IST" duration-ms="0" status="PASS">
          <reporter-output>
          </reporter-output>
        </test-method> <!-- AfterMethod -->
        <test-method is-config="true" signature="AfterMethod()[pri:0, instance:testClass.VoyageData@d5b810e]" started-at="2023-12-07T16:48:56 IST" name="AfterMethod" finished-at="2023-12-07T16:48:56 IST" duration-ms="1" status="PASS">
          <reporter-output>
          </reporter-output>
        </test-method> <!-- AfterMethod -->
        <test-method signature="VoyageInfo(java.lang.String,java.lang.String)[pri:0, instance:testClass.VoyageData@d5b810e]" started-at="2023-12-07T16:48:56 IST" name="VoyageInfo" data-provider="VoyageInfo" finished-at="2023-12-07T16:49:09 IST" duration-ms="13177" status="PASS">
          <params>
            <param index="0">
              <value>
                <![CDATA[HDNJ]]>
              </value>
            </param>
            <param index="1">
              <value>
                <![CDATA[Henriette Oldendorff (OOM)]]>
              </value>
            </param>
          </params>
          <reporter-output>
          </reporter-output>
        </test-method> <!-- VoyageInfo -->
        <test-method is-config="true" signature="AfterMethod()[pri:0, instance:testClass.VoyageData@d5b810e]" started-at="2023-12-07T16:49:10 IST" name="AfterMethod" finished-at="2023-12-07T16:49:10 IST" duration-ms="1" status="PASS">
          <reporter-output>
          </reporter-output>
        </test-method> <!-- AfterMethod -->
        <test-method signature="VoyageInfo(java.lang.String,java.lang.String)[pri:0, instance:testClass.VoyageData@d5b810e]" started-at="2023-12-07T16:49:10 IST" name="VoyageInfo" data-provider="VoyageInfo" finished-at="2023-12-07T16:49:38 IST" duration-ms="28362" status="PASS">
          <params>
            <param index="0">
              <value>
                <![CDATA[CRCJ]]>
              </value>
            </param>
            <param index="1">
              <value>
                <![CDATA[Corcovado]]>
              </value>
            </param>
          </params>
          <reporter-output>
          </reporter-output>
        </test-method> <!-- VoyageInfo -->
        <test-method is-config="true" signature="AfterMethod()[pri:0, instance:testClass.VoyageData@d5b810e]" started-at="2023-12-07T16:49:44 IST" name="AfterMethod" finished-at="2023-12-07T16:49:44 IST" duration-ms="0" status="PASS">
          <reporter-output>
          </reporter-output>
        </test-method> <!-- AfterMethod -->
        <test-method signature="VoyageInfo(java.lang.String,java.lang.String)[pri:0, instance:testClass.VoyageData@d5b810e]" started-at="2023-12-07T16:49:44 IST" name="VoyageInfo" data-provider="VoyageInfo" finished-at="2023-12-07T16:50:08 IST" duration-ms="23636" status="PASS">
          <params>
            <param index="0">
              <value>
                <![CDATA[KEPJ]]>
              </value>
            </param>
            <param index="1">
              <value>
                <![CDATA[Kobe Express]]>
              </value>
            </param>
          </params>
          <reporter-output>
          </reporter-output>
        </test-method> <!-- VoyageInfo -->
        <test-method is-config="true" signature="AfterMethod()[pri:0, instance:testClass.VoyageData@d5b810e]" started-at="2023-12-07T16:50:08 IST" name="AfterMethod" finished-at="2023-12-07T16:50:08 IST" duration-ms="0" status="PASS">
          <reporter-output>
          </reporter-output>
        </test-method> <!-- AfterMethod -->
        <test-method signature="VoyageInfo(java.lang.String,java.lang.String)[pri:0, instance:testClass.VoyageData@d5b810e]" started-at="2023-12-07T16:50:08 IST" name="VoyageInfo" data-provider="VoyageInfo" finished-at="2023-12-07T16:50:41 IST" duration-ms="32943" status="PASS">
          <params>
            <param index="0">
              <value>
                <![CDATA[RAMJ]]>
              </value>
            </param>
            <param index="1">
              <value>
                <![CDATA[Ontario Express]]>
              </value>
            </param>
          </params>
          <reporter-output>
          </reporter-output>
        </test-method> <!-- VoyageInfo -->
        <test-method is-config="true" signature="AfterMethod()[pri:0, instance:testClass.VoyageData@d5b810e]" started-at="2023-12-07T16:50:42 IST" name="AfterMethod" finished-at="2023-12-07T16:50:42 IST" duration-ms="0" status="PASS">
          <reporter-output>
          </reporter-output>
        </test-method> <!-- AfterMethod -->
        <test-method signature="VoyageInfo(java.lang.String,java.lang.String)[pri:0, instance:testClass.VoyageData@d5b810e]" started-at="2023-12-07T16:50:42 IST" name="VoyageInfo" data-provider="VoyageInfo" finished-at="2023-12-07T16:51:08 IST" duration-ms="25768" status="PASS">
          <params>
            <param index="0">
              <value>
                <![CDATA[CNSJ]]>
              </value>
            </param>
            <param index="1">
              <value>
                <![CDATA[Cisnes]]>
              </value>
            </param>
          </params>
          <reporter-output>
          </reporter-output>
        </test-method> <!-- VoyageInfo -->
        <test-method is-config="true" signature="AfterMethod()[pri:0, instance:testClass.VoyageData@d5b810e]" started-at="2023-12-07T16:51:08 IST" name="AfterMethod" finished-at="2023-12-07T16:51:08 IST" duration-ms="0" status="PASS">
          <reporter-output>
          </reporter-output>
        </test-method> <!-- AfterMethod -->
        <test-method signature="VoyageInfo(java.lang.String,java.lang.String)[pri:0, instance:testClass.VoyageData@d5b810e]" started-at="2023-12-07T16:51:08 IST" name="VoyageInfo" data-provider="VoyageInfo" finished-at="2023-12-07T16:51:21 IST" duration-ms="13315" status="PASS">
          <params>
            <param index="0">
              <value>
                <![CDATA[DERJ]]>
              </value>
            </param>
            <param index="1">
              <value>
                <![CDATA[Duesseldorf Express]]>
              </value>
            </param>
          </params>
          <reporter-output>
          </reporter-output>
        </test-method> <!-- VoyageInfo -->
        <test-method signature="VoyageInfo(java.lang.String,java.lang.String)[pri:0, instance:testClass.VoyageData@d5b810e]" started-at="2023-12-07T16:51:22 IST" name="VoyageInfo" data-provider="VoyageInfo" finished-at="2023-12-07T16:51:48 IST" duration-ms="25881" status="PASS">
          <params>
            <param index="0">
              <value>
                <![CDATA[CUNJ]]>
              </value>
            </param>
            <param index="1">
              <value>
                <![CDATA[Cautin]]>
              </value>
            </param>
          </params>
          <reporter-output>
          </reporter-output>
        </test-method> <!-- VoyageInfo -->
        <test-method is-config="true" signature="AfterMethod()[pri:0, instance:testClass.VoyageData@d5b810e]" started-at="2023-12-07T16:51:22 IST" name="AfterMethod" finished-at="2023-12-07T16:51:22 IST" duration-ms="0" status="PASS">
          <reporter-output>
          </reporter-output>
        </test-method> <!-- AfterMethod -->
        <test-method is-config="true" signature="AfterMethod()[pri:0, instance:testClass.VoyageData@d5b810e]" started-at="2023-12-07T16:51:49 IST" name="AfterMethod" finished-at="2023-12-07T16:51:49 IST" duration-ms="0" status="PASS">
          <reporter-output>
          </reporter-output>
        </test-method> <!-- AfterMethod -->
        <test-method signature="VoyageInfo(java.lang.String,java.lang.String)[pri:0, instance:testClass.VoyageData@d5b810e]" started-at="2023-12-07T16:51:49 IST" name="VoyageInfo" data-provider="VoyageInfo" finished-at="2023-12-07T16:52:13 IST" duration-ms="24280" status="PASS">
          <params>
            <param index="0">
              <value>
                <![CDATA[CP2J]]>
              </value>
            </param>
            <param index="1">
              <value>
                <![CDATA[Copiapo]]>
              </value>
            </param>
          </params>
          <reporter-output>
          </reporter-output>
        </test-method> <!-- VoyageInfo -->
        <test-method is-config="true" signature="AfterMethod()[pri:0, instance:testClass.VoyageData@d5b810e]" started-at="2023-12-07T16:52:13 IST" name="AfterMethod" finished-at="2023-12-07T16:52:13 IST" duration-ms="0" status="PASS">
          <reporter-output>
          </reporter-output>
        </test-method> <!-- AfterMethod -->
        <test-method signature="VoyageInfo(java.lang.String,java.lang.String)[pri:0, instance:testClass.VoyageData@d5b810e]" started-at="2023-12-07T16:52:13 IST" name="VoyageInfo" data-provider="VoyageInfo" finished-at="2023-12-07T16:52:25 IST" duration-ms="11367" status="PASS">
          <params>
            <param index="0">
              <value>
                <![CDATA[CYHJ]]>
              </value>
            </param>
            <param index="1">
              <value>
                <![CDATA[Coyhaique]]>
              </value>
            </param>
          </params>
          <reporter-output>
          </reporter-output>
        </test-method> <!-- VoyageInfo -->
        <test-method is-config="true" signature="AfterMethod()[pri:0, instance:testClass.VoyageData@d5b810e]" started-at="2023-12-07T16:52:25 IST" name="AfterMethod" finished-at="2023-12-07T16:52:25 IST" duration-ms="0" status="PASS">
          <reporter-output>
          </reporter-output>
        </test-method> <!-- AfterMethod -->
        <test-method signature="VoyageInfo(java.lang.String,java.lang.String)[pri:0, instance:testClass.VoyageData@d5b810e]" started-at="2023-12-07T16:52:25 IST" name="VoyageInfo" data-provider="VoyageInfo" finished-at="2023-12-07T16:52:56 IST" duration-ms="30752" status="PASS">
          <params>
            <param index="0">
              <value>
                <![CDATA[CACJ]]>
              </value>
            </param>
            <param index="1">
              <value>
                <![CDATA[Chacabuco]]>
              </value>
            </param>
          </params>
          <reporter-output>
          </reporter-output>
        </test-method> <!-- VoyageInfo -->
        <test-method is-config="true" signature="AfterMethod()[pri:0, instance:testClass.VoyageData@d5b810e]" started-at="2023-12-07T16:52:56 IST" name="AfterMethod" finished-at="2023-12-07T16:52:56 IST" duration-ms="0" status="PASS">
          <reporter-output>
          </reporter-output>
        </test-method> <!-- AfterMethod -->
        <test-method signature="VoyageInfo(java.lang.String,java.lang.String)[pri:0, instance:testClass.VoyageData@d5b810e]" started-at="2023-12-07T16:52:56 IST" name="VoyageInfo" data-provider="VoyageInfo" finished-at="2023-12-07T16:53:08 IST" duration-ms="11558" status="PASS">
          <params>
            <param index="0">
              <value>
                <![CDATA[BDEJ]]>
              </value>
            </param>
            <param index="1">
              <value>
                <![CDATA[Birte Oldendorff]]>
              </value>
            </param>
          </params>
          <reporter-output>
          </reporter-output>
        </test-method> <!-- VoyageInfo -->
        <test-method is-config="true" signature="AfterMethod()[pri:0, instance:testClass.VoyageData@d5b810e]" started-at="2023-12-07T16:53:08 IST" name="AfterMethod" finished-at="2023-12-07T16:53:08 IST" duration-ms="15" status="PASS">
          <reporter-output>
          </reporter-output>
        </test-method> <!-- AfterMethod -->
        <test-method signature="VoyageInfo(java.lang.String,java.lang.String)[pri:0, instance:testClass.VoyageData@d5b810e]" started-at="2023-12-07T16:53:08 IST" name="VoyageInfo" data-provider="VoyageInfo" finished-at="2023-12-07T16:53:42 IST" duration-ms="33748" status="PASS">
          <params>
            <param index="0">
              <value>
                <![CDATA[SBPJ]]>
              </value>
            </param>
            <param index="1">
              <value>
                <![CDATA[Lisbon Express]]>
              </value>
            </param>
          </params>
          <reporter-output>
          </reporter-output>
        </test-method> <!-- VoyageInfo -->
        <test-method is-config="true" signature="AfterMethod()[pri:0, instance:testClass.VoyageData@d5b810e]" started-at="2023-12-07T16:53:43 IST" name="AfterMethod" finished-at="2023-12-07T16:53:43 IST" duration-ms="8" status="PASS">
          <reporter-output>
          </reporter-output>
        </test-method> <!-- AfterMethod -->
        <test-method signature="VoyageInfo(java.lang.String,java.lang.String)[pri:0, instance:testClass.VoyageData@d5b810e]" started-at="2023-12-07T16:53:43 IST" name="VoyageInfo" data-provider="VoyageInfo" finished-at="2023-12-07T16:54:09 IST" duration-ms="26278" status="FAIL">
          <params>
            <param index="0">
              <value>
                <![CDATA[MA2J]]>
              </value>
            </param>
            <param index="1">
              <value>
                <![CDATA[Maipo]]>
              </value>
            </param>
          </params>
          <exception class="org.openqa.selenium.StaleElementReferenceException">
            <message>
              <![CDATA[stale element reference: stale element not found
  (Session info: chrome=119.0.6045.200)
For documentation on this error, please visit: https://www.seleniumhq.org/exceptions/stale_element_reference.html
Build info: version: '3.141.59', revision: 'e82be7d358', time: '2018-11-14T08:17:03'
System info: host: 'INNOL-019', ip: '192.168.1.20', os.name: 'Windows 11', os.arch: 'amd64', os.version: '10.0', java.version: '17.0.5'
Driver info: org.openqa.selenium.chrome.ChromeDriver
Capabilities {acceptInsecureCerts: false, browserName: chrome, browserVersion: 119.0.6045.200, chrome: {chromedriverVersion: 119.0.6045.105 (38c72552c5e..., userDataDir: C:\Users\Poonam\AppData\Loc...}, fedcm:accounts: true, goog:chromeOptions: {debuggerAddress: localhost:55687}, javascriptEnabled: true, networkConnectionEnabled: false, pageLoadStrategy: normal, platform: WINDOWS, platformName: WINDOWS, proxy: Proxy(), setWindowRect: true, strictFileInteractability: false, timeouts: {implicit: 0, pageLoad: 300000, script: 30000}, unhandledPromptBehavior: dismiss and notify, webauthn:extension:credBlob: true, webauthn:extension:largeBlob: true, webauthn:extension:minPinLength: true, webauthn:extension:prf: true, webauthn:virtualAuthenticators: true}
Session ID: 39096ccaba361931a8a1bf7aba67d3cc]]>
            </message>
            <full-stacktrace>
              <![CDATA[org.openqa.selenium.StaleElementReferenceException: stale element reference: stale element not found
  (Session info: chrome=119.0.6045.200)
For documentation on this error, please visit: https://www.seleniumhq.org/exceptions/stale_element_reference.html
Build info: version: '3.141.59', revision: 'e82be7d358', time: '2018-11-14T08:17:03'
System info: host: 'INNOL-019', ip: '192.168.1.20', os.name: 'Windows 11', os.arch: 'amd64', os.version: '10.0', java.version: '17.0.5'
Driver info: org.openqa.selenium.chrome.ChromeDriver
Capabilities {acceptInsecureCerts: false, browserName: chrome, browserVersion: 119.0.6045.200, chrome: {chromedriverVersion: 119.0.6045.105 (38c72552c5e..., userDataDir: C:\Users\Poonam\AppData\Loc...}, fedcm:accounts: true, goog:chromeOptions: {debuggerAddress: localhost:55687}, javascriptEnabled: true, networkConnectionEnabled: false, pageLoadStrategy: normal, platform: WINDOWS, platformName: WINDOWS, proxy: Proxy(), setWindowRect: true, strictFileInteractability: false, timeouts: {implicit: 0, pageLoad: 300000, script: 30000}, unhandledPromptBehavior: dismiss and notify, webauthn:extension:credBlob: true, webauthn:extension:largeBlob: true, webauthn:extension:minPinLength: true, webauthn:extension:prf: true, webauthn:virtualAuthenticators: true}
Session ID: 39096ccaba361931a8a1bf7aba67d3cc
at java.base/jdk.internal.reflect.NativeConstructorAccessorImpl.newInstance0(Native Method)
at java.base/jdk.internal.reflect.NativeConstructorAccessorImpl.newInstance(NativeConstructorAccessorImpl.java:77)
at java.base/jdk.internal.reflect.DelegatingConstructorAccessorImpl.newInstance(DelegatingConstructorAccessorImpl.java:45)
at java.base/java.lang.reflect.Constructor.newInstanceWithCaller(Constructor.java:499)
at java.base/java.lang.reflect.Constructor.newInstance(Constructor.java:480)
at org.openqa.selenium.remote.http.W3CHttpResponseCodec.createException(W3CHttpResponseCodec.java:187)
at org.openqa.selenium.remote.http.W3CHttpResponseCodec.decode(W3CHttpResponseCodec.java:122)
at org.openqa.selenium.remote.http.W3CHttpResponseCodec.decode(W3CHttpResponseCodec.java:49)
at org.openqa.selenium.remote.HttpCommandExecutor.execute(HttpCommandExecutor.java:158)
at org.openqa.selenium.remote.service.DriverCommandExecutor.execute(DriverCommandExecutor.java:83)
at org.openqa.selenium.remote.RemoteWebDriver.execute(RemoteWebDriver.java:552)
at org.openqa.selenium.remote.RemoteWebElement.execute(RemoteWebElement.java:285)
at org.openqa.selenium.remote.RemoteWebElement.isDisplayed(RemoteWebElement.java:326)
at jdk.internal.reflect.GeneratedMethodAccessor13.invoke(Unknown Source)
at java.base/jdk.internal.reflect.DelegatingMethodAccessorImpl.invoke(DelegatingMethodAccessorImpl.java:43)
at java.base/java.lang.reflect.Method.invoke(Method.java:568)
at org.openqa.selenium.support.pagefactory.internal.LocatingElementHandler.invoke(LocatingElementHandler.java:51)
at jdk.proxy2/jdk.proxy2.$Proxy15.isDisplayed(Unknown Source)
at org.openqa.selenium.support.ui.ExpectedConditions.elementIfVisible(ExpectedConditions.java:314)
at org.openqa.selenium.support.ui.ExpectedConditions.access$000(ExpectedConditions.java:43)
at org.openqa.selenium.support.ui.ExpectedConditions$10.apply(ExpectedConditions.java:300)
at org.openqa.selenium.support.ui.ExpectedConditions$10.apply(ExpectedConditions.java:297)
at org.openqa.selenium.support.ui.ExpectedConditions$23.apply(ExpectedConditions.java:670)
at org.openqa.selenium.support.ui.ExpectedConditions$23.apply(ExpectedConditions.java:666)
at org.openqa.selenium.support.ui.FluentWait.until(FluentWait.java:249)
at base.Base.eWait(Base.java:119)
at testClass.VoyageData.VoyageInfo(VoyageData.java:66)
at jdk.internal.reflect.GeneratedMethodAccessor86.invoke(Unknown Source)
at java.base/jdk.internal.reflect.DelegatingMethodAccessorImpl.invoke(DelegatingMethodAccessorImpl.java:43)
at java.base/java.lang.reflect.Method.invoke(Method.java:568)
at org.testng.internal.MethodInvocationHelper.invokeMethod(MethodInvocationHelper.java:133)
at org.testng.internal.TestInvoker.invokeMethod(TestInvoker.java:598)
at org.testng.internal.TestInvoker.invokeTestMethod(TestInvoker.java:173)
at org.testng.internal.MethodRunner.runInSequence(MethodRunner.java:46)
at org.testng.internal.TestInvoker$MethodInvocationAgent.invoke(TestInvoker.java:824)
at org.testng.internal.TestInvoker.invokeTestMethods(TestInvoker.java:146)
at org.testng.internal.TestMethodWorker.invokeTestMethods(TestMethodWorker.java:146)
at org.testng.internal.TestMethodWorker.run(TestMethodWorker.java:128)
at java.base/java.util.ArrayList.forEach(ArrayList.java:1511)
at org.testng.TestRunner.privateRun(TestRunner.java:794)
at org.testng.TestRunner.run(TestRunner.java:596)
at org.testng.SuiteRunner.runTest(SuiteRunner.java:377)
at org.testng.SuiteRunner.runSequentially(SuiteRunner.java:371)
at org.testng.SuiteRunner.privateRun(SuiteRunner.java:332)
at org.testng.SuiteRunner.run(SuiteRunner.java:276)
at org.testng.SuiteRunnerWorker.runSuite(SuiteRunnerWorker.java:53)
at org.testng.SuiteRunnerWorker.run(SuiteRunnerWorker.java:96)
at org.testng.TestNG.runSuitesSequentially(TestNG.java:1212)
at org.testng.TestNG.runSuitesLocally(TestNG.java:1134)
at org.testng.TestNG.runSuites(TestNG.java:1063)
at org.testng.TestNG.run(TestNG.java:1031)
at org.testng.remote.AbstractRemoteTestNG.run(AbstractRemoteTestNG.java:115)
at org.testng.remote.RemoteTestNG.initAndRun(RemoteTestNG.java:251)
at org.testng.remote.RemoteTestNG.main(RemoteTestNG.java:77)
]]>
            </full-stacktrace>
          </exception> <!-- org.openqa.selenium.StaleElementReferenceException -->
          <reporter-output>
          </reporter-output>
        </test-method> <!-- VoyageInfo -->
        <test-method is-config="true" signature="AfterMethod()[pri:0, instance:testClass.VoyageData@d5b810e]" started-at="2023-12-07T16:54:09 IST" name="AfterMethod" finished-at="2023-12-07T16:54:09 IST" duration-ms="0" status="PASS">
          <reporter-output>
          </reporter-output>
        </test-method> <!-- AfterMethod -->
        <test-method signature="VoyageInfo(java.lang.String,java.lang.String)[pri:0, instance:testClass.VoyageData@d5b810e]" started-at="2023-12-07T16:54:09 IST" name="VoyageInfo" data-provider="VoyageInfo" finished-at="2023-12-07T16:54:35 IST" duration-ms="25567" status="PASS">
          <params>
            <param index="0">
              <value>
                <![CDATA[TTEJ]]>
              </value>
            </param>
            <param index="1">
              <value>
                <![CDATA[Tolten]]>
              </value>
            </param>
          </params>
          <reporter-output>
          </reporter-output>
        </test-method> <!-- VoyageInfo -->
        <test-method signature="VoyageInfo(java.lang.String,java.lang.String)[pri:0, instance:testClass.VoyageData@d5b810e]" started-at="2023-12-07T16:54:36 IST" name="VoyageInfo" data-provider="VoyageInfo" finished-at="2023-12-07T16:55:03 IST" duration-ms="27742" status="PASS">
          <params>
            <param index="0">
              <value>
                <![CDATA[TENJ]]>
              </value>
            </param>
            <param index="1">
              <value>
                <![CDATA[Teno]]>
              </value>
            </param>
          </params>
          <reporter-output>
          </reporter-output>
        </test-method> <!-- VoyageInfo -->
        <test-method is-config="true" signature="AfterMethod()[pri:0, instance:testClass.VoyageData@d5b810e]" started-at="2023-12-07T16:54:36 IST" name="AfterMethod" finished-at="2023-12-07T16:54:36 IST" duration-ms="0" status="PASS">
          <reporter-output>
          </reporter-output>
        </test-method> <!-- AfterMethod -->
        <test-method is-config="true" signature="AfterMethod()[pri:0, instance:testClass.VoyageData@d5b810e]" started-at="2023-12-07T16:55:04 IST" name="AfterMethod" finished-at="2023-12-07T16:55:04 IST" duration-ms="0" status="PASS">
          <reporter-output>
          </reporter-output>
        </test-method> <!-- AfterMethod -->
        <test-method signature="VoyageInfo(java.lang.String,java.lang.String)[pri:0, instance:testClass.VoyageData@d5b810e]" started-at="2023-12-07T16:55:04 IST" name="VoyageInfo" data-provider="VoyageInfo" finished-at="2023-12-07T16:55:31 IST" duration-ms="27550" status="PASS">
          <params>
            <param index="0">
              <value>
                <![CDATA[MREJ]]>
              </value>
            </param>
            <param index="1">
              <value>
                <![CDATA[Montreal Express]]>
              </value>
            </param>
          </params>
          <reporter-output>
          </reporter-output>
        </test-method> <!-- VoyageInfo -->
        <test-method is-config="true" signature="AfterMethod()[pri:0, instance:testClass.VoyageData@d5b810e]" started-at="2023-12-07T16:55:32 IST" name="AfterMethod" finished-at="2023-12-07T16:55:32 IST" duration-ms="0" status="PASS">
          <reporter-output>
          </reporter-output>
        </test-method> <!-- AfterMethod -->
        <test-method signature="VoyageInfo(java.lang.String,java.lang.String)[pri:0, instance:testClass.VoyageData@d5b810e]" started-at="2023-12-07T16:55:32 IST" name="VoyageInfo" data-provider="VoyageInfo" finished-at="2023-12-07T16:55:57 IST" duration-ms="24860" status="PASS">
          <params>
            <param index="0">
              <value>
                <![CDATA[PANJ]]>
              </value>
            </param>
            <param index="1">
              <value>
                <![CDATA[Palena]]>
              </value>
            </param>
          </params>
          <reporter-output>
          </reporter-output>
        </test-method> <!-- VoyageInfo -->
        <test-method is-config="true" signature="AfterMethod()[pri:0, instance:testClass.VoyageData@d5b810e]" started-at="2023-12-07T16:55:57 IST" name="AfterMethod" finished-at="2023-12-07T16:55:57 IST" duration-ms="0" status="PASS">
          <reporter-output>
          </reporter-output>
        </test-method> <!-- AfterMethod -->
        <test-method signature="VoyageInfo(java.lang.String,java.lang.String)[pri:0, instance:testClass.VoyageData@d5b810e]" started-at="2023-12-07T16:55:57 IST" name="VoyageInfo" data-provider="VoyageInfo" finished-at="2023-12-07T16:56:26 IST" duration-ms="29292" status="PASS">
          <params>
            <param index="0">
              <value>
                <![CDATA[RDNJ]]>
              </value>
            </param>
            <param index="1">
              <value>
                <![CDATA[Rixta Oldendorff]]>
              </value>
            </param>
          </params>
          <reporter-output>
          </reporter-output>
        </test-method> <!-- VoyageInfo -->
        <test-method is-config="true" signature="AfterMethod()[pri:0, instance:testClass.VoyageData@d5b810e]" started-at="2023-12-07T16:56:27 IST" name="AfterMethod" finished-at="2023-12-07T16:56:27 IST" duration-ms="14" status="PASS">
          <reporter-output>
          </reporter-output>
        </test-method> <!-- AfterMethod -->
        <test-method signature="VoyageInfo(java.lang.String,java.lang.String)[pri:0, instance:testClass.VoyageData@d5b810e]" started-at="2023-12-07T16:56:27 IST" name="VoyageInfo" data-provider="VoyageInfo" finished-at="2023-12-07T16:56:43 IST" duration-ms="15680" status="PASS">
          <params>
            <param index="0">
              <value>
                <![CDATA[MNEJ]]>
              </value>
            </param>
            <param index="1">
              <value>
                <![CDATA[Milan Express (OOM)]]>
              </value>
            </param>
          </params>
          <reporter-output>
          </reporter-output>
        </test-method> <!-- VoyageInfo -->
        <test-method signature="VoyageInfo(java.lang.String,java.lang.String)[pri:0, instance:testClass.VoyageData@d5b810e]" started-at="2023-12-07T16:56:43 IST" name="VoyageInfo" data-provider="VoyageInfo" finished-at="2023-12-07T16:56:53 IST" duration-ms="9799" status="PASS">
          <params>
            <param index="0">
              <value>
                <![CDATA[TAEJ]]>
              </value>
            </param>
            <param index="1">
              <value>
                <![CDATA[Ottawa Express (OOM)]]>
              </value>
            </param>
          </params>
          <reporter-output>
          </reporter-output>
        </test-method> <!-- VoyageInfo -->
        <test-method is-config="true" signature="AfterMethod()[pri:0, instance:testClass.VoyageData@d5b810e]" started-at="2023-12-07T16:56:43 IST" name="AfterMethod" finished-at="2023-12-07T16:56:43 IST" duration-ms="0" status="PASS">
          <reporter-output>
          </reporter-output>
        </test-method> <!-- AfterMethod -->
        <test-method signature="VoyageInfo(java.lang.String,java.lang.String)[pri:0, instance:testClass.VoyageData@d5b810e]" started-at="2023-12-07T16:56:53 IST" name="VoyageInfo" data-provider="VoyageInfo" finished-at="2023-12-07T16:57:17 IST" duration-ms="23954" status="PASS">
          <params>
            <param index="0">
              <value>
                <![CDATA[MEHJ]]>
              </value>
            </param>
            <param index="1">
              <value>
                <![CDATA[Mehuin]]>
              </value>
            </param>
          </params>
          <reporter-output>
          </reporter-output>
        </test-method> <!-- VoyageInfo -->
        <test-method is-config="true" signature="AfterMethod()[pri:0, instance:testClass.VoyageData@d5b810e]" started-at="2023-12-07T16:56:53 IST" name="AfterMethod" finished-at="2023-12-07T16:56:53 IST" duration-ms="0" status="PASS">
          <reporter-output>
          </reporter-output>
        </test-method> <!-- AfterMethod -->
        <test-method signature="VoyageInfo(java.lang.String,java.lang.String)[pri:0, instance:testClass.VoyageData@d5b810e]" started-at="2023-12-07T16:57:17 IST" name="VoyageInfo" data-provider="VoyageInfo" finished-at="2023-12-07T16:57:45 IST" duration-ms="27038" status="PASS">
          <params>
            <param index="0">
              <value>
                <![CDATA[LEPJ]]>
              </value>
            </param>
            <param index="1">
              <value>
                <![CDATA[London Express]]>
              </value>
            </param>
          </params>
          <reporter-output>
          </reporter-output>
        </test-method> <!-- VoyageInfo -->
        <test-method is-config="true" signature="AfterMethod()[pri:0, instance:testClass.VoyageData@d5b810e]" started-at="2023-12-07T16:57:17 IST" name="AfterMethod" finished-at="2023-12-07T16:57:17 IST" duration-ms="0" status="PASS">
          <reporter-output>
          </reporter-output>
        </test-method> <!-- AfterMethod -->
        <test-method signature="VoyageInfo(java.lang.String,java.lang.String)[pri:0, instance:testClass.VoyageData@d5b810e]" started-at="2023-12-07T16:57:45 IST" name="VoyageInfo" data-provider="VoyageInfo" finished-at="2023-12-07T16:57:54 IST" duration-ms="9264" status="PASS">
          <params>
            <param index="0">
              <value>
                <![CDATA[MGEJ]]>
              </value>
            </param>
            <param index="1">
              <value>
                <![CDATA[Mississauga Express (OOM)]]>
              </value>
            </param>
          </params>
          <reporter-output>
          </reporter-output>
        </test-method> <!-- VoyageInfo -->
        <test-method is-config="true" signature="AfterMethod()[pri:0, instance:testClass.VoyageData@d5b810e]" started-at="2023-12-07T16:57:45 IST" name="AfterMethod" finished-at="2023-12-07T16:57:45 IST" duration-ms="0" status="PASS">
          <reporter-output>
          </reporter-output>
        </test-method> <!-- AfterMethod -->
        <test-method signature="VoyageInfo(java.lang.String,java.lang.String)[pri:0, instance:testClass.VoyageData@d5b810e]" started-at="2023-12-07T16:57:55 IST" name="VoyageInfo" data-provider="VoyageInfo" finished-at="2023-12-07T16:58:04 IST" duration-ms="9512" status="PASS">
          <params>
            <param index="0">
              <value>
                <![CDATA[QEXJ]]>
              </value>
            </param>
            <param index="1">
              <value>
                <![CDATA[Quebec Express]]>
              </value>
            </param>
          </params>
          <reporter-output>
          </reporter-output>
        </test-method> <!-- VoyageInfo -->
        <test-method is-config="true" signature="AfterMethod()[pri:0, instance:testClass.VoyageData@d5b810e]" started-at="2023-12-07T16:57:55 IST" name="AfterMethod" finished-at="2023-12-07T16:57:55 IST" duration-ms="0" status="PASS">
          <reporter-output>
          </reporter-output>
        </test-method> <!-- AfterMethod -->
        <test-method is-config="true" signature="AfterMethod()[pri:0, instance:testClass.VoyageData@d5b810e]" started-at="2023-12-07T16:58:05 IST" name="AfterMethod" finished-at="2023-12-07T16:58:05 IST" duration-ms="0" status="PASS">
          <reporter-output>
          </reporter-output>
        </test-method> <!-- AfterMethod -->
        <test-method signature="VoyageInfo(java.lang.String,java.lang.String)[pri:0, instance:testClass.VoyageData@d5b810e]" started-at="2023-12-07T16:58:05 IST" name="VoyageInfo" data-provider="VoyageInfo" finished-at="2023-12-07T16:58:20 IST" duration-ms="15568" status="PASS">
          <params>
            <param index="0">
              <value>
                <![CDATA[DBTX]]>
              </value>
            </param>
            <param index="1">
              <value>
                <![CDATA[Delphis Bothnia]]>
              </value>
            </param>
          </params>
          <reporter-output>
          </reporter-output>
        </test-method> <!-- VoyageInfo -->
        <test-method is-config="true" signature="AfterMethod()[pri:0, instance:testClass.VoyageData@d5b810e]" started-at="2023-12-07T16:58:21 IST" name="AfterMethod" finished-at="2023-12-07T16:58:21 IST" duration-ms="0" status="PASS">
          <reporter-output>
          </reporter-output>
        </test-method> <!-- AfterMethod -->
        <test-method signature="VoyageInfo(java.lang.String,java.lang.String)[pri:0, instance:testClass.VoyageData@d5b810e]" started-at="2023-12-07T16:58:21 IST" name="VoyageInfo" data-provider="VoyageInfo" finished-at="2023-12-07T16:58:41 IST" duration-ms="20288" status="PASS">
          <params>
            <param index="0">
              <value>
                <![CDATA[DFAX]]>
              </value>
            </param>
            <param index="1">
              <value>
                <![CDATA[Delphis Finland]]>
              </value>
            </param>
          </params>
          <reporter-output>
          </reporter-output>
        </test-method> <!-- VoyageInfo -->
        <test-method signature="VoyageInfo(java.lang.String,java.lang.String)[pri:0, instance:testClass.VoyageData@d5b810e]" started-at="2023-12-07T16:58:41 IST" name="VoyageInfo" data-provider="VoyageInfo" finished-at="2023-12-07T16:59:05 IST" duration-ms="23538" status="PASS">
          <params>
            <param index="0">
              <value>
                <![CDATA[TAUJ]]>
              </value>
            </param>
            <param index="1">
              <value>
                <![CDATA[Tirua]]>
              </value>
            </param>
          </params>
          <reporter-output>
          </reporter-output>
        </test-method> <!-- VoyageInfo -->
        <test-method is-config="true" signature="AfterMethod()[pri:0, instance:testClass.VoyageData@d5b810e]" started-at="2023-12-07T16:58:41 IST" name="AfterMethod" finished-at="2023-12-07T16:58:41 IST" duration-ms="0" status="PASS">
          <reporter-output>
          </reporter-output>
        </test-method> <!-- AfterMethod -->
        <test-method is-config="true" signature="AfterMethod()[pri:0, instance:testClass.VoyageData@d5b810e]" started-at="2023-12-07T16:59:05 IST" name="AfterMethod" finished-at="2023-12-07T16:59:05 IST" duration-ms="0" status="PASS">
          <reporter-output>
          </reporter-output>
        </test-method> <!-- AfterMethod -->
        <test-method signature="VoyageInfo(java.lang.String,java.lang.String)[pri:0, instance:testClass.VoyageData@d5b810e]" started-at="2023-12-07T16:59:05 IST" name="VoyageInfo" data-provider="VoyageInfo" finished-at="2023-12-07T16:59:28 IST" duration-ms="23116" status="PASS">
          <params>
            <param index="0">
              <value>
                <![CDATA[TUCJ]]>
              </value>
            </param>
            <param index="1">
              <value>
                <![CDATA[Tucapel]]>
              </value>
            </param>
          </params>
          <reporter-output>
          </reporter-output>
        </test-method> <!-- VoyageInfo -->
        <test-method signature="VoyageInfo(java.lang.String,java.lang.String)[pri:0, instance:testClass.VoyageData@d5b810e]" started-at="2023-12-07T16:59:29 IST" name="VoyageInfo" data-provider="VoyageInfo" finished-at="2023-12-07T16:59:55 IST" duration-ms="26717" status="PASS">
          <params>
            <param index="0">
              <value>
                <![CDATA[TUBJ]]>
              </value>
            </param>
            <param index="1">
              <value>
                <![CDATA[Tubul]]>
              </value>
            </param>
          </params>
          <reporter-output>
          </reporter-output>
        </test-method> <!-- VoyageInfo -->
        <test-method is-config="true" signature="AfterMethod()[pri:0, instance:testClass.VoyageData@d5b810e]" started-at="2023-12-07T16:59:29 IST" name="AfterMethod" finished-at="2023-12-07T16:59:29 IST" duration-ms="0" status="PASS">
          <reporter-output>
          </reporter-output>
        </test-method> <!-- AfterMethod -->
        <test-method signature="VoyageInfo(java.lang.String,java.lang.String)[pri:0, instance:testClass.VoyageData@d5b810e]" started-at="2023-12-07T16:59:56 IST" name="VoyageInfo" data-provider="VoyageInfo" finished-at="2023-12-07T17:00:22 IST" duration-ms="25862" status="PASS">
          <params>
            <param index="0">
              <value>
                <![CDATA[VEEJ]]>
              </value>
            </param>
            <param index="1">
              <value>
                <![CDATA[Valencia Express]]>
              </value>
            </param>
          </params>
          <reporter-output>
          </reporter-output>
        </test-method> <!-- VoyageInfo -->
        <test-method is-config="true" signature="AfterMethod()[pri:0, instance:testClass.VoyageData@d5b810e]" started-at="2023-12-07T16:59:56 IST" name="AfterMethod" finished-at="2023-12-07T16:59:56 IST" duration-ms="0" status="PASS">
          <reporter-output>
          </reporter-output>
        </test-method> <!-- AfterMethod -->
        <test-method is-config="true" signature="AfterMethod()[pri:0, instance:testClass.VoyageData@d5b810e]" started-at="2023-12-07T17:00:22 IST" name="AfterMethod" finished-at="2023-12-07T17:00:22 IST" duration-ms="0" status="PASS">
          <reporter-output>
          </reporter-output>
        </test-method> <!-- AfterMethod -->
        <test-method signature="VoyageInfo(java.lang.String,java.lang.String)[pri:0, instance:testClass.VoyageData@d5b810e]" started-at="2023-12-07T17:00:22 IST" name="VoyageInfo" data-provider="VoyageInfo" finished-at="2023-12-07T17:00:52 IST" duration-ms="30262" status="PASS">
          <params>
            <param index="0">
              <value>
                <![CDATA[TEMJ]]>
              </value>
            </param>
            <param index="1">
              <value>
                <![CDATA[Tempanos]]>
              </value>
            </param>
          </params>
          <reporter-output>
          </reporter-output>
        </test-method> <!-- VoyageInfo -->
        <test-method is-config="true" signature="AfterMethod()[pri:0, instance:testClass.VoyageData@d5b810e]" started-at="2023-12-07T17:00:53 IST" name="AfterMethod" finished-at="2023-12-07T17:00:53 IST" duration-ms="0" status="PASS">
          <reporter-output>
          </reporter-output>
        </test-method> <!-- AfterMethod -->
        <test-method signature="VoyageInfo(java.lang.String,java.lang.String)[pri:0, instance:testClass.VoyageData@d5b810e]" started-at="2023-12-07T17:00:53 IST" name="VoyageInfo" data-provider="VoyageInfo" finished-at="2023-12-07T17:01:17 IST" duration-ms="23669" status="FAIL">
          <params>
            <param index="0">
              <value>
                <![CDATA[TEXJ]]>
              </value>
            </param>
            <param index="1">
              <value>
                <![CDATA[Toronto Express]]>
              </value>
            </param>
          </params>
          <exception class="org.openqa.selenium.StaleElementReferenceException">
            <message>
              <![CDATA[stale element reference: stale element not found
  (Session info: chrome=119.0.6045.200)
For documentation on this error, please visit: https://www.seleniumhq.org/exceptions/stale_element_reference.html
Build info: version: '3.141.59', revision: 'e82be7d358', time: '2018-11-14T08:17:03'
System info: host: 'INNOL-019', ip: '192.168.1.20', os.name: 'Windows 11', os.arch: 'amd64', os.version: '10.0', java.version: '17.0.5'
Driver info: org.openqa.selenium.chrome.ChromeDriver
Capabilities {acceptInsecureCerts: false, browserName: chrome, browserVersion: 119.0.6045.200, chrome: {chromedriverVersion: 119.0.6045.105 (38c72552c5e..., userDataDir: C:\Users\Poonam\AppData\Loc...}, fedcm:accounts: true, goog:chromeOptions: {debuggerAddress: localhost:55687}, javascriptEnabled: true, networkConnectionEnabled: false, pageLoadStrategy: normal, platform: WINDOWS, platformName: WINDOWS, proxy: Proxy(), setWindowRect: true, strictFileInteractability: false, timeouts: {implicit: 0, pageLoad: 300000, script: 30000}, unhandledPromptBehavior: dismiss and notify, webauthn:extension:credBlob: true, webauthn:extension:largeBlob: true, webauthn:extension:minPinLength: true, webauthn:extension:prf: true, webauthn:virtualAuthenticators: true}
Session ID: 39096ccaba361931a8a1bf7aba67d3cc]]>
            </message>
            <full-stacktrace>
              <![CDATA[org.openqa.selenium.StaleElementReferenceException: stale element reference: stale element not found
  (Session info: chrome=119.0.6045.200)
For documentation on this error, please visit: https://www.seleniumhq.org/exceptions/stale_element_reference.html
Build info: version: '3.141.59', revision: 'e82be7d358', time: '2018-11-14T08:17:03'
System info: host: 'INNOL-019', ip: '192.168.1.20', os.name: 'Windows 11', os.arch: 'amd64', os.version: '10.0', java.version: '17.0.5'
Driver info: org.openqa.selenium.chrome.ChromeDriver
Capabilities {acceptInsecureCerts: false, browserName: chrome, browserVersion: 119.0.6045.200, chrome: {chromedriverVersion: 119.0.6045.105 (38c72552c5e..., userDataDir: C:\Users\Poonam\AppData\Loc...}, fedcm:accounts: true, goog:chromeOptions: {debuggerAddress: localhost:55687}, javascriptEnabled: true, networkConnectionEnabled: false, pageLoadStrategy: normal, platform: WINDOWS, platformName: WINDOWS, proxy: Proxy(), setWindowRect: true, strictFileInteractability: false, timeouts: {implicit: 0, pageLoad: 300000, script: 30000}, unhandledPromptBehavior: dismiss and notify, webauthn:extension:credBlob: true, webauthn:extension:largeBlob: true, webauthn:extension:minPinLength: true, webauthn:extension:prf: true, webauthn:virtualAuthenticators: true}
Session ID: 39096ccaba361931a8a1bf7aba67d3cc
at java.base/jdk.internal.reflect.NativeConstructorAccessorImpl.newInstance0(Native Method)
at java.base/jdk.internal.reflect.NativeConstructorAccessorImpl.newInstance(NativeConstructorAccessorImpl.java:77)
at java.base/jdk.internal.reflect.DelegatingConstructorAccessorImpl.newInstance(DelegatingConstructorAccessorImpl.java:45)
at java.base/java.lang.reflect.Constructor.newInstanceWithCaller(Constructor.java:499)
at java.base/java.lang.reflect.Constructor.newInstance(Constructor.java:480)
at org.openqa.selenium.remote.http.W3CHttpResponseCodec.createException(W3CHttpResponseCodec.java:187)
at org.openqa.selenium.remote.http.W3CHttpResponseCodec.decode(W3CHttpResponseCodec.java:122)
at org.openqa.selenium.remote.http.W3CHttpResponseCodec.decode(W3CHttpResponseCodec.java:49)
at org.openqa.selenium.remote.HttpCommandExecutor.execute(HttpCommandExecutor.java:158)
at org.openqa.selenium.remote.service.DriverCommandExecutor.execute(DriverCommandExecutor.java:83)
at org.openqa.selenium.remote.RemoteWebDriver.execute(RemoteWebDriver.java:552)
at org.openqa.selenium.remote.RemoteWebElement.execute(RemoteWebElement.java:285)
at org.openqa.selenium.remote.RemoteWebElement.getText(RemoteWebElement.java:166)
at jdk.internal.reflect.GeneratedMethodAccessor61.invoke(Unknown Source)
at java.base/jdk.internal.reflect.DelegatingMethodAccessorImpl.invoke(DelegatingMethodAccessorImpl.java:43)
at java.base/java.lang.reflect.Method.invoke(Method.java:568)
at org.openqa.selenium.support.pagefactory.internal.LocatingElementHandler.invoke(LocatingElementHandler.java:51)
at jdk.proxy2/jdk.proxy2.$Proxy15.getText(Unknown Source)
at base.Base.getPageText(Base.java:113)
at testClass.VoyageData.VoyageInfo(VoyageData.java:67)
at jdk.internal.reflect.GeneratedMethodAccessor86.invoke(Unknown Source)
at java.base/jdk.internal.reflect.DelegatingMethodAccessorImpl.invoke(DelegatingMethodAccessorImpl.java:43)
at java.base/java.lang.reflect.Method.invoke(Method.java:568)
at org.testng.internal.MethodInvocationHelper.invokeMethod(MethodInvocationHelper.java:133)
at org.testng.internal.TestInvoker.invokeMethod(TestInvoker.java:598)
at org.testng.internal.TestInvoker.invokeTestMethod(TestInvoker.java:173)
at org.testng.internal.MethodRunner.runInSequence(MethodRunner.java:46)
at org.testng.internal.TestInvoker$MethodInvocationAgent.invoke(TestInvoker.java:824)
at org.testng.internal.TestInvoker.invokeTestMethods(TestInvoker.java:146)
at org.testng.internal.TestMethodWorker.invokeTestMethods(TestMethodWorker.java:146)
at org.testng.internal.TestMethodWorker.run(TestMethodWorker.java:128)
at java.base/java.util.ArrayList.forEach(ArrayList.java:1511)
at org.testng.TestRunner.privateRun(TestRunner.java:794)
at org.testng.TestRunner.run(TestRunner.java:596)
at org.testng.SuiteRunner.runTest(SuiteRunner.java:377)
at org.testng.SuiteRunner.runSequentially(SuiteRunner.java:371)
at org.testng.SuiteRunner.privateRun(SuiteRunner.java:332)
at org.testng.SuiteRunner.run(SuiteRunner.java:276)
at org.testng.SuiteRunnerWorker.runSuite(SuiteRunnerWorker.java:53)
at org.testng.SuiteRunnerWorker.run(SuiteRunnerWorker.java:96)
at org.testng.TestNG.runSuitesSequentially(TestNG.java:1212)
at org.testng.TestNG.runSuitesLocally(TestNG.java:1134)
at org.testng.TestNG.runSuites(TestNG.java:1063)
at org.testng.TestNG.run(TestNG.java:1031)
at org.testng.remote.AbstractRemoteTestNG.run(AbstractRemoteTestNG.java:115)
at org.testng.remote.RemoteTestNG.initAndRun(RemoteTestNG.java:251)
at org.testng.remote.RemoteTestNG.main(RemoteTestNG.java:77)
]]>
            </full-stacktrace>
          </exception> <!-- org.openqa.selenium.StaleElementReferenceException -->
          <reporter-output>
          </reporter-output>
        </test-method> <!-- VoyageInfo -->
        <test-method signature="VoyageInfo(java.lang.String,java.lang.String)[pri:0, instance:testClass.VoyageData@d5b810e]" started-at="2023-12-07T17:01:17 IST" name="VoyageInfo" data-provider="VoyageInfo" finished-at="2023-12-07T17:01:52 IST" duration-ms="35439" status="PASS">
          <params>
            <param index="0">
              <value>
                <![CDATA[MN2J]]>
              </value>
            </param>
            <param index="1">
              <value>
                <![CDATA[Maersk Niamey]]>
              </value>
            </param>
          </params>
          <reporter-output>
          </reporter-output>
        </test-method> <!-- VoyageInfo -->
        <test-method is-config="true" signature="AfterMethod()[pri:0, instance:testClass.VoyageData@d5b810e]" started-at="2023-12-07T17:01:17 IST" name="AfterMethod" finished-at="2023-12-07T17:01:17 IST" duration-ms="0" status="PASS">
          <reporter-output>
          </reporter-output>
        </test-method> <!-- AfterMethod -->
        <test-method is-config="true" signature="AfterMethod()[pri:0, instance:testClass.VoyageData@d5b810e]" started-at="2023-12-07T17:01:53 IST" name="AfterMethod" finished-at="2023-12-07T17:01:53 IST" duration-ms="0" status="PASS">
          <reporter-output>
          </reporter-output>
        </test-method> <!-- AfterMethod -->
        <test-method signature="VoyageInfo(java.lang.String,java.lang.String)[pri:0, instance:testClass.VoyageData@d5b810e]" started-at="2023-12-07T17:01:53 IST" name="VoyageInfo" data-provider="VoyageInfo" finished-at="2023-12-07T17:03:24 IST" duration-ms="90941" status="FAIL">
          <params>
            <param index="0">
              <value>
                <![CDATA[RDEJ]]>
              </value>
            </param>
            <param index="1">
              <value>
                <![CDATA[Regina Oldendorff]]>
              </value>
            </param>
          </params>
          <exception class="org.openqa.selenium.TimeoutException">
            <message>
              <![CDATA[Expected condition failed: waiting for element to be clickable: Proxy element for: DefaultElementLocator 'By.xpath: //*[@id='root']/div/div/div[3]/nav/div[2]/div/div[1]/div/div[2]/div/div/input' (tried for 50 second(s) with 500 milliseconds interval)]]>
            </message>
            <full-stacktrace>
              <![CDATA[org.openqa.selenium.TimeoutException: Expected condition failed: waiting for element to be clickable: Proxy element for: DefaultElementLocator 'By.xpath: //*[@id='root']/div/div/div[3]/nav/div[2]/div/div[1]/div/div[2]/div/div/input' (tried for 50 second(s) with 500 milliseconds interval)
at org.openqa.selenium.support.ui.WebDriverWait.timeoutException(WebDriverWait.java:95)
at org.openqa.selenium.support.ui.FluentWait.until(FluentWait.java:272)
at base.Base.eWait(Base.java:119)
at testClass.VoyageData.VoyageInfo(VoyageData.java:46)
at jdk.internal.reflect.GeneratedMethodAccessor86.invoke(Unknown Source)
at java.base/jdk.internal.reflect.DelegatingMethodAccessorImpl.invoke(DelegatingMethodAccessorImpl.java:43)
at java.base/java.lang.reflect.Method.invoke(Method.java:568)
at org.testng.internal.MethodInvocationHelper.invokeMethod(MethodInvocationHelper.java:133)
at org.testng.internal.TestInvoker.invokeMethod(TestInvoker.java:598)
at org.testng.internal.TestInvoker.invokeTestMethod(TestInvoker.java:173)
at org.testng.internal.MethodRunner.runInSequence(MethodRunner.java:46)
at org.testng.internal.TestInvoker$MethodInvocationAgent.invoke(TestInvoker.java:824)
at org.testng.internal.TestInvoker.invokeTestMethods(TestInvoker.java:146)
at org.testng.internal.TestMethodWorker.invokeTestMethods(TestMethodWorker.java:146)
at org.testng.internal.TestMethodWorker.run(TestMethodWorker.java:128)
at java.base/java.util.ArrayList.forEach(ArrayList.java:1511)
at org.testng.TestRunner.privateRun(TestRunner.java:794)
at org.testng.TestRunner.run(TestRunner.java:596)
at org.testng.SuiteRunner.runTest(SuiteRunner.java:377)
at org.testng.SuiteRunner.runSequentially(SuiteRunner.java:371)
at org.testng.SuiteRunner.privateRun(SuiteRunner.java:332)
at org.testng.SuiteRunner.run(SuiteRunner.java:276)
at org.testng.SuiteRunnerWorker.runSuite(SuiteRunnerWorker.java:53)
at org.testng.SuiteRunnerWorker.run(SuiteRunnerWorker.java:96)
at org.testng.TestNG.runSuitesSequentially(TestNG.java:1212)
at org.testng.TestNG.runSuitesLocally(TestNG.java:1134)
at org.testng.TestNG.runSuites(TestNG.java:1063)
at org.testng.TestNG.run(TestNG.java:1031)
at org.testng.remote.AbstractRemoteTestNG.run(AbstractRemoteTestNG.java:115)
at org.testng.remote.RemoteTestNG.initAndRun(RemoteTestNG.java:251)
at org.testng.remote.RemoteTestNG.main(RemoteTestNG.java:77)
Caused by: org.openqa.selenium.NoSuchElementException: no such element: Unable to locate element: {"method":"xpath","selector":"//*[@id='root']/div/div/div[3]/nav/div[2]/div/div[1]/div/div[2]/div/div/input"}
  (Session info: chrome=119.0.6045.200)
For documentation on this error, please visit: https://www.seleniumhq.org/exceptions/no_such_element.html
Build info: version: '3.141.59', revision: 'e82be7d358', time: '2018-11-14T08:17:03'
System info: host: 'INNOL-019', ip: '192.168.1.20', os.name: 'Windows 11', os.arch: 'amd64', os.version: '10.0', java.version: '17.0.5'
Driver info: org.openqa.selenium.chrome.ChromeDriver
Capabilities {acceptInsecureCerts: false, browserName: chrome, browserVersion: 119.0.6045.200, chrome: {chromedriverVersion: 119.0.6045.105 (38c72552c5e..., userDataDir: C:\Users\Poonam\AppData\Loc...}, fedcm:accounts: true, goog:chromeOptions: {debuggerAddress: localhost:55687}, javascriptEnabled: true, networkConnectionEnabled: false, pageLoadStrategy: normal, platform: WINDOWS, platformName: WINDOWS, proxy: Proxy(), setWindowRect: true, strictFileInteractability: false, timeouts: {implicit: 0, pageLoad: 300000, script: 30000}, unhandledPromptBehavior: dismiss and notify, webauthn:extension:credBlob: true, webauthn:extension:largeBlob: true, webauthn:extension:minPinLength: true, webauthn:extension:prf: true, webauthn:virtualAuthenticators: true}
Session ID: 39096ccaba361931a8a1bf7aba67d3cc
*** Element info: {Using=xpath, value=//*[@id='root']/div/div/div[3]/nav/div[2]/div/div[1]/div/div[2]/div/div/input}
at java.base/jdk.internal.reflect.NativeConstructorAccessorImpl.newInstance0(Native Method)
at java.base/jdk.internal.reflect.NativeConstructorAccessorImpl.newInstance(NativeConstructorAccessorImpl.java:77)
at java.base/jdk.internal.reflect.DelegatingConstructorAccessorImpl.newInstance(DelegatingConstructorAccessorImpl.java:45)
at java.base/java.lang.reflect.Constructor.newInstanceWithCaller(Constructor.java:499)
at java.base/java.lang.reflect.Constructor.newInstance(Constructor.java:480)
at org.openqa.selenium.remote.http.W3CHttpResponseCodec.createException(W3CHttpResponseCodec.java:187)
at org.openqa.selenium.remote.http.W3CHttpResponseCodec.decode(W3CHttpResponseCodec.java:122)
at org.openqa.selenium.remote.http.W3CHttpResponseCodec.decode(W3CHttpResponseCodec.java:49)
at org.openqa.selenium.remote.HttpCommandExecutor.execute(HttpCommandExecutor.java:158)
at org.openqa.selenium.remote.service.DriverCommandExecutor.execute(DriverCommandExecutor.java:83)
at org.openqa.selenium.remote.RemoteWebDriver.execute(RemoteWebDriver.java:552)
at org.openqa.selenium.remote.RemoteWebDriver.findElement(RemoteWebDriver.java:323)
at org.openqa.selenium.remote.RemoteWebDriver.findElementByXPath(RemoteWebDriver.java:428)
at org.openqa.selenium.By$ByXPath.findElement(By.java:353)
at org.openqa.selenium.remote.RemoteWebDriver.findElement(RemoteWebDriver.java:315)
at org.openqa.selenium.support.pagefactory.DefaultElementLocator.findElement(DefaultElementLocator.java:69)
at org.openqa.selenium.support.pagefactory.internal.LocatingElementHandler.invoke(LocatingElementHandler.java:38)
at jdk.proxy2/jdk.proxy2.$Proxy15.isDisplayed(Unknown Source)
at org.openqa.selenium.support.ui.ExpectedConditions.elementIfVisible(ExpectedConditions.java:314)
at org.openqa.selenium.support.ui.ExpectedConditions.access$000(ExpectedConditions.java:43)
at org.openqa.selenium.support.ui.ExpectedConditions$10.apply(ExpectedConditions.java:300)
at org.openqa.selenium.support.ui.ExpectedConditions$10.apply(ExpectedConditions.java:297)
at org.openqa.selenium.support.ui.ExpectedConditions$23.apply(ExpectedConditions.java:670)
at org.openqa.selenium.support.ui.ExpectedConditions$23.apply(ExpectedConditions.java:666)
at org.openqa.selenium.support.ui.FluentWait.until(FluentWait.java:249)
... 29 more
]]>
            </full-stacktrace>
          </exception> <!-- org.openqa.selenium.TimeoutException -->
          <reporter-output>
          </reporter-output>
        </test-method> <!-- VoyageInfo -->
        <test-method is-config="true" signature="AfterMethod()[pri:0, instance:testClass.VoyageData@d5b810e]" started-at="2023-12-07T17:03:24 IST" name="AfterMethod" finished-at="2023-12-07T17:03:24 IST" duration-ms="0" status="PASS">
          <reporter-output>
          </reporter-output>
        </test-method> <!-- AfterMethod -->
        <test-method signature="VoyageInfo(java.lang.String,java.lang.String)[pri:0, instance:testClass.VoyageData@d5b810e]" started-at="2023-12-07T17:03:24 IST" name="VoyageInfo" data-provider="VoyageInfo" finished-at="2023-12-07T17:04:00 IST" duration-ms="36050" status="PASS">
          <params>
            <param index="0">
              <value>
                <![CDATA[TRRJ]]>
              </value>
            </param>
            <param index="1">
              <value>
                <![CDATA[Torrente]]>
              </value>
            </param>
          </params>
          <reporter-output>
          </reporter-output>
        </test-method> <!-- VoyageInfo -->
        <test-method is-config="true" signature="AfterMethod()[pri:0, instance:testClass.VoyageData@d5b810e]" started-at="2023-12-07T17:04:01 IST" name="AfterMethod" finished-at="2023-12-07T17:04:01 IST" duration-ms="0" status="PASS">
          <reporter-output>
          </reporter-output>
        </test-method> <!-- AfterMethod -->
        <test-method signature="VoyageInfo(java.lang.String,java.lang.String)[pri:0, instance:testClass.VoyageData@d5b810e]" started-at="2023-12-07T17:04:01 IST" name="VoyageInfo" data-provider="VoyageInfo" finished-at="2023-12-07T17:04:21 IST" duration-ms="19605" status="PASS">
          <params>
            <param index="0">
              <value>
                <![CDATA[DRAX]]>
              </value>
            </param>
            <param index="1">
              <value>
                <![CDATA[Delphis Riga]]>
              </value>
            </param>
          </params>
          <reporter-output>
          </reporter-output>
        </test-method> <!-- VoyageInfo -->
        <test-method is-config="true" signature="AfterMethod()[pri:0, instance:testClass.VoyageData@d5b810e]" started-at="2023-12-07T17:04:21 IST" name="AfterMethod" finished-at="2023-12-07T17:04:21 IST" duration-ms="1" status="PASS">
          <reporter-output>
          </reporter-output>
        </test-method> <!-- AfterMethod -->
        <test-method signature="VoyageInfo(java.lang.String,java.lang.String)[pri:0, instance:testClass.VoyageData@d5b810e]" started-at="2023-12-07T17:04:21 IST" name="VoyageInfo" data-provider="VoyageInfo" finished-at="2023-12-07T17:04:55 IST" duration-ms="33714" status="PASS">
          <params>
            <param index="0">
              <value>
                <![CDATA[MN1J]]>
              </value>
            </param>
            <param index="1">
              <value>
                <![CDATA[Maersk Niagara]]>
              </value>
            </param>
          </params>
          <reporter-output>
          </reporter-output>
        </test-method> <!-- VoyageInfo -->
        <test-method is-config="true" signature="AfterMethod()[pri:0, instance:testClass.VoyageData@d5b810e]" started-at="2023-12-07T17:04:55 IST" name="AfterMethod" finished-at="2023-12-07T17:04:55 IST" duration-ms="0" status="PASS">
          <reporter-output>
          </reporter-output>
        </test-method> <!-- AfterMethod -->
        <test-method signature="VoyageInfo(java.lang.String,java.lang.String)[pri:0, instance:testClass.VoyageData@d5b810e]" started-at="2023-12-07T17:04:55 IST" name="VoyageInfo" data-provider="VoyageInfo" finished-at="2023-12-07T17:06:26 IST" duration-ms="90980" status="FAIL">
          <params>
            <param index="0">
              <value>
                <![CDATA[DGDX]]>
              </value>
            </param>
            <param index="1">
              <value>
                <![CDATA[Delphis Gdansk]]>
              </value>
            </param>
          </params>
          <exception class="org.openqa.selenium.TimeoutException">
            <message>
              <![CDATA[Expected condition failed: waiting for element to be clickable: Proxy element for: DefaultElementLocator 'By.xpath: //*[@id='root']/div/div/div[3]/nav/div[2]/div/div[1]/div/div[2]/div/div/input' (tried for 50 second(s) with 500 milliseconds interval)]]>
            </message>
            <full-stacktrace>
              <![CDATA[org.openqa.selenium.TimeoutException: Expected condition failed: waiting for element to be clickable: Proxy element for: DefaultElementLocator 'By.xpath: //*[@id='root']/div/div/div[3]/nav/div[2]/div/div[1]/div/div[2]/div/div/input' (tried for 50 second(s) with 500 milliseconds interval)
at org.openqa.selenium.support.ui.WebDriverWait.timeoutException(WebDriverWait.java:95)
at org.openqa.selenium.support.ui.FluentWait.until(FluentWait.java:272)
at base.Base.eWait(Base.java:119)
at testClass.VoyageData.VoyageInfo(VoyageData.java:46)
at jdk.internal.reflect.GeneratedMethodAccessor86.invoke(Unknown Source)
at java.base/jdk.internal.reflect.DelegatingMethodAccessorImpl.invoke(DelegatingMethodAccessorImpl.java:43)
at java.base/java.lang.reflect.Method.invoke(Method.java:568)
at org.testng.internal.MethodInvocationHelper.invokeMethod(MethodInvocationHelper.java:133)
at org.testng.internal.TestInvoker.invokeMethod(TestInvoker.java:598)
at org.testng.internal.TestInvoker.invokeTestMethod(TestInvoker.java:173)
at org.testng.internal.MethodRunner.runInSequence(MethodRunner.java:46)
at org.testng.internal.TestInvoker$MethodInvocationAgent.invoke(TestInvoker.java:824)
at org.testng.internal.TestInvoker.invokeTestMethods(TestInvoker.java:146)
at org.testng.internal.TestMethodWorker.invokeTestMethods(TestMethodWorker.java:146)
at org.testng.internal.TestMethodWorker.run(TestMethodWorker.java:128)
at java.base/java.util.ArrayList.forEach(ArrayList.java:1511)
at org.testng.TestRunner.privateRun(TestRunner.java:794)
at org.testng.TestRunner.run(TestRunner.java:596)
at org.testng.SuiteRunner.runTest(SuiteRunner.java:377)
at org.testng.SuiteRunner.runSequentially(SuiteRunner.java:371)
at org.testng.SuiteRunner.privateRun(SuiteRunner.java:332)
at org.testng.SuiteRunner.run(SuiteRunner.java:276)
at org.testng.SuiteRunnerWorker.runSuite(SuiteRunnerWorker.java:53)
at org.testng.SuiteRunnerWorker.run(SuiteRunnerWorker.java:96)
at org.testng.TestNG.runSuitesSequentially(TestNG.java:1212)
at org.testng.TestNG.runSuitesLocally(TestNG.java:1134)
at org.testng.TestNG.runSuites(TestNG.java:1063)
at org.testng.TestNG.run(TestNG.java:1031)
at org.testng.remote.AbstractRemoteTestNG.run(AbstractRemoteTestNG.java:115)
at org.testng.remote.RemoteTestNG.initAndRun(RemoteTestNG.java:251)
at org.testng.remote.RemoteTestNG.main(RemoteTestNG.java:77)
Caused by: org.openqa.selenium.NoSuchElementException: no such element: Unable to locate element: {"method":"xpath","selector":"//*[@id='root']/div/div/div[3]/nav/div[2]/div/div[1]/div/div[2]/div/div/input"}
  (Session info: chrome=119.0.6045.200)
For documentation on this error, please visit: https://www.seleniumhq.org/exceptions/no_such_element.html
Build info: version: '3.141.59', revision: 'e82be7d358', time: '2018-11-14T08:17:03'
System info: host: 'INNOL-019', ip: '192.168.1.20', os.name: 'Windows 11', os.arch: 'amd64', os.version: '10.0', java.version: '17.0.5'
Driver info: org.openqa.selenium.chrome.ChromeDriver
Capabilities {acceptInsecureCerts: false, browserName: chrome, browserVersion: 119.0.6045.200, chrome: {chromedriverVersion: 119.0.6045.105 (38c72552c5e..., userDataDir: C:\Users\Poonam\AppData\Loc...}, fedcm:accounts: true, goog:chromeOptions: {debuggerAddress: localhost:55687}, javascriptEnabled: true, networkConnectionEnabled: false, pageLoadStrategy: normal, platform: WINDOWS, platformName: WINDOWS, proxy: Proxy(), setWindowRect: true, strictFileInteractability: false, timeouts: {implicit: 0, pageLoad: 300000, script: 30000}, unhandledPromptBehavior: dismiss and notify, webauthn:extension:credBlob: true, webauthn:extension:largeBlob: true, webauthn:extension:minPinLength: true, webauthn:extension:prf: true, webauthn:virtualAuthenticators: true}
Session ID: 39096ccaba361931a8a1bf7aba67d3cc
*** Element info: {Using=xpath, value=//*[@id='root']/div/div/div[3]/nav/div[2]/div/div[1]/div/div[2]/div/div/input}
at jdk.internal.reflect.GeneratedConstructorAccessor24.newInstance(Unknown Source)
at java.base/jdk.internal.reflect.DelegatingConstructorAccessorImpl.newInstance(DelegatingConstructorAccessorImpl.java:45)
at java.base/java.lang.reflect.Constructor.newInstanceWithCaller(Constructor.java:499)
at java.base/java.lang.reflect.Constructor.newInstance(Constructor.java:480)
at org.openqa.selenium.remote.http.W3CHttpResponseCodec.createException(W3CHttpResponseCodec.java:187)
at org.openqa.selenium.remote.http.W3CHttpResponseCodec.decode(W3CHttpResponseCodec.java:122)
at org.openqa.selenium.remote.http.W3CHttpResponseCodec.decode(W3CHttpResponseCodec.java:49)
at org.openqa.selenium.remote.HttpCommandExecutor.execute(HttpCommandExecutor.java:158)
at org.openqa.selenium.remote.service.DriverCommandExecutor.execute(DriverCommandExecutor.java:83)
at org.openqa.selenium.remote.RemoteWebDriver.execute(RemoteWebDriver.java:552)
at org.openqa.selenium.remote.RemoteWebDriver.findElement(RemoteWebDriver.java:323)
at org.openqa.selenium.remote.RemoteWebDriver.findElementByXPath(RemoteWebDriver.java:428)
at org.openqa.selenium.By$ByXPath.findElement(By.java:353)
at org.openqa.selenium.remote.RemoteWebDriver.findElement(RemoteWebDriver.java:315)
at org.openqa.selenium.support.pagefactory.DefaultElementLocator.findElement(DefaultElementLocator.java:69)
at org.openqa.selenium.support.pagefactory.internal.LocatingElementHandler.invoke(LocatingElementHandler.java:38)
at jdk.proxy2/jdk.proxy2.$Proxy15.isDisplayed(Unknown Source)
at org.openqa.selenium.support.ui.ExpectedConditions.elementIfVisible(ExpectedConditions.java:314)
at org.openqa.selenium.support.ui.ExpectedConditions.access$000(ExpectedConditions.java:43)
at org.openqa.selenium.support.ui.ExpectedConditions$10.apply(ExpectedConditions.java:300)
at org.openqa.selenium.support.ui.ExpectedConditions$10.apply(ExpectedConditions.java:297)
at org.openqa.selenium.support.ui.ExpectedConditions$23.apply(ExpectedConditions.java:670)
at org.openqa.selenium.support.ui.ExpectedConditions$23.apply(ExpectedConditions.java:666)
at org.openqa.selenium.support.ui.FluentWait.until(FluentWait.java:249)
... 29 more
]]>
            </full-stacktrace>
          </exception> <!-- org.openqa.selenium.TimeoutException -->
          <reporter-output>
          </reporter-output>
        </test-method> <!-- VoyageInfo -->
        <test-method is-config="true" signature="AfterMethod()[pri:0, instance:testClass.VoyageData@d5b810e]" started-at="2023-12-07T17:06:27 IST" name="AfterMethod" finished-at="2023-12-07T17:06:27 IST" duration-ms="3" status="PASS">
          <reporter-output>
          </reporter-output>
        </test-method> <!-- AfterMethod -->
        <test-method signature="VoyageInfo(java.lang.String,java.lang.String)[pri:0, instance:testClass.VoyageData@d5b810e]" started-at="2023-12-07T17:06:27 IST" name="VoyageInfo" data-provider="VoyageInfo" finished-at="2023-12-07T17:06:54 IST" duration-ms="27314" status="FAIL">
          <params>
            <param index="0">
              <value>
                <![CDATA[MN5J]]>
              </value>
            </param>
            <param index="1">
              <value>
                <![CDATA[Puerto Limon Express]]>
              </value>
            </param>
          </params>
          <exception class="org.openqa.selenium.StaleElementReferenceException">
            <message>
              <![CDATA[stale element reference: stale element not found
  (Session info: chrome=119.0.6045.200)
For documentation on this error, please visit: https://www.seleniumhq.org/exceptions/stale_element_reference.html
Build info: version: '3.141.59', revision: 'e82be7d358', time: '2018-11-14T08:17:03'
System info: host: 'INNOL-019', ip: '192.168.1.20', os.name: 'Windows 11', os.arch: 'amd64', os.version: '10.0', java.version: '17.0.5'
Driver info: org.openqa.selenium.chrome.ChromeDriver
Capabilities {acceptInsecureCerts: false, browserName: chrome, browserVersion: 119.0.6045.200, chrome: {chromedriverVersion: 119.0.6045.105 (38c72552c5e..., userDataDir: C:\Users\Poonam\AppData\Loc...}, fedcm:accounts: true, goog:chromeOptions: {debuggerAddress: localhost:55687}, javascriptEnabled: true, networkConnectionEnabled: false, pageLoadStrategy: normal, platform: WINDOWS, platformName: WINDOWS, proxy: Proxy(), setWindowRect: true, strictFileInteractability: false, timeouts: {implicit: 0, pageLoad: 300000, script: 30000}, unhandledPromptBehavior: dismiss and notify, webauthn:extension:credBlob: true, webauthn:extension:largeBlob: true, webauthn:extension:minPinLength: true, webauthn:extension:prf: true, webauthn:virtualAuthenticators: true}
Session ID: 39096ccaba361931a8a1bf7aba67d3cc]]>
            </message>
            <full-stacktrace>
              <![CDATA[org.openqa.selenium.StaleElementReferenceException: stale element reference: stale element not found
  (Session info: chrome=119.0.6045.200)
For documentation on this error, please visit: https://www.seleniumhq.org/exceptions/stale_element_reference.html
Build info: version: '3.141.59', revision: 'e82be7d358', time: '2018-11-14T08:17:03'
System info: host: 'INNOL-019', ip: '192.168.1.20', os.name: 'Windows 11', os.arch: 'amd64', os.version: '10.0', java.version: '17.0.5'
Driver info: org.openqa.selenium.chrome.ChromeDriver
Capabilities {acceptInsecureCerts: false, browserName: chrome, browserVersion: 119.0.6045.200, chrome: {chromedriverVersion: 119.0.6045.105 (38c72552c5e..., userDataDir: C:\Users\Poonam\AppData\Loc...}, fedcm:accounts: true, goog:chromeOptions: {debuggerAddress: localhost:55687}, javascriptEnabled: true, networkConnectionEnabled: false, pageLoadStrategy: normal, platform: WINDOWS, platformName: WINDOWS, proxy: Proxy(), setWindowRect: true, strictFileInteractability: false, timeouts: {implicit: 0, pageLoad: 300000, script: 30000}, unhandledPromptBehavior: dismiss and notify, webauthn:extension:credBlob: true, webauthn:extension:largeBlob: true, webauthn:extension:minPinLength: true, webauthn:extension:prf: true, webauthn:virtualAuthenticators: true}
Session ID: 39096ccaba361931a8a1bf7aba67d3cc
at java.base/jdk.internal.reflect.NativeConstructorAccessorImpl.newInstance0(Native Method)
at java.base/jdk.internal.reflect.NativeConstructorAccessorImpl.newInstance(NativeConstructorAccessorImpl.java:77)
at java.base/jdk.internal.reflect.DelegatingConstructorAccessorImpl.newInstance(DelegatingConstructorAccessorImpl.java:45)
at java.base/java.lang.reflect.Constructor.newInstanceWithCaller(Constructor.java:499)
at java.base/java.lang.reflect.Constructor.newInstance(Constructor.java:480)
at org.openqa.selenium.remote.http.W3CHttpResponseCodec.createException(W3CHttpResponseCodec.java:187)
at org.openqa.selenium.remote.http.W3CHttpResponseCodec.decode(W3CHttpResponseCodec.java:122)
at org.openqa.selenium.remote.http.W3CHttpResponseCodec.decode(W3CHttpResponseCodec.java:49)
at org.openqa.selenium.remote.HttpCommandExecutor.execute(HttpCommandExecutor.java:158)
at org.openqa.selenium.remote.service.DriverCommandExecutor.execute(DriverCommandExecutor.java:83)
at org.openqa.selenium.remote.RemoteWebDriver.execute(RemoteWebDriver.java:552)
at org.openqa.selenium.remote.RemoteWebElement.execute(RemoteWebElement.java:285)
at org.openqa.selenium.remote.RemoteWebElement.isDisplayed(RemoteWebElement.java:326)
at jdk.internal.reflect.GeneratedMethodAccessor13.invoke(Unknown Source)
at java.base/jdk.internal.reflect.DelegatingMethodAccessorImpl.invoke(DelegatingMethodAccessorImpl.java:43)
at java.base/java.lang.reflect.Method.invoke(Method.java:568)
at org.openqa.selenium.support.pagefactory.internal.LocatingElementHandler.invoke(LocatingElementHandler.java:51)
at jdk.proxy2/jdk.proxy2.$Proxy15.isDisplayed(Unknown Source)
at org.openqa.selenium.support.ui.ExpectedConditions.elementIfVisible(ExpectedConditions.java:314)
at org.openqa.selenium.support.ui.ExpectedConditions.access$000(ExpectedConditions.java:43)
at org.openqa.selenium.support.ui.ExpectedConditions$10.apply(ExpectedConditions.java:300)
at org.openqa.selenium.support.ui.ExpectedConditions$10.apply(ExpectedConditions.java:297)
at org.openqa.selenium.support.ui.ExpectedConditions$23.apply(ExpectedConditions.java:670)
at org.openqa.selenium.support.ui.ExpectedConditions$23.apply(ExpectedConditions.java:666)
at org.openqa.selenium.support.ui.FluentWait.until(FluentWait.java:249)
at base.Base.eWait(Base.java:119)
at testClass.VoyageData.VoyageInfo(VoyageData.java:66)
at jdk.internal.reflect.GeneratedMethodAccessor86.invoke(Unknown Source)
at java.base/jdk.internal.reflect.DelegatingMethodAccessorImpl.invoke(DelegatingMethodAccessorImpl.java:43)
at java.base/java.lang.reflect.Method.invoke(Method.java:568)
at org.testng.internal.MethodInvocationHelper.invokeMethod(MethodInvocationHelper.java:133)
at org.testng.internal.TestInvoker.invokeMethod(TestInvoker.java:598)
at org.testng.internal.TestInvoker.invokeTestMethod(TestInvoker.java:173)
at org.testng.internal.MethodRunner.runInSequence(MethodRunner.java:46)
at org.testng.internal.TestInvoker$MethodInvocationAgent.invoke(TestInvoker.java:824)
at org.testng.internal.TestInvoker.invokeTestMethods(TestInvoker.java:146)
at org.testng.internal.TestMethodWorker.invokeTestMethods(TestMethodWorker.java:146)
at org.testng.internal.TestMethodWorker.run(TestMethodWorker.java:128)
at java.base/java.util.ArrayList.forEach(ArrayList.java:1511)
at org.testng.TestRunner.privateRun(TestRunner.java:794)
at org.testng.TestRunner.run(TestRunner.java:596)
at org.testng.SuiteRunner.runTest(SuiteRunner.java:377)
at org.testng.SuiteRunner.runSequentially(SuiteRunner.java:371)
at org.testng.SuiteRunner.privateRun(SuiteRunner.java:332)
at org.testng.SuiteRunner.run(SuiteRunner.java:276)
at org.testng.SuiteRunnerWorker.runSuite(SuiteRunnerWorker.java:53)
at org.testng.SuiteRunnerWorker.run(SuiteRunnerWorker.java:96)
at org.testng.TestNG.runSuitesSequentially(TestNG.java:1212)
at org.testng.TestNG.runSuitesLocally(TestNG.java:1134)
at org.testng.TestNG.runSuites(TestNG.java:1063)
at org.testng.TestNG.run(TestNG.java:1031)
at org.testng.remote.AbstractRemoteTestNG.run(AbstractRemoteTestNG.java:115)
at org.testng.remote.RemoteTestNG.initAndRun(RemoteTestNG.java:251)
at org.testng.remote.RemoteTestNG.main(RemoteTestNG.java:77)
]]>
            </full-stacktrace>
          </exception> <!-- org.openqa.selenium.StaleElementReferenceException -->
          <reporter-output>
          </reporter-output>
        </test-method> <!-- VoyageInfo -->
        <test-method is-config="true" signature="AfterMethod()[pri:0, instance:testClass.VoyageData@d5b810e]" started-at="2023-12-07T17:06:55 IST" name="AfterMethod" finished-at="2023-12-07T17:06:55 IST" duration-ms="1" status="PASS">
          <reporter-output>
          </reporter-output>
        </test-method> <!-- AfterMethod -->
        <test-method signature="VoyageInfo(java.lang.String,java.lang.String)[pri:0, instance:testClass.VoyageData@d5b810e]" started-at="2023-12-07T17:06:55 IST" name="VoyageInfo" data-provider="VoyageInfo" finished-at="2023-12-07T17:07:25 IST" duration-ms="30281" status="PASS">
          <params>
            <param index="0">
              <value>
                <![CDATA[MN6J]]>
              </value>
            </param>
            <param index="1">
              <value>
                <![CDATA[Santa Marta Express]]>
              </value>
            </param>
          </params>
          <reporter-output>
          </reporter-output>
        </test-method> <!-- VoyageInfo -->
        <test-method signature="VoyageInfo(java.lang.String,java.lang.String)[pri:0, instance:testClass.VoyageData@d5b810e]" started-at="2023-12-07T17:07:25 IST" name="VoyageInfo" data-provider="VoyageInfo" finished-at="2023-12-07T17:07:44 IST" duration-ms="18785" status="PASS">
          <params>
            <param index="0">
              <value>
                <![CDATA[AAFJ]]>
              </value>
            </param>
            <param index="1">
              <value>
                <![CDATA[Largo California]]>
              </value>
            </param>
          </params>
          <reporter-output>
          </reporter-output>
        </test-method> <!-- VoyageInfo -->
        <test-method is-config="true" signature="AfterMethod()[pri:0, instance:testClass.VoyageData@d5b810e]" started-at="2023-12-07T17:07:25 IST" name="AfterMethod" finished-at="2023-12-07T17:07:25 IST" duration-ms="0" status="PASS">
          <reporter-output>
          </reporter-output>
        </test-method> <!-- AfterMethod -->
        <test-method signature="VoyageInfo(java.lang.String,java.lang.String)[pri:0, instance:testClass.VoyageData@d5b810e]" started-at="2023-12-07T17:07:45 IST" name="VoyageInfo" data-provider="VoyageInfo" finished-at="2023-12-07T17:07:56 IST" duration-ms="11699" status="PASS">
          <params>
            <param index="0">
              <value>
                <![CDATA[AERJ]]>
              </value>
            </param>
            <param index="1">
              <value>
                <![CDATA[Largo Energy]]>
              </value>
            </param>
          </params>
          <reporter-output>
          </reporter-output>
        </test-method> <!-- VoyageInfo -->
        <test-method is-config="true" signature="AfterMethod()[pri:0, instance:testClass.VoyageData@d5b810e]" started-at="2023-12-07T17:07:45 IST" name="AfterMethod" finished-at="2023-12-07T17:07:45 IST" duration-ms="0" status="PASS">
          <reporter-output>
          </reporter-output>
        </test-method> <!-- AfterMethod -->
        <test-method is-config="true" signature="AfterMethod()[pri:0, instance:testClass.VoyageData@d5b810e]" started-at="2023-12-07T17:07:57 IST" name="AfterMethod" finished-at="2023-12-07T17:07:57 IST" duration-ms="0" status="PASS">
          <reporter-output>
          </reporter-output>
        </test-method> <!-- AfterMethod -->
        <test-method signature="VoyageInfo(java.lang.String,java.lang.String)[pri:0, instance:testClass.VoyageData@d5b810e]" started-at="2023-12-07T17:07:57 IST" name="VoyageInfo" data-provider="VoyageInfo" finished-at="2023-12-07T17:08:29 IST" duration-ms="32468" status="PASS">
          <params>
            <param index="0">
              <value>
                <![CDATA[CHYJ]]>
              </value>
            </param>
            <param index="1">
              <value>
                <![CDATA[Chemway Gaia (OOM)]]>
              </value>
            </param>
          </params>
          <reporter-output>
          </reporter-output>
        </test-method> <!-- VoyageInfo -->
        <test-method is-config="true" signature="AfterMethod()[pri:0, instance:testClass.VoyageData@d5b810e]" started-at="2023-12-07T17:08:29 IST" name="AfterMethod" finished-at="2023-12-07T17:08:29 IST" duration-ms="0" status="PASS">
          <reporter-output>
          </reporter-output>
        </test-method> <!-- AfterMethod -->
        <test-method signature="VoyageInfo(java.lang.String,java.lang.String)[pri:0, instance:testClass.VoyageData@d5b810e]" started-at="2023-12-07T17:08:29 IST" name="VoyageInfo" data-provider="VoyageInfo" finished-at="2023-12-07T17:10:04 IST" duration-ms="95029" status="FAIL">
          <params>
            <param index="0">
              <value>
                <![CDATA[CHTJ]]>
              </value>
            </param>
            <param index="1">
              <value>
                <![CDATA[Chemroad Dita]]>
              </value>
            </param>
          </params>
          <exception class="org.openqa.selenium.TimeoutException">
            <message>
              <![CDATA[Expected condition failed: waiting for element to be clickable: Proxy element for: DefaultElementLocator 'By.xpath: //*[@id='root']/div/div/div[3]/nav/div[2]/div/div[1]/div/div[2]/div/div/input' (tried for 50 second(s) with 500 milliseconds interval)]]>
            </message>
            <full-stacktrace>
              <![CDATA[org.openqa.selenium.TimeoutException: Expected condition failed: waiting for element to be clickable: Proxy element for: DefaultElementLocator 'By.xpath: //*[@id='root']/div/div/div[3]/nav/div[2]/div/div[1]/div/div[2]/div/div/input' (tried for 50 second(s) with 500 milliseconds interval)
at org.openqa.selenium.support.ui.WebDriverWait.timeoutException(WebDriverWait.java:95)
at org.openqa.selenium.support.ui.FluentWait.until(FluentWait.java:272)
at base.Base.eWait(Base.java:119)
at testClass.VoyageData.VoyageInfo(VoyageData.java:46)
at jdk.internal.reflect.GeneratedMethodAccessor86.invoke(Unknown Source)
at java.base/jdk.internal.reflect.DelegatingMethodAccessorImpl.invoke(DelegatingMethodAccessorImpl.java:43)
at java.base/java.lang.reflect.Method.invoke(Method.java:568)
at org.testng.internal.MethodInvocationHelper.invokeMethod(MethodInvocationHelper.java:133)
at org.testng.internal.TestInvoker.invokeMethod(TestInvoker.java:598)
at org.testng.internal.TestInvoker.invokeTestMethod(TestInvoker.java:173)
at org.testng.internal.MethodRunner.runInSequence(MethodRunner.java:46)
at org.testng.internal.TestInvoker$MethodInvocationAgent.invoke(TestInvoker.java:824)
at org.testng.internal.TestInvoker.invokeTestMethods(TestInvoker.java:146)
at org.testng.internal.TestMethodWorker.invokeTestMethods(TestMethodWorker.java:146)
at org.testng.internal.TestMethodWorker.run(TestMethodWorker.java:128)
at java.base/java.util.ArrayList.forEach(ArrayList.java:1511)
at org.testng.TestRunner.privateRun(TestRunner.java:794)
at org.testng.TestRunner.run(TestRunner.java:596)
at org.testng.SuiteRunner.runTest(SuiteRunner.java:377)
at org.testng.SuiteRunner.runSequentially(SuiteRunner.java:371)
at org.testng.SuiteRunner.privateRun(SuiteRunner.java:332)
at org.testng.SuiteRunner.run(SuiteRunner.java:276)
at org.testng.SuiteRunnerWorker.runSuite(SuiteRunnerWorker.java:53)
at org.testng.SuiteRunnerWorker.run(SuiteRunnerWorker.java:96)
at org.testng.TestNG.runSuitesSequentially(TestNG.java:1212)
at org.testng.TestNG.runSuitesLocally(TestNG.java:1134)
at org.testng.TestNG.runSuites(TestNG.java:1063)
at org.testng.TestNG.run(TestNG.java:1031)
at org.testng.remote.AbstractRemoteTestNG.run(AbstractRemoteTestNG.java:115)
at org.testng.remote.RemoteTestNG.initAndRun(RemoteTestNG.java:251)
at org.testng.remote.RemoteTestNG.main(RemoteTestNG.java:77)
Caused by: org.openqa.selenium.NoSuchElementException: no such element: Unable to locate element: {"method":"xpath","selector":"//*[@id='root']/div/div/div[3]/nav/div[2]/div/div[1]/div/div[2]/div/div/input"}
  (Session info: chrome=119.0.6045.200)
For documentation on this error, please visit: https://www.seleniumhq.org/exceptions/no_such_element.html
Build info: version: '3.141.59', revision: 'e82be7d358', time: '2018-11-14T08:17:03'
System info: host: 'INNOL-019', ip: '192.168.1.20', os.name: 'Windows 11', os.arch: 'amd64', os.version: '10.0', java.version: '17.0.5'
Driver info: org.openqa.selenium.chrome.ChromeDriver
Capabilities {acceptInsecureCerts: false, browserName: chrome, browserVersion: 119.0.6045.200, chrome: {chromedriverVersion: 119.0.6045.105 (38c72552c5e..., userDataDir: C:\Users\Poonam\AppData\Loc...}, fedcm:accounts: true, goog:chromeOptions: {debuggerAddress: localhost:55687}, javascriptEnabled: true, networkConnectionEnabled: false, pageLoadStrategy: normal, platform: WINDOWS, platformName: WINDOWS, proxy: Proxy(), setWindowRect: true, strictFileInteractability: false, timeouts: {implicit: 0, pageLoad: 300000, script: 30000}, unhandledPromptBehavior: dismiss and notify, webauthn:extension:credBlob: true, webauthn:extension:largeBlob: true, webauthn:extension:minPinLength: true, webauthn:extension:prf: true, webauthn:virtualAuthenticators: true}
Session ID: 39096ccaba361931a8a1bf7aba67d3cc
*** Element info: {Using=xpath, value=//*[@id='root']/div/div/div[3]/nav/div[2]/div/div[1]/div/div[2]/div/div/input}
at jdk.internal.reflect.GeneratedConstructorAccessor24.newInstance(Unknown Source)
at java.base/jdk.internal.reflect.DelegatingConstructorAccessorImpl.newInstance(DelegatingConstructorAccessorImpl.java:45)
at java.base/java.lang.reflect.Constructor.newInstanceWithCaller(Constructor.java:499)
at java.base/java.lang.reflect.Constructor.newInstance(Constructor.java:480)
at org.openqa.selenium.remote.http.W3CHttpResponseCodec.createException(W3CHttpResponseCodec.java:187)
at org.openqa.selenium.remote.http.W3CHttpResponseCodec.decode(W3CHttpResponseCodec.java:122)
at org.openqa.selenium.remote.http.W3CHttpResponseCodec.decode(W3CHttpResponseCodec.java:49)
at org.openqa.selenium.remote.HttpCommandExecutor.execute(HttpCommandExecutor.java:158)
at org.openqa.selenium.remote.service.DriverCommandExecutor.execute(DriverCommandExecutor.java:83)
at org.openqa.selenium.remote.RemoteWebDriver.execute(RemoteWebDriver.java:552)
at org.openqa.selenium.remote.RemoteWebDriver.findElement(RemoteWebDriver.java:323)
at org.openqa.selenium.remote.RemoteWebDriver.findElementByXPath(RemoteWebDriver.java:428)
at org.openqa.selenium.By$ByXPath.findElement(By.java:353)
at org.openqa.selenium.remote.RemoteWebDriver.findElement(RemoteWebDriver.java:315)
at org.openqa.selenium.support.pagefactory.DefaultElementLocator.findElement(DefaultElementLocator.java:69)
at org.openqa.selenium.support.pagefactory.internal.LocatingElementHandler.invoke(LocatingElementHandler.java:38)
at jdk.proxy2/jdk.proxy2.$Proxy15.isDisplayed(Unknown Source)
at org.openqa.selenium.support.ui.ExpectedConditions.elementIfVisible(ExpectedConditions.java:314)
at org.openqa.selenium.support.ui.ExpectedConditions.access$000(ExpectedConditions.java:43)
at org.openqa.selenium.support.ui.ExpectedConditions$10.apply(ExpectedConditions.java:300)
at org.openqa.selenium.support.ui.ExpectedConditions$10.apply(ExpectedConditions.java:297)
at org.openqa.selenium.support.ui.ExpectedConditions$23.apply(ExpectedConditions.java:670)
at org.openqa.selenium.support.ui.ExpectedConditions$23.apply(ExpectedConditions.java:666)
at org.openqa.selenium.support.ui.FluentWait.until(FluentWait.java:249)
... 29 more
]]>
            </full-stacktrace>
          </exception> <!-- org.openqa.selenium.TimeoutException -->
          <reporter-output>
          </reporter-output>
        </test-method> <!-- VoyageInfo -->
        <test-method is-config="true" signature="AfterMethod()[pri:0, instance:testClass.VoyageData@d5b810e]" started-at="2023-12-07T17:10:07 IST" name="AfterMethod" finished-at="2023-12-07T17:10:07 IST" duration-ms="16" status="PASS">
          <reporter-output>
          </reporter-output>
        </test-method> <!-- AfterMethod -->
        <test-method signature="VoyageInfo(java.lang.String,java.lang.String)[pri:0, instance:testClass.VoyageData@d5b810e]" started-at="2023-12-07T17:10:07 IST" name="VoyageInfo" data-provider="VoyageInfo" finished-at="2023-12-07T17:10:39 IST" duration-ms="32651" status="PASS">
          <params>
            <param index="0">
              <value>
                <![CDATA[CHSJ]]>
              </value>
            </param>
            <param index="1">
              <value>
                <![CDATA[Chemstar Stellar (OOM)]]>
              </value>
            </param>
          </params>
          <reporter-output>
          </reporter-output>
        </test-method> <!-- VoyageInfo -->
        <test-method signature="VoyageInfo(java.lang.String,java.lang.String)[pri:0, instance:testClass.VoyageData@d5b810e]" started-at="2023-12-07T17:10:39 IST" name="VoyageInfo" data-provider="VoyageInfo" finished-at="2023-12-07T17:12:10 IST" duration-ms="90807" status="FAIL">
          <params>
            <param index="0">
              <value>
                <![CDATA[CEYJ]]>
              </value>
            </param>
            <param index="1">
              <value>
                <![CDATA[Cape Lily]]>
              </value>
            </param>
          </params>
          <exception class="org.openqa.selenium.TimeoutException">
            <message>
              <![CDATA[Expected condition failed: waiting for element to be clickable: Proxy element for: DefaultElementLocator 'By.xpath: //*[@id='root']/div/div/div[3]/nav/div[2]/div/div[1]/div/div[2]/div/div/input' (tried for 50 second(s) with 500 milliseconds interval)]]>
            </message>
            <full-stacktrace>
              <![CDATA[org.openqa.selenium.TimeoutException: Expected condition failed: waiting for element to be clickable: Proxy element for: DefaultElementLocator 'By.xpath: //*[@id='root']/div/div/div[3]/nav/div[2]/div/div[1]/div/div[2]/div/div/input' (tried for 50 second(s) with 500 milliseconds interval)
at org.openqa.selenium.support.ui.WebDriverWait.timeoutException(WebDriverWait.java:95)
at org.openqa.selenium.support.ui.FluentWait.until(FluentWait.java:272)
at base.Base.eWait(Base.java:119)
at testClass.VoyageData.VoyageInfo(VoyageData.java:46)
at jdk.internal.reflect.GeneratedMethodAccessor86.invoke(Unknown Source)
at java.base/jdk.internal.reflect.DelegatingMethodAccessorImpl.invoke(DelegatingMethodAccessorImpl.java:43)
at java.base/java.lang.reflect.Method.invoke(Method.java:568)
at org.testng.internal.MethodInvocationHelper.invokeMethod(MethodInvocationHelper.java:133)
at org.testng.internal.TestInvoker.invokeMethod(TestInvoker.java:598)
at org.testng.internal.TestInvoker.invokeTestMethod(TestInvoker.java:173)
at org.testng.internal.MethodRunner.runInSequence(MethodRunner.java:46)
at org.testng.internal.TestInvoker$MethodInvocationAgent.invoke(TestInvoker.java:824)
at org.testng.internal.TestInvoker.invokeTestMethods(TestInvoker.java:146)
at org.testng.internal.TestMethodWorker.invokeTestMethods(TestMethodWorker.java:146)
at org.testng.internal.TestMethodWorker.run(TestMethodWorker.java:128)
at java.base/java.util.ArrayList.forEach(ArrayList.java:1511)
at org.testng.TestRunner.privateRun(TestRunner.java:794)
at org.testng.TestRunner.run(TestRunner.java:596)
at org.testng.SuiteRunner.runTest(SuiteRunner.java:377)
at org.testng.SuiteRunner.runSequentially(SuiteRunner.java:371)
at org.testng.SuiteRunner.privateRun(SuiteRunner.java:332)
at org.testng.SuiteRunner.run(SuiteRunner.java:276)
at org.testng.SuiteRunnerWorker.runSuite(SuiteRunnerWorker.java:53)
at org.testng.SuiteRunnerWorker.run(SuiteRunnerWorker.java:96)
at org.testng.TestNG.runSuitesSequentially(TestNG.java:1212)
at org.testng.TestNG.runSuitesLocally(TestNG.java:1134)
at org.testng.TestNG.runSuites(TestNG.java:1063)
at org.testng.TestNG.run(TestNG.java:1031)
at org.testng.remote.AbstractRemoteTestNG.run(AbstractRemoteTestNG.java:115)
at org.testng.remote.RemoteTestNG.initAndRun(RemoteTestNG.java:251)
at org.testng.remote.RemoteTestNG.main(RemoteTestNG.java:77)
Caused by: org.openqa.selenium.NoSuchElementException: no such element: Unable to locate element: {"method":"xpath","selector":"//*[@id='root']/div/div/div[3]/nav/div[2]/div/div[1]/div/div[2]/div/div/input"}
  (Session info: chrome=119.0.6045.200)
For documentation on this error, please visit: https://www.seleniumhq.org/exceptions/no_such_element.html
Build info: version: '3.141.59', revision: 'e82be7d358', time: '2018-11-14T08:17:03'
System info: host: 'INNOL-019', ip: '192.168.1.20', os.name: 'Windows 11', os.arch: 'amd64', os.version: '10.0', java.version: '17.0.5'
Driver info: org.openqa.selenium.chrome.ChromeDriver
Capabilities {acceptInsecureCerts: false, browserName: chrome, browserVersion: 119.0.6045.200, chrome: {chromedriverVersion: 119.0.6045.105 (38c72552c5e..., userDataDir: C:\Users\Poonam\AppData\Loc...}, fedcm:accounts: true, goog:chromeOptions: {debuggerAddress: localhost:55687}, javascriptEnabled: true, networkConnectionEnabled: false, pageLoadStrategy: normal, platform: WINDOWS, platformName: WINDOWS, proxy: Proxy(), setWindowRect: true, strictFileInteractability: false, timeouts: {implicit: 0, pageLoad: 300000, script: 30000}, unhandledPromptBehavior: dismiss and notify, webauthn:extension:credBlob: true, webauthn:extension:largeBlob: true, webauthn:extension:minPinLength: true, webauthn:extension:prf: true, webauthn:virtualAuthenticators: true}
Session ID: 39096ccaba361931a8a1bf7aba67d3cc
*** Element info: {Using=xpath, value=//*[@id='root']/div/div/div[3]/nav/div[2]/div/div[1]/div/div[2]/div/div/input}
at jdk.internal.reflect.GeneratedConstructorAccessor24.newInstance(Unknown Source)
at java.base/jdk.internal.reflect.DelegatingConstructorAccessorImpl.newInstance(DelegatingConstructorAccessorImpl.java:45)
at java.base/java.lang.reflect.Constructor.newInstanceWithCaller(Constructor.java:499)
at java.base/java.lang.reflect.Constructor.newInstance(Constructor.java:480)
at org.openqa.selenium.remote.http.W3CHttpResponseCodec.createException(W3CHttpResponseCodec.java:187)
at org.openqa.selenium.remote.http.W3CHttpResponseCodec.decode(W3CHttpResponseCodec.java:122)
at org.openqa.selenium.remote.http.W3CHttpResponseCodec.decode(W3CHttpResponseCodec.java:49)
at org.openqa.selenium.remote.HttpCommandExecutor.execute(HttpCommandExecutor.java:158)
at org.openqa.selenium.remote.service.DriverCommandExecutor.execute(DriverCommandExecutor.java:83)
at org.openqa.selenium.remote.RemoteWebDriver.execute(RemoteWebDriver.java:552)
at org.openqa.selenium.remote.RemoteWebDriver.findElement(RemoteWebDriver.java:323)
at org.openqa.selenium.remote.RemoteWebDriver.findElementByXPath(RemoteWebDriver.java:428)
at org.openqa.selenium.By$ByXPath.findElement(By.java:353)
at org.openqa.selenium.remote.RemoteWebDriver.findElement(RemoteWebDriver.java:315)
at org.openqa.selenium.support.pagefactory.DefaultElementLocator.findElement(DefaultElementLocator.java:69)
at org.openqa.selenium.support.pagefactory.internal.LocatingElementHandler.invoke(LocatingElementHandler.java:38)
at jdk.proxy2/jdk.proxy2.$Proxy15.isDisplayed(Unknown Source)
at org.openqa.selenium.support.ui.ExpectedConditions.elementIfVisible(ExpectedConditions.java:314)
at org.openqa.selenium.support.ui.ExpectedConditions.access$000(ExpectedConditions.java:43)
at org.openqa.selenium.support.ui.ExpectedConditions$10.apply(ExpectedConditions.java:300)
at org.openqa.selenium.support.ui.ExpectedConditions$10.apply(ExpectedConditions.java:297)
at org.openqa.selenium.support.ui.ExpectedConditions$23.apply(ExpectedConditions.java:670)
at org.openqa.selenium.support.ui.ExpectedConditions$23.apply(ExpectedConditions.java:666)
at org.openqa.selenium.support.ui.FluentWait.until(FluentWait.java:249)
... 29 more
]]>
            </full-stacktrace>
          </exception> <!-- org.openqa.selenium.TimeoutException -->
          <reporter-output>
          </reporter-output>
        </test-method> <!-- VoyageInfo -->
        <test-method is-config="true" signature="AfterMethod()[pri:0, instance:testClass.VoyageData@d5b810e]" started-at="2023-12-07T17:10:39 IST" name="AfterMethod" finished-at="2023-12-07T17:10:39 IST" duration-ms="0" status="PASS">
          <reporter-output>
          </reporter-output>
        </test-method> <!-- AfterMethod -->
        <test-method is-config="true" signature="AfterMethod()[pri:0, instance:testClass.VoyageData@d5b810e]" started-at="2023-12-07T17:12:11 IST" name="AfterMethod" finished-at="2023-12-07T17:12:11 IST" duration-ms="0" status="PASS">
          <reporter-output>
          </reporter-output>
        </test-method> <!-- AfterMethod -->
        <test-method signature="VoyageInfo(java.lang.String,java.lang.String)[pri:0, instance:testClass.VoyageData@d5b810e]" started-at="2023-12-07T17:12:11 IST" name="VoyageInfo" data-provider="VoyageInfo" finished-at="2023-12-07T17:12:20 IST" duration-ms="8910" status="PASS">
          <params>
            <param index="0">
              <value>
                <![CDATA[CYDJ]]>
              </value>
            </param>
            <param index="1">
              <value>
                <![CDATA[Crystal Lavender]]>
              </value>
            </param>
          </params>
          <reporter-output>
          </reporter-output>
        </test-method> <!-- VoyageInfo -->
        <test-method is-config="true" signature="AfterMethod()[pri:0, instance:testClass.VoyageData@d5b810e]" started-at="2023-12-07T17:12:20 IST" name="AfterMethod" finished-at="2023-12-07T17:12:20 IST" duration-ms="0" status="PASS">
          <reporter-output>
          </reporter-output>
        </test-method> <!-- AfterMethod -->
        <test-method signature="VoyageInfo(java.lang.String,java.lang.String)[pri:0, instance:testClass.VoyageData@d5b810e]" started-at="2023-12-07T17:12:20 IST" name="VoyageInfo" data-provider="VoyageInfo" finished-at="2023-12-07T17:12:38 IST" duration-ms="18573" status="PASS">
          <params>
            <param index="0">
              <value>
                <![CDATA[CAZJ]]>
              </value>
            </param>
            <param index="1">
              <value>
                <![CDATA[Cape Azalea]]>
              </value>
            </param>
          </params>
          <reporter-output>
          </reporter-output>
        </test-method> <!-- VoyageInfo -->
        <test-method signature="VoyageInfo(java.lang.String,java.lang.String)[pri:0, instance:testClass.VoyageData@d5b810e]" started-at="2023-12-07T17:12:39 IST" name="VoyageInfo" data-provider="VoyageInfo" finished-at="2023-12-07T17:12:48 IST" duration-ms="8873" status="PASS">
          <params>
            <param index="0">
              <value>
                <![CDATA[COLJ]]>
              </value>
            </param>
            <param index="1">
              <value>
                <![CDATA[Seaways Colorado]]>
              </value>
            </param>
          </params>
          <reporter-output>
          </reporter-output>
        </test-method> <!-- VoyageInfo -->
        <test-method is-config="true" signature="AfterMethod()[pri:0, instance:testClass.VoyageData@d5b810e]" started-at="2023-12-07T17:12:39 IST" name="AfterMethod" finished-at="2023-12-07T17:12:39 IST" duration-ms="0" status="PASS">
          <reporter-output>
          </reporter-output>
        </test-method> <!-- AfterMethod -->
        <test-method is-config="true" signature="AfterMethod()[pri:0, instance:testClass.VoyageData@d5b810e]" started-at="2023-12-07T17:12:48 IST" name="AfterMethod" finished-at="2023-12-07T17:12:48 IST" duration-ms="0" status="PASS">
          <reporter-output>
          </reporter-output>
        </test-method> <!-- AfterMethod -->
        <test-method signature="VoyageInfo(java.lang.String,java.lang.String)[pri:0, instance:testClass.VoyageData@d5b810e]" started-at="2023-12-07T17:12:48 IST" name="VoyageInfo" data-provider="VoyageInfo" finished-at="2023-12-07T17:12:58 IST" duration-ms="9612" status="PASS">
          <params>
            <param index="0">
              <value>
                <![CDATA[CMZJ]]>
              </value>
            </param>
            <param index="1">
              <value>
                <![CDATA[Clearocean Moritz]]>
              </value>
            </param>
          </params>
          <reporter-output>
          </reporter-output>
        </test-method> <!-- VoyageInfo -->
        <test-method is-config="true" signature="AfterMethod()[pri:0, instance:testClass.VoyageData@d5b810e]" started-at="2023-12-07T17:12:58 IST" name="AfterMethod" finished-at="2023-12-07T17:12:58 IST" duration-ms="0" status="PASS">
          <reporter-output>
          </reporter-output>
        </test-method> <!-- AfterMethod -->
        <test-method signature="VoyageInfo(java.lang.String,java.lang.String)[pri:0, instance:testClass.VoyageData@d5b810e]" started-at="2023-12-07T17:12:58 IST" name="VoyageInfo" data-provider="VoyageInfo" finished-at="2023-12-07T17:13:06 IST" duration-ms="8242" status="PASS">
          <params>
            <param index="0">
              <value>
                <![CDATA[CYVJ]]>
              </value>
            </param>
            <param index="1">
              <value>
                <![CDATA[Crystal Valerian]]>
              </value>
            </param>
          </params>
          <reporter-output>
          </reporter-output>
        </test-method> <!-- VoyageInfo -->
        <test-method is-config="true" signature="AfterMethod()[pri:0, instance:testClass.VoyageData@d5b810e]" started-at="2023-12-07T17:13:07 IST" name="AfterMethod" finished-at="2023-12-07T17:13:07 IST" duration-ms="0" status="PASS">
          <reporter-output>
          </reporter-output>
        </test-method> <!-- AfterMethod -->
        <test-method signature="VoyageInfo(java.lang.String,java.lang.String)[pri:0, instance:testClass.VoyageData@d5b810e]" started-at="2023-12-07T17:13:07 IST" name="VoyageInfo" data-provider="VoyageInfo" finished-at="2023-12-07T17:13:38 IST" duration-ms="31831" status="FAIL">
          <params>
            <param index="0">
              <value>
                <![CDATA[CRGJ]]>
              </value>
            </param>
            <param index="1">
              <value>
                <![CDATA[Crystal Angel]]>
              </value>
            </param>
          </params>
          <exception class="org.openqa.selenium.StaleElementReferenceException">
            <message>
              <![CDATA[stale element reference: stale element not found
  (Session info: chrome=119.0.6045.200)
For documentation on this error, please visit: https://www.seleniumhq.org/exceptions/stale_element_reference.html
Build info: version: '3.141.59', revision: 'e82be7d358', time: '2018-11-14T08:17:03'
System info: host: 'INNOL-019', ip: '192.168.1.20', os.name: 'Windows 11', os.arch: 'amd64', os.version: '10.0', java.version: '17.0.5'
Driver info: org.openqa.selenium.chrome.ChromeDriver
Capabilities {acceptInsecureCerts: false, browserName: chrome, browserVersion: 119.0.6045.200, chrome: {chromedriverVersion: 119.0.6045.105 (38c72552c5e..., userDataDir: C:\Users\Poonam\AppData\Loc...}, fedcm:accounts: true, goog:chromeOptions: {debuggerAddress: localhost:55687}, javascriptEnabled: true, networkConnectionEnabled: false, pageLoadStrategy: normal, platform: WINDOWS, platformName: WINDOWS, proxy: Proxy(), setWindowRect: true, strictFileInteractability: false, timeouts: {implicit: 0, pageLoad: 300000, script: 30000}, unhandledPromptBehavior: dismiss and notify, webauthn:extension:credBlob: true, webauthn:extension:largeBlob: true, webauthn:extension:minPinLength: true, webauthn:extension:prf: true, webauthn:virtualAuthenticators: true}
Session ID: 39096ccaba361931a8a1bf7aba67d3cc]]>
            </message>
            <full-stacktrace>
              <![CDATA[org.openqa.selenium.StaleElementReferenceException: stale element reference: stale element not found
  (Session info: chrome=119.0.6045.200)
For documentation on this error, please visit: https://www.seleniumhq.org/exceptions/stale_element_reference.html
Build info: version: '3.141.59', revision: 'e82be7d358', time: '2018-11-14T08:17:03'
System info: host: 'INNOL-019', ip: '192.168.1.20', os.name: 'Windows 11', os.arch: 'amd64', os.version: '10.0', java.version: '17.0.5'
Driver info: org.openqa.selenium.chrome.ChromeDriver
Capabilities {acceptInsecureCerts: false, browserName: chrome, browserVersion: 119.0.6045.200, chrome: {chromedriverVersion: 119.0.6045.105 (38c72552c5e..., userDataDir: C:\Users\Poonam\AppData\Loc...}, fedcm:accounts: true, goog:chromeOptions: {debuggerAddress: localhost:55687}, javascriptEnabled: true, networkConnectionEnabled: false, pageLoadStrategy: normal, platform: WINDOWS, platformName: WINDOWS, proxy: Proxy(), setWindowRect: true, strictFileInteractability: false, timeouts: {implicit: 0, pageLoad: 300000, script: 30000}, unhandledPromptBehavior: dismiss and notify, webauthn:extension:credBlob: true, webauthn:extension:largeBlob: true, webauthn:extension:minPinLength: true, webauthn:extension:prf: true, webauthn:virtualAuthenticators: true}
Session ID: 39096ccaba361931a8a1bf7aba67d3cc
at java.base/jdk.internal.reflect.NativeConstructorAccessorImpl.newInstance0(Native Method)
at java.base/jdk.internal.reflect.NativeConstructorAccessorImpl.newInstance(NativeConstructorAccessorImpl.java:77)
at java.base/jdk.internal.reflect.DelegatingConstructorAccessorImpl.newInstance(DelegatingConstructorAccessorImpl.java:45)
at java.base/java.lang.reflect.Constructor.newInstanceWithCaller(Constructor.java:499)
at java.base/java.lang.reflect.Constructor.newInstance(Constructor.java:480)
at org.openqa.selenium.remote.http.W3CHttpResponseCodec.createException(W3CHttpResponseCodec.java:187)
at org.openqa.selenium.remote.http.W3CHttpResponseCodec.decode(W3CHttpResponseCodec.java:122)
at org.openqa.selenium.remote.http.W3CHttpResponseCodec.decode(W3CHttpResponseCodec.java:49)
at org.openqa.selenium.remote.HttpCommandExecutor.execute(HttpCommandExecutor.java:158)
at org.openqa.selenium.remote.service.DriverCommandExecutor.execute(DriverCommandExecutor.java:83)
at org.openqa.selenium.remote.RemoteWebDriver.execute(RemoteWebDriver.java:552)
at org.openqa.selenium.remote.RemoteWebElement.execute(RemoteWebElement.java:285)
at org.openqa.selenium.remote.RemoteWebElement.isDisplayed(RemoteWebElement.java:326)
at jdk.internal.reflect.GeneratedMethodAccessor13.invoke(Unknown Source)
at java.base/jdk.internal.reflect.DelegatingMethodAccessorImpl.invoke(DelegatingMethodAccessorImpl.java:43)
at java.base/java.lang.reflect.Method.invoke(Method.java:568)
at org.openqa.selenium.support.pagefactory.internal.LocatingElementHandler.invoke(LocatingElementHandler.java:51)
at jdk.proxy2/jdk.proxy2.$Proxy15.isDisplayed(Unknown Source)
at org.openqa.selenium.support.ui.ExpectedConditions.elementIfVisible(ExpectedConditions.java:314)
at org.openqa.selenium.support.ui.ExpectedConditions.access$000(ExpectedConditions.java:43)
at org.openqa.selenium.support.ui.ExpectedConditions$10.apply(ExpectedConditions.java:300)
at org.openqa.selenium.support.ui.ExpectedConditions$10.apply(ExpectedConditions.java:297)
at org.openqa.selenium.support.ui.ExpectedConditions$23.apply(ExpectedConditions.java:670)
at org.openqa.selenium.support.ui.ExpectedConditions$23.apply(ExpectedConditions.java:666)
at org.openqa.selenium.support.ui.FluentWait.until(FluentWait.java:249)
at base.Base.eWait(Base.java:119)
at testClass.VoyageData.VoyageInfo(VoyageData.java:66)
at jdk.internal.reflect.GeneratedMethodAccessor86.invoke(Unknown Source)
at java.base/jdk.internal.reflect.DelegatingMethodAccessorImpl.invoke(DelegatingMethodAccessorImpl.java:43)
at java.base/java.lang.reflect.Method.invoke(Method.java:568)
at org.testng.internal.MethodInvocationHelper.invokeMethod(MethodInvocationHelper.java:133)
at org.testng.internal.TestInvoker.invokeMethod(TestInvoker.java:598)
at org.testng.internal.TestInvoker.invokeTestMethod(TestInvoker.java:173)
at org.testng.internal.MethodRunner.runInSequence(MethodRunner.java:46)
at org.testng.internal.TestInvoker$MethodInvocationAgent.invoke(TestInvoker.java:824)
at org.testng.internal.TestInvoker.invokeTestMethods(TestInvoker.java:146)
at org.testng.internal.TestMethodWorker.invokeTestMethods(TestMethodWorker.java:146)
at org.testng.internal.TestMethodWorker.run(TestMethodWorker.java:128)
at java.base/java.util.ArrayList.forEach(ArrayList.java:1511)
at org.testng.TestRunner.privateRun(TestRunner.java:794)
at org.testng.TestRunner.run(TestRunner.java:596)
at org.testng.SuiteRunner.runTest(SuiteRunner.java:377)
at org.testng.SuiteRunner.runSequentially(SuiteRunner.java:371)
at org.testng.SuiteRunner.privateRun(SuiteRunner.java:332)
at org.testng.SuiteRunner.run(SuiteRunner.java:276)
at org.testng.SuiteRunnerWorker.runSuite(SuiteRunnerWorker.java:53)
at org.testng.SuiteRunnerWorker.run(SuiteRunnerWorker.java:96)
at org.testng.TestNG.runSuitesSequentially(TestNG.java:1212)
at org.testng.TestNG.runSuitesLocally(TestNG.java:1134)
at org.testng.TestNG.runSuites(TestNG.java:1063)
at org.testng.TestNG.run(TestNG.java:1031)
at org.testng.remote.AbstractRemoteTestNG.run(AbstractRemoteTestNG.java:115)
at org.testng.remote.RemoteTestNG.initAndRun(RemoteTestNG.java:251)
at org.testng.remote.RemoteTestNG.main(RemoteTestNG.java:77)
]]>
            </full-stacktrace>
          </exception> <!-- org.openqa.selenium.StaleElementReferenceException -->
          <reporter-output>
          </reporter-output>
        </test-method> <!-- VoyageInfo -->
        <test-method is-config="true" signature="AfterMethod()[pri:0, instance:testClass.VoyageData@d5b810e]" started-at="2023-12-07T17:13:44 IST" name="AfterMethod" finished-at="2023-12-07T17:13:44 IST" duration-ms="5" status="PASS">
          <reporter-output>
          </reporter-output>
        </test-method> <!-- AfterMethod -->
        <test-method signature="VoyageInfo(java.lang.String,java.lang.String)[pri:0, instance:testClass.VoyageData@d5b810e]" started-at="2023-12-07T17:13:44 IST" name="VoyageInfo" data-provider="VoyageInfo" finished-at="2023-12-07T17:14:05 IST" duration-ms="21057" status="PASS">
          <params>
            <param index="0">
              <value>
                <![CDATA[CYSJ]]>
              </value>
            </param>
            <param index="1">
              <value>
                <![CDATA[Crystal Sunrise]]>
              </value>
            </param>
          </params>
          <reporter-output>
          </reporter-output>
        </test-method> <!-- VoyageInfo -->
        <test-method is-config="true" signature="AfterMethod()[pri:0, instance:testClass.VoyageData@d5b810e]" started-at="2023-12-07T17:14:05 IST" name="AfterMethod" finished-at="2023-12-07T17:14:05 IST" duration-ms="1" status="PASS">
          <reporter-output>
          </reporter-output>
        </test-method> <!-- AfterMethod -->
        <test-method signature="VoyageInfo(java.lang.String,java.lang.String)[pri:0, instance:testClass.VoyageData@d5b810e]" started-at="2023-12-07T17:14:05 IST" name="VoyageInfo" data-provider="VoyageInfo" finished-at="2023-12-07T17:14:20 IST" duration-ms="14769" status="PASS">
          <params>
            <param index="0">
              <value>
                <![CDATA[FEDJ]]>
              </value>
            </param>
            <param index="1">
              <value>
                <![CDATA[Fairchem Edge]]>
              </value>
            </param>
          </params>
          <reporter-output>
          </reporter-output>
        </test-method> <!-- VoyageInfo -->
        <test-method is-config="true" signature="AfterMethod()[pri:0, instance:testClass.VoyageData@d5b810e]" started-at="2023-12-07T17:14:21 IST" name="AfterMethod" finished-at="2023-12-07T17:14:21 IST" duration-ms="0" status="PASS">
          <reporter-output>
          </reporter-output>
        </test-method> <!-- AfterMethod -->
        <test-method signature="VoyageInfo(java.lang.String,java.lang.String)[pri:0, instance:testClass.VoyageData@d5b810e]" started-at="2023-12-07T17:14:21 IST" name="VoyageInfo" data-provider="VoyageInfo" finished-at="2023-12-07T17:14:42 IST" duration-ms="21772" status="PASS">
          <params>
            <param index="0">
              <value>
                <![CDATA[ESMJ]]>
              </value>
            </param>
            <param index="1">
              <value>
                <![CDATA[Earth Summit]]>
              </value>
            </param>
          </params>
          <reporter-output>
          </reporter-output>
        </test-method> <!-- VoyageInfo -->
        <test-method is-config="true" signature="AfterMethod()[pri:0, instance:testClass.VoyageData@d5b810e]" started-at="2023-12-07T17:14:43 IST" name="AfterMethod" finished-at="2023-12-07T17:14:43 IST" duration-ms="0" status="PASS">
          <reporter-output>
          </reporter-output>
        </test-method> <!-- AfterMethod -->
        <test-method signature="VoyageInfo(java.lang.String,java.lang.String)[pri:0, instance:testClass.VoyageData@d5b810e]" started-at="2023-12-07T17:14:43 IST" name="VoyageInfo" data-provider="VoyageInfo" finished-at="2023-12-07T17:14:49 IST" duration-ms="6116" status="PASS">
          <params>
            <param index="0">
              <value>
                <![CDATA[DPSJ]]>
              </value>
            </param>
            <param index="1">
              <value>
                <![CDATA[Delphinus (OOM)]]>
              </value>
            </param>
          </params>
          <reporter-output>
          </reporter-output>
        </test-method> <!-- VoyageInfo -->
        <test-method signature="VoyageInfo(java.lang.String,java.lang.String)[pri:0, instance:testClass.VoyageData@d5b810e]" started-at="2023-12-07T17:14:49 IST" name="VoyageInfo" data-provider="VoyageInfo" finished-at="2023-12-07T17:15:13 IST" duration-ms="23508" status="PASS">
          <params>
            <param index="0">
              <value>
                <![CDATA[FCGJ]]>
              </value>
            </param>
            <param index="1">
              <value>
                <![CDATA[Fairchem Angel]]>
              </value>
            </param>
          </params>
          <reporter-output>
          </reporter-output>
        </test-method> <!-- VoyageInfo -->
        <test-method is-config="true" signature="AfterMethod()[pri:0, instance:testClass.VoyageData@d5b810e]" started-at="2023-12-07T17:14:49 IST" name="AfterMethod" finished-at="2023-12-07T17:14:49 IST" duration-ms="0" status="PASS">
          <reporter-output>
          </reporter-output>
        </test-method> <!-- AfterMethod -->
        <test-method is-config="true" signature="AfterMethod()[pri:0, instance:testClass.VoyageData@d5b810e]" started-at="2023-12-07T17:15:13 IST" name="AfterMethod" finished-at="2023-12-07T17:15:13 IST" duration-ms="0" status="PASS">
          <reporter-output>
          </reporter-output>
        </test-method> <!-- AfterMethod -->
        <test-method signature="VoyageInfo(java.lang.String,java.lang.String)[pri:0, instance:testClass.VoyageData@d5b810e]" started-at="2023-12-07T17:15:13 IST" name="VoyageInfo" data-provider="VoyageInfo" finished-at="2023-12-07T17:15:34 IST" duration-ms="21017" status="PASS">
          <params>
            <param index="0">
              <value>
                <![CDATA[FTHJ]]>
              </value>
            </param>
            <param index="1">
              <value>
                <![CDATA[Fairchem Thresher]]>
              </value>
            </param>
          </params>
          <reporter-output>
          </reporter-output>
        </test-method> <!-- VoyageInfo -->
        <test-method is-config="true" signature="AfterMethod()[pri:0, instance:testClass.VoyageData@d5b810e]" started-at="2023-12-07T17:15:34 IST" name="AfterMethod" finished-at="2023-12-07T17:15:34 IST" duration-ms="1" status="PASS">
          <reporter-output>
          </reporter-output>
        </test-method> <!-- AfterMethod -->
        <test-method signature="VoyageInfo(java.lang.String,java.lang.String)[pri:0, instance:testClass.VoyageData@d5b810e]" started-at="2023-12-07T17:15:34 IST" name="VoyageInfo" data-provider="VoyageInfo" finished-at="2023-12-07T17:15:46 IST" duration-ms="11540" status="PASS">
          <params>
            <param index="0">
              <value>
                <![CDATA[FSBJ]]>
              </value>
            </param>
            <param index="1">
              <value>
                <![CDATA[Fairchem Sabre]]>
              </value>
            </param>
          </params>
          <reporter-output>
          </reporter-output>
        </test-method> <!-- VoyageInfo -->
        <test-method is-config="true" signature="AfterMethod()[pri:0, instance:testClass.VoyageData@d5b810e]" started-at="2023-12-07T17:15:46 IST" name="AfterMethod" finished-at="2023-12-07T17:15:46 IST" duration-ms="0" status="PASS">
          <reporter-output>
          </reporter-output>
        </test-method> <!-- AfterMethod -->
        <test-method signature="VoyageInfo(java.lang.String,java.lang.String)[pri:0, instance:testClass.VoyageData@d5b810e]" started-at="2023-12-07T17:15:46 IST" name="VoyageInfo" data-provider="VoyageInfo" finished-at="2023-12-07T17:16:15 IST" duration-ms="28559" status="PASS">
          <params>
            <param index="0">
              <value>
                <![CDATA[FMKJ]]>
              </value>
            </param>
            <param index="1">
              <value>
                <![CDATA[Fairchem Mako]]>
              </value>
            </param>
          </params>
          <reporter-output>
          </reporter-output>
        </test-method> <!-- VoyageInfo -->
        <test-method is-config="true" signature="AfterMethod()[pri:0, instance:testClass.VoyageData@d5b810e]" started-at="2023-12-07T17:16:15 IST" name="AfterMethod" finished-at="2023-12-07T17:16:15 IST" duration-ms="2" status="PASS">
          <reporter-output>
          </reporter-output>
        </test-method> <!-- AfterMethod -->
        <test-method signature="VoyageInfo(java.lang.String,java.lang.String)[pri:0, instance:testClass.VoyageData@d5b810e]" started-at="2023-12-07T17:16:15 IST" name="VoyageInfo" data-provider="VoyageInfo" finished-at="2023-12-07T17:16:24 IST" duration-ms="9390" status="PASS">
          <params>
            <param index="0">
              <value>
                <![CDATA[FBAJ]]>
              </value>
            </param>
            <param index="1">
              <value>
                <![CDATA[Fairchem Blade]]>
              </value>
            </param>
          </params>
          <reporter-output>
          </reporter-output>
        </test-method> <!-- VoyageInfo -->
        <test-method is-config="true" signature="AfterMethod()[pri:0, instance:testClass.VoyageData@d5b810e]" started-at="2023-12-07T17:16:25 IST" name="AfterMethod" finished-at="2023-12-07T17:16:25 IST" duration-ms="0" status="PASS">
          <reporter-output>
          </reporter-output>
        </test-method> <!-- AfterMethod -->
        <test-method signature="VoyageInfo(java.lang.String,java.lang.String)[pri:0, instance:testClass.VoyageData@d5b810e]" started-at="2023-12-07T17:16:25 IST" name="VoyageInfo" data-provider="VoyageInfo" finished-at="2023-12-07T17:16:37 IST" duration-ms="11859" status="PASS">
          <params>
            <param index="0">
              <value>
                <![CDATA[FKTJ]]>
              </value>
            </param>
            <param index="1">
              <value>
                <![CDATA[Fairchem Katana]]>
              </value>
            </param>
          </params>
          <reporter-output>
          </reporter-output>
        </test-method> <!-- VoyageInfo -->
        <test-method is-config="true" signature="AfterMethod()[pri:0, instance:testClass.VoyageData@d5b810e]" started-at="2023-12-07T17:16:37 IST" name="AfterMethod" finished-at="2023-12-07T17:16:37 IST" duration-ms="0" status="PASS">
          <reporter-output>
          </reporter-output>
        </test-method> <!-- AfterMethod -->
        <test-method signature="VoyageInfo(java.lang.String,java.lang.String)[pri:0, instance:testClass.VoyageData@d5b810e]" started-at="2023-12-07T17:16:37 IST" name="VoyageInfo" data-provider="VoyageInfo" finished-at="2023-12-07T17:16:58 IST" duration-ms="20316" status="PASS">
          <params>
            <param index="0">
              <value>
                <![CDATA[KEGJ]]>
              </value>
            </param>
            <param index="1">
              <value>
                <![CDATA[Keegan No.1]]>
              </value>
            </param>
          </params>
          <reporter-output>
          </reporter-output>
        </test-method> <!-- VoyageInfo -->
        <test-method is-config="true" signature="AfterMethod()[pri:0, instance:testClass.VoyageData@d5b810e]" started-at="2023-12-07T17:16:58 IST" name="AfterMethod" finished-at="2023-12-07T17:16:58 IST" duration-ms="0" status="PASS">
          <reporter-output>
          </reporter-output>
        </test-method> <!-- AfterMethod -->
        <test-method signature="VoyageInfo(java.lang.String,java.lang.String)[pri:0, instance:testClass.VoyageData@d5b810e]" started-at="2023-12-07T17:16:58 IST" name="VoyageInfo" data-provider="VoyageInfo" finished-at="2023-12-07T17:17:11 IST" duration-ms="12568" status="PASS">
          <params>
            <param index="0">
              <value>
                <![CDATA[KATJ]]>
              </value>
            </param>
            <param index="1">
              <value>
                <![CDATA[KN Amethyst]]>
              </value>
            </param>
          </params>
          <reporter-output>
          </reporter-output>
        </test-method> <!-- VoyageInfo -->
        <test-method is-config="true" signature="AfterMethod()[pri:0, instance:testClass.VoyageData@d5b810e]" started-at="2023-12-07T17:17:11 IST" name="AfterMethod" finished-at="2023-12-07T17:17:11 IST" duration-ms="4" status="PASS">
          <reporter-output>
          </reporter-output>
        </test-method> <!-- AfterMethod -->
        <test-method signature="VoyageInfo(java.lang.String,java.lang.String)[pri:0, instance:testClass.VoyageData@d5b810e]" started-at="2023-12-07T17:17:11 IST" name="VoyageInfo" data-provider="VoyageInfo" finished-at="2023-12-07T17:17:23 IST" duration-ms="11220" status="PASS">
          <params>
            <param index="0">
              <value>
                <![CDATA[FFTJ]]>
              </value>
            </param>
            <param index="1">
              <value>
                <![CDATA[Fairchem Forte]]>
              </value>
            </param>
          </params>
          <reporter-output>
          </reporter-output>
        </test-method> <!-- VoyageInfo -->
        <test-method is-config="true" signature="AfterMethod()[pri:0, instance:testClass.VoyageData@d5b810e]" started-at="2023-12-07T17:17:23 IST" name="AfterMethod" finished-at="2023-12-07T17:17:23 IST" duration-ms="0" status="PASS">
          <reporter-output>
          </reporter-output>
        </test-method> <!-- AfterMethod -->
        <test-method signature="VoyageInfo(java.lang.String,java.lang.String)[pri:0, instance:testClass.VoyageData@d5b810e]" started-at="2023-12-07T17:17:23 IST" name="VoyageInfo" data-provider="VoyageInfo" finished-at="2023-12-07T17:17:42 IST" duration-ms="19075" status="PASS">
          <params>
            <param index="0">
              <value>
                <![CDATA[KARJ]]>
              </value>
            </param>
            <param index="1">
              <value>
                <![CDATA[KN Arcadia]]>
              </value>
            </param>
          </params>
          <reporter-output>
          </reporter-output>
        </test-method> <!-- VoyageInfo -->
        <test-method is-config="true" signature="AfterMethod()[pri:0, instance:testClass.VoyageData@d5b810e]" started-at="2023-12-07T17:17:42 IST" name="AfterMethod" finished-at="2023-12-07T17:17:42 IST" duration-ms="0" status="PASS">
          <reporter-output>
          </reporter-output>
        </test-method> <!-- AfterMethod -->
        <test-method signature="VoyageInfo(java.lang.String,java.lang.String)[pri:0, instance:testClass.VoyageData@d5b810e]" started-at="2023-12-07T17:17:42 IST" name="VoyageInfo" data-provider="VoyageInfo" finished-at="2023-12-07T17:17:49 IST" duration-ms="6879" status="PASS">
          <params>
            <param index="0">
              <value>
                <![CDATA[KFEJ]]>
              </value>
            </param>
            <param index="1">
              <value>
                <![CDATA[KN Forest]]>
              </value>
            </param>
          </params>
          <reporter-output>
          </reporter-output>
        </test-method> <!-- VoyageInfo -->
        <test-method signature="VoyageInfo(java.lang.String,java.lang.String)[pri:0, instance:testClass.VoyageData@d5b810e]" started-at="2023-12-07T17:17:49 IST" name="VoyageInfo" data-provider="VoyageInfo" finished-at="2023-12-07T17:17:59 IST" duration-ms="9858" status="PASS">
          <params>
            <param index="0">
              <value>
                <![CDATA[FAWJ]]>
              </value>
            </param>
            <param index="1">
              <value>
                <![CDATA[Fairchem Sword]]>
              </value>
            </param>
          </params>
          <reporter-output>
          </reporter-output>
        </test-method> <!-- VoyageInfo -->
        <test-method is-config="true" signature="AfterMethod()[pri:0, instance:testClass.VoyageData@d5b810e]" started-at="2023-12-07T17:17:49 IST" name="AfterMethod" finished-at="2023-12-07T17:17:49 IST" duration-ms="0" status="PASS">
          <reporter-output>
          </reporter-output>
        </test-method> <!-- AfterMethod -->
        <test-method signature="VoyageInfo(java.lang.String,java.lang.String)[pri:0, instance:testClass.VoyageData@d5b810e]" started-at="2023-12-07T17:18:00 IST" name="VoyageInfo" data-provider="VoyageInfo" finished-at="2023-12-07T17:18:41 IST" duration-ms="41079" status="PASS">
          <params>
            <param index="0">
              <value>
                <![CDATA[FTGJ]]>
              </value>
            </param>
            <param index="1">
              <value>
                <![CDATA[Fairchem Tiger]]>
              </value>
            </param>
          </params>
          <reporter-output>
          </reporter-output>
        </test-method> <!-- VoyageInfo -->
        <test-method is-config="true" signature="AfterMethod()[pri:0, instance:testClass.VoyageData@d5b810e]" started-at="2023-12-07T17:18:00 IST" name="AfterMethod" finished-at="2023-12-07T17:18:00 IST" duration-ms="0" status="PASS">
          <reporter-output>
          </reporter-output>
        </test-method> <!-- AfterMethod -->
        <test-method is-config="true" signature="AfterMethod()[pri:0, instance:testClass.VoyageData@d5b810e]" started-at="2023-12-07T17:18:42 IST" name="AfterMethod" finished-at="2023-12-07T17:18:42 IST" duration-ms="4" status="PASS">
          <reporter-output>
          </reporter-output>
        </test-method> <!-- AfterMethod -->
        <test-method signature="VoyageInfo(java.lang.String,java.lang.String)[pri:0, instance:testClass.VoyageData@d5b810e]" started-at="2023-12-07T17:18:42 IST" name="VoyageInfo" data-provider="VoyageInfo" finished-at="2023-12-07T17:19:07 IST" duration-ms="24981" status="PASS">
          <params>
            <param index="0">
              <value>
                <![CDATA[SHSJ]]>
              </value>
            </param>
            <param index="1">
              <value>
                <![CDATA[Shahrastani]]>
              </value>
            </param>
          </params>
          <reporter-output>
          </reporter-output>
        </test-method> <!-- VoyageInfo -->
        <test-method is-config="true" signature="AfterMethod()[pri:0, instance:testClass.VoyageData@d5b810e]" started-at="2023-12-07T17:19:07 IST" name="AfterMethod" finished-at="2023-12-07T17:19:07 IST" duration-ms="0" status="PASS">
          <reporter-output>
          </reporter-output>
        </test-method> <!-- AfterMethod -->
        <test-method signature="VoyageInfo(java.lang.String,java.lang.String)[pri:0, instance:testClass.VoyageData@d5b810e]" started-at="2023-12-07T17:19:07 IST" name="VoyageInfo" data-provider="VoyageInfo" finished-at="2023-12-07T17:19:27 IST" duration-ms="19900" status="PASS">
          <params>
            <param index="0">
              <value>
                <![CDATA[TMEJ]]>
              </value>
            </param>
            <param index="1">
              <value>
                <![CDATA[TRF Memphis]]>
              </value>
            </param>
          </params>
          <reporter-output>
          </reporter-output>
        </test-method> <!-- VoyageInfo -->
        <test-method is-config="true" signature="AfterMethod()[pri:0, instance:testClass.VoyageData@d5b810e]" started-at="2023-12-07T17:19:27 IST" name="AfterMethod" finished-at="2023-12-07T17:19:27 IST" duration-ms="0" status="PASS">
          <reporter-output>
          </reporter-output>
        </test-method> <!-- AfterMethod -->
        <test-method signature="VoyageInfo(java.lang.String,java.lang.String)[pri:0, instance:testClass.VoyageData@d5b810e]" started-at="2023-12-07T17:19:27 IST" name="VoyageInfo" data-provider="VoyageInfo" finished-at="2023-12-07T17:19:49 IST" duration-ms="21461" status="PASS">
          <params>
            <param index="0">
              <value>
                <![CDATA[WAMJ]]>
              </value>
            </param>
            <param index="1">
              <value>
                <![CDATA[Lowlands Amber]]>
              </value>
            </param>
          </params>
          <reporter-output>
          </reporter-output>
        </test-method> <!-- VoyageInfo -->
        <test-method is-config="true" signature="AfterMethod()[pri:0, instance:testClass.VoyageData@d5b810e]" started-at="2023-12-07T17:19:49 IST" name="AfterMethod" finished-at="2023-12-07T17:19:49 IST" duration-ms="1" status="PASS">
          <reporter-output>
          </reporter-output>
        </test-method> <!-- AfterMethod -->
        <test-method signature="VoyageInfo(java.lang.String,java.lang.String)[pri:0, instance:testClass.VoyageData@d5b810e]" started-at="2023-12-07T17:19:49 IST" name="VoyageInfo" data-provider="VoyageInfo" finished-at="2023-12-07T17:20:20 IST" duration-ms="30840" status="PASS">
          <params>
            <param index="0">
              <value>
                <![CDATA[WCMJ]]>
              </value>
            </param>
            <param index="1">
              <value>
                <![CDATA[Lowlands Crimson]]>
              </value>
            </param>
          </params>
          <reporter-output>
          </reporter-output>
        </test-method> <!-- VoyageInfo -->
        <test-method is-config="true" signature="AfterMethod()[pri:0, instance:testClass.VoyageData@d5b810e]" started-at="2023-12-07T17:20:20 IST" name="AfterMethod" finished-at="2023-12-07T17:20:20 IST" duration-ms="0" status="PASS">
          <reporter-output>
          </reporter-output>
        </test-method> <!-- AfterMethod -->
        <test-method signature="VoyageInfo(java.lang.String,java.lang.String)[pri:0, instance:testClass.VoyageData@d5b810e]" started-at="2023-12-07T17:20:20 IST" name="VoyageInfo" data-provider="VoyageInfo" finished-at="2023-12-07T17:21:01 IST" duration-ms="40801" status="PASS">
          <params>
            <param index="0">
              <value>
                <![CDATA[MONJ]]>
              </value>
            </param>
            <param index="1">
              <value>
                <![CDATA[Morston]]>
              </value>
            </param>
          </params>
          <reporter-output>
          </reporter-output>
        </test-method> <!-- VoyageInfo -->
        <test-method is-config="true" signature="AfterMethod()[pri:0, instance:testClass.VoyageData@d5b810e]" started-at="2023-12-07T17:21:01 IST" name="AfterMethod" finished-at="2023-12-07T17:21:01 IST" duration-ms="4" status="PASS">
          <reporter-output>
          </reporter-output>
        </test-method> <!-- AfterMethod -->
        <test-method signature="VoyageInfo(java.lang.String,java.lang.String)[pri:0, instance:testClass.VoyageData@d5b810e]" started-at="2023-12-07T17:21:01 IST" name="VoyageInfo" data-provider="VoyageInfo" finished-at="2023-12-07T17:21:25 IST" duration-ms="23896" status="PASS">
          <params>
            <param index="0">
              <value>
                <![CDATA[MYHJ]]>
              </value>
            </param>
            <param index="1">
              <value>
                <![CDATA[Mercury Hope]]>
              </value>
            </param>
          </params>
          <reporter-output>
          </reporter-output>
        </test-method> <!-- VoyageInfo -->
        <test-method is-config="true" signature="AfterMethod()[pri:0, instance:testClass.VoyageData@d5b810e]" started-at="2023-12-07T17:21:26 IST" name="AfterMethod" finished-at="2023-12-07T17:21:26 IST" duration-ms="1" status="PASS">
          <reporter-output>
          </reporter-output>
        </test-method> <!-- AfterMethod -->
        <test-method signature="VoyageInfo(java.lang.String,java.lang.String)[pri:0, instance:testClass.VoyageData@d5b810e]" started-at="2023-12-07T17:21:26 IST" name="VoyageInfo" data-provider="VoyageInfo" finished-at="2023-12-07T17:21:48 IST" duration-ms="22270" status="PASS">
          <params>
            <param index="0">
              <value>
                <![CDATA[PPNJ]]>
              </value>
            </param>
            <param index="1">
              <value>
                <![CDATA[Pyxis Pioneer]]>
              </value>
            </param>
          </params>
          <reporter-output>
          </reporter-output>
        </test-method> <!-- VoyageInfo -->
        <test-method is-config="true" signature="AfterMethod()[pri:0, instance:testClass.VoyageData@d5b810e]" started-at="2023-12-07T17:21:48 IST" name="AfterMethod" finished-at="2023-12-07T17:21:48 IST" duration-ms="0" status="PASS">
          <reporter-output>
          </reporter-output>
        </test-method> <!-- AfterMethod -->
        <test-method signature="VoyageInfo(java.lang.String,java.lang.String)[pri:0, instance:testClass.VoyageData@d5b810e]" started-at="2023-12-07T17:21:48 IST" name="VoyageInfo" data-provider="VoyageInfo" finished-at="2023-12-07T17:22:12 IST" duration-ms="23458" status="PASS">
          <params>
            <param index="0">
              <value>
                <![CDATA[PYAJ]]>
              </value>
            </param>
            <param index="1">
              <value>
                <![CDATA[Pyxis Alfa]]>
              </value>
            </param>
          </params>
          <reporter-output>
          </reporter-output>
        </test-method> <!-- VoyageInfo -->
        <test-method is-config="true" signature="AfterMethod()[pri:0, instance:testClass.VoyageData@d5b810e]" started-at="2023-12-07T17:22:12 IST" name="AfterMethod" finished-at="2023-12-07T17:22:12 IST" duration-ms="1" status="PASS">
          <reporter-output>
          </reporter-output>
        </test-method> <!-- AfterMethod -->
        <test-method signature="VoyageInfo(java.lang.String,java.lang.String)[pri:0, instance:testClass.VoyageData@d5b810e]" started-at="2023-12-07T17:22:12 IST" name="VoyageInfo" data-provider="VoyageInfo" finished-at="2023-12-07T17:22:55 IST" duration-ms="42693" status="PASS">
          <params>
            <param index="0">
              <value>
                <![CDATA[ACTJ]]>
              </value>
            </param>
            <param index="1">
              <value>
                <![CDATA[Atlantic Titan]]>
              </value>
            </param>
          </params>
          <reporter-output>
          </reporter-output>
        </test-method> <!-- VoyageInfo -->
        <test-method is-config="true" signature="AfterMethod()[pri:0, instance:testClass.VoyageData@d5b810e]" started-at="2023-12-07T17:22:56 IST" name="AfterMethod" finished-at="2023-12-07T17:22:56 IST" duration-ms="1" status="PASS">
          <reporter-output>
          </reporter-output>
        </test-method> <!-- AfterMethod -->
        <test-method signature="VoyageInfo(java.lang.String,java.lang.String)[pri:0, instance:testClass.VoyageData@d5b810e]" started-at="2023-12-07T17:22:56 IST" name="VoyageInfo" data-provider="VoyageInfo" finished-at="2023-12-07T17:24:27 IST" duration-ms="91457" status="FAIL">
          <params>
            <param index="0">
              <value>
                <![CDATA[ACLJ]]>
              </value>
            </param>
            <param index="1">
              <value>
                <![CDATA[Seaways Lily]]>
              </value>
            </param>
          </params>
          <exception class="org.openqa.selenium.TimeoutException">
            <message>
              <![CDATA[Expected condition failed: waiting for element to be clickable: Proxy element for: DefaultElementLocator 'By.xpath: //*[@id='root']/div/div/div[3]/nav/div[2]/div/div[1]/div/div[2]/div/div/input' (tried for 50 second(s) with 500 milliseconds interval)]]>
            </message>
            <full-stacktrace>
              <![CDATA[org.openqa.selenium.TimeoutException: Expected condition failed: waiting for element to be clickable: Proxy element for: DefaultElementLocator 'By.xpath: //*[@id='root']/div/div/div[3]/nav/div[2]/div/div[1]/div/div[2]/div/div/input' (tried for 50 second(s) with 500 milliseconds interval)
at org.openqa.selenium.support.ui.WebDriverWait.timeoutException(WebDriverWait.java:95)
at org.openqa.selenium.support.ui.FluentWait.until(FluentWait.java:272)
at base.Base.eWait(Base.java:119)
at testClass.VoyageData.VoyageInfo(VoyageData.java:46)
at jdk.internal.reflect.GeneratedMethodAccessor86.invoke(Unknown Source)
at java.base/jdk.internal.reflect.DelegatingMethodAccessorImpl.invoke(DelegatingMethodAccessorImpl.java:43)
at java.base/java.lang.reflect.Method.invoke(Method.java:568)
at org.testng.internal.MethodInvocationHelper.invokeMethod(MethodInvocationHelper.java:133)
at org.testng.internal.TestInvoker.invokeMethod(TestInvoker.java:598)
at org.testng.internal.TestInvoker.invokeTestMethod(TestInvoker.java:173)
at org.testng.internal.MethodRunner.runInSequence(MethodRunner.java:46)
at org.testng.internal.TestInvoker$MethodInvocationAgent.invoke(TestInvoker.java:824)
at org.testng.internal.TestInvoker.invokeTestMethods(TestInvoker.java:146)
at org.testng.internal.TestMethodWorker.invokeTestMethods(TestMethodWorker.java:146)
at org.testng.internal.TestMethodWorker.run(TestMethodWorker.java:128)
at java.base/java.util.ArrayList.forEach(ArrayList.java:1511)
at org.testng.TestRunner.privateRun(TestRunner.java:794)
at org.testng.TestRunner.run(TestRunner.java:596)
at org.testng.SuiteRunner.runTest(SuiteRunner.java:377)
at org.testng.SuiteRunner.runSequentially(SuiteRunner.java:371)
at org.testng.SuiteRunner.privateRun(SuiteRunner.java:332)
at org.testng.SuiteRunner.run(SuiteRunner.java:276)
at org.testng.SuiteRunnerWorker.runSuite(SuiteRunnerWorker.java:53)
at org.testng.SuiteRunnerWorker.run(SuiteRunnerWorker.java:96)
at org.testng.TestNG.runSuitesSequentially(TestNG.java:1212)
at org.testng.TestNG.runSuitesLocally(TestNG.java:1134)
at org.testng.TestNG.runSuites(TestNG.java:1063)
at org.testng.TestNG.run(TestNG.java:1031)
at org.testng.remote.AbstractRemoteTestNG.run(AbstractRemoteTestNG.java:115)
at org.testng.remote.RemoteTestNG.initAndRun(RemoteTestNG.java:251)
at org.testng.remote.RemoteTestNG.main(RemoteTestNG.java:77)
Caused by: org.openqa.selenium.NoSuchElementException: no such element: Unable to locate element: {"method":"xpath","selector":"//*[@id='root']/div/div/div[3]/nav/div[2]/div/div[1]/div/div[2]/div/div/input"}
  (Session info: chrome=119.0.6045.200)
For documentation on this error, please visit: https://www.seleniumhq.org/exceptions/no_such_element.html
Build info: version: '3.141.59', revision: 'e82be7d358', time: '2018-11-14T08:17:03'
System info: host: 'INNOL-019', ip: '192.168.1.20', os.name: 'Windows 11', os.arch: 'amd64', os.version: '10.0', java.version: '17.0.5'
Driver info: org.openqa.selenium.chrome.ChromeDriver
Capabilities {acceptInsecureCerts: false, browserName: chrome, browserVersion: 119.0.6045.200, chrome: {chromedriverVersion: 119.0.6045.105 (38c72552c5e..., userDataDir: C:\Users\Poonam\AppData\Loc...}, fedcm:accounts: true, goog:chromeOptions: {debuggerAddress: localhost:55687}, javascriptEnabled: true, networkConnectionEnabled: false, pageLoadStrategy: normal, platform: WINDOWS, platformName: WINDOWS, proxy: Proxy(), setWindowRect: true, strictFileInteractability: false, timeouts: {implicit: 0, pageLoad: 300000, script: 30000}, unhandledPromptBehavior: dismiss and notify, webauthn:extension:credBlob: true, webauthn:extension:largeBlob: true, webauthn:extension:minPinLength: true, webauthn:extension:prf: true, webauthn:virtualAuthenticators: true}
Session ID: 39096ccaba361931a8a1bf7aba67d3cc
*** Element info: {Using=xpath, value=//*[@id='root']/div/div/div[3]/nav/div[2]/div/div[1]/div/div[2]/div/div/input}
at jdk.internal.reflect.GeneratedConstructorAccessor24.newInstance(Unknown Source)
at java.base/jdk.internal.reflect.DelegatingConstructorAccessorImpl.newInstance(DelegatingConstructorAccessorImpl.java:45)
at java.base/java.lang.reflect.Constructor.newInstanceWithCaller(Constructor.java:499)
at java.base/java.lang.reflect.Constructor.newInstance(Constructor.java:480)
at org.openqa.selenium.remote.http.W3CHttpResponseCodec.createException(W3CHttpResponseCodec.java:187)
at org.openqa.selenium.remote.http.W3CHttpResponseCodec.decode(W3CHttpResponseCodec.java:122)
at org.openqa.selenium.remote.http.W3CHttpResponseCodec.decode(W3CHttpResponseCodec.java:49)
at org.openqa.selenium.remote.HttpCommandExecutor.execute(HttpCommandExecutor.java:158)
at org.openqa.selenium.remote.service.DriverCommandExecutor.execute(DriverCommandExecutor.java:83)
at org.openqa.selenium.remote.RemoteWebDriver.execute(RemoteWebDriver.java:552)
at org.openqa.selenium.remote.RemoteWebDriver.findElement(RemoteWebDriver.java:323)
at org.openqa.selenium.remote.RemoteWebDriver.findElementByXPath(RemoteWebDriver.java:428)
at org.openqa.selenium.By$ByXPath.findElement(By.java:353)
at org.openqa.selenium.remote.RemoteWebDriver.findElement(RemoteWebDriver.java:315)
at org.openqa.selenium.support.pagefactory.DefaultElementLocator.findElement(DefaultElementLocator.java:69)
at org.openqa.selenium.support.pagefactory.internal.LocatingElementHandler.invoke(LocatingElementHandler.java:38)
at jdk.proxy2/jdk.proxy2.$Proxy15.isDisplayed(Unknown Source)
at org.openqa.selenium.support.ui.ExpectedConditions.elementIfVisible(ExpectedConditions.java:314)
at org.openqa.selenium.support.ui.ExpectedConditions.access$000(ExpectedConditions.java:43)
at org.openqa.selenium.support.ui.ExpectedConditions$10.apply(ExpectedConditions.java:300)
at org.openqa.selenium.support.ui.ExpectedConditions$10.apply(ExpectedConditions.java:297)
at org.openqa.selenium.support.ui.ExpectedConditions$23.apply(ExpectedConditions.java:670)
at org.openqa.selenium.support.ui.ExpectedConditions$23.apply(ExpectedConditions.java:666)
at org.openqa.selenium.support.ui.FluentWait.until(FluentWait.java:249)
... 29 more
]]>
            </full-stacktrace>
          </exception> <!-- org.openqa.selenium.TimeoutException -->
          <reporter-output>
          </reporter-output>
        </test-method> <!-- VoyageInfo -->
        <test-method is-config="true" signature="AfterMethod()[pri:0, instance:testClass.VoyageData@d5b810e]" started-at="2023-12-07T17:24:28 IST" name="AfterMethod" finished-at="2023-12-07T17:24:28 IST" duration-ms="22" status="PASS">
          <reporter-output>
          </reporter-output>
        </test-method> <!-- AfterMethod -->
        <test-method signature="VoyageInfo(java.lang.String,java.lang.String)[pri:0, instance:testClass.VoyageData@d5b810e]" started-at="2023-12-07T17:24:28 IST" name="VoyageInfo" data-provider="VoyageInfo" finished-at="2023-12-07T17:24:53 IST" duration-ms="24902" status="PASS">
          <params>
            <param index="0">
              <value>
                <![CDATA[ACRJ]]>
              </value>
            </param>
            <param index="1">
              <value>
                <![CDATA[Seaways Rose]]>
              </value>
            </param>
          </params>
          <reporter-output>
          </reporter-output>
        </test-method> <!-- VoyageInfo -->
        <test-method is-config="true" signature="AfterMethod()[pri:0, instance:testClass.VoyageData@d5b810e]" started-at="2023-12-07T17:24:54 IST" name="AfterMethod" finished-at="2023-12-07T17:24:54 IST" duration-ms="1" status="PASS">
          <reporter-output>
          </reporter-output>
        </test-method> <!-- AfterMethod -->
        <test-method signature="VoyageInfo(java.lang.String,java.lang.String)[pri:0, instance:testClass.VoyageData@d5b810e]" started-at="2023-12-07T17:24:54 IST" name="VoyageInfo" data-provider="VoyageInfo" finished-at="2023-12-07T17:25:51 IST" duration-ms="57519" status="PASS">
          <params>
            <param index="0">
              <value>
                <![CDATA[ACGJ]]>
              </value>
            </param>
            <param index="1">
              <value>
                <![CDATA[Seaways Grace]]>
              </value>
            </param>
          </params>
          <reporter-output>
          </reporter-output>
        </test-method> <!-- VoyageInfo -->
        <test-method is-config="true" signature="AfterMethod()[pri:0, instance:testClass.VoyageData@d5b810e]" started-at="2023-12-07T17:25:52 IST" name="AfterMethod" finished-at="2023-12-07T17:25:52 IST" duration-ms="2" status="PASS">
          <reporter-output>
          </reporter-output>
        </test-method> <!-- AfterMethod -->
        <test-method signature="VoyageInfo(java.lang.String,java.lang.String)[pri:0, instance:testClass.VoyageData@d5b810e]" started-at="2023-12-07T17:25:52 IST" name="VoyageInfo" data-provider="VoyageInfo" finished-at="2023-12-07T17:26:14 IST" duration-ms="22003" status="PASS">
          <params>
            <param index="0">
              <value>
                <![CDATA[ADMJ]]>
              </value>
            </param>
            <param index="1">
              <value>
                <![CDATA[Seaways Madeleine]]>
              </value>
            </param>
          </params>
          <reporter-output>
          </reporter-output>
        </test-method> <!-- VoyageInfo -->
        <test-method is-config="true" signature="AfterMethod()[pri:0, instance:testClass.VoyageData@d5b810e]" started-at="2023-12-07T17:26:14 IST" name="AfterMethod" finished-at="2023-12-07T17:26:14 IST" duration-ms="0" status="PASS">
          <reporter-output>
          </reporter-output>
        </test-method> <!-- AfterMethod -->
        <test-method signature="VoyageInfo(java.lang.String,java.lang.String)[pri:0, instance:testClass.VoyageData@d5b810e]" started-at="2023-12-07T17:26:14 IST" name="VoyageInfo" data-provider="VoyageInfo" finished-at="2023-12-07T17:26:26 IST" duration-ms="12391" status="PASS">
          <params>
            <param index="0">
              <value>
                <![CDATA[BRSJ]]>
              </value>
            </param>
            <param index="1">
              <value>
                <![CDATA[Baker Spirit]]>
              </value>
            </param>
          </params>
          <reporter-output>
          </reporter-output>
        </test-method> <!-- VoyageInfo -->
        <test-method signature="VoyageInfo(java.lang.String,java.lang.String)[pri:0, instance:testClass.VoyageData@d5b810e]" started-at="2023-12-07T17:26:27 IST" name="VoyageInfo" data-provider="VoyageInfo" finished-at="2023-12-07T17:26:59 IST" duration-ms="31828" status="PASS">
          <params>
            <param index="0">
              <value>
                <![CDATA[BBSJ]]>
              </value>
            </param>
            <param index="1">
              <value>
                <![CDATA[Bochem Brussels]]>
              </value>
            </param>
          </params>
          <reporter-output>
          </reporter-output>
        </test-method> <!-- VoyageInfo -->
        <test-method is-config="true" signature="AfterMethod()[pri:0, instance:testClass.VoyageData@d5b810e]" started-at="2023-12-07T17:26:27 IST" name="AfterMethod" finished-at="2023-12-07T17:26:27 IST" duration-ms="0" status="PASS">
          <reporter-output>
          </reporter-output>
        </test-method> <!-- AfterMethod -->
        <test-method is-config="true" signature="AfterMethod()[pri:0, instance:testClass.VoyageData@d5b810e]" started-at="2023-12-07T17:26:59 IST" name="AfterMethod" finished-at="2023-12-07T17:26:59 IST" duration-ms="0" status="PASS">
          <reporter-output>
          </reporter-output>
        </test-method> <!-- AfterMethod -->
        <test-method signature="VoyageInfo(java.lang.String,java.lang.String)[pri:0, instance:testClass.VoyageData@d5b810e]" started-at="2023-12-07T17:26:59 IST" name="VoyageInfo" data-provider="VoyageInfo" finished-at="2023-12-07T17:28:30 IST" duration-ms="91039" status="FAIL">
          <params>
            <param index="0">
              <value>
                <![CDATA[ANMJ]]>
              </value>
            </param>
            <param index="1">
              <value>
                <![CDATA[Alpine Melina]]>
              </value>
            </param>
          </params>
          <exception class="org.openqa.selenium.TimeoutException">
            <message>
              <![CDATA[Expected condition failed: waiting for element to be clickable: Proxy element for: DefaultElementLocator 'By.xpath: //*[@id='root']/div/div/div[3]/nav/div[2]/div/div[1]/div/div[2]/div/div/input' (tried for 50 second(s) with 500 milliseconds interval)]]>
            </message>
            <full-stacktrace>
              <![CDATA[org.openqa.selenium.TimeoutException: Expected condition failed: waiting for element to be clickable: Proxy element for: DefaultElementLocator 'By.xpath: //*[@id='root']/div/div/div[3]/nav/div[2]/div/div[1]/div/div[2]/div/div/input' (tried for 50 second(s) with 500 milliseconds interval)
at org.openqa.selenium.support.ui.WebDriverWait.timeoutException(WebDriverWait.java:95)
at org.openqa.selenium.support.ui.FluentWait.until(FluentWait.java:272)
at base.Base.eWait(Base.java:119)
at testClass.VoyageData.VoyageInfo(VoyageData.java:46)
at jdk.internal.reflect.GeneratedMethodAccessor86.invoke(Unknown Source)
at java.base/jdk.internal.reflect.DelegatingMethodAccessorImpl.invoke(DelegatingMethodAccessorImpl.java:43)
at java.base/java.lang.reflect.Method.invoke(Method.java:568)
at org.testng.internal.MethodInvocationHelper.invokeMethod(MethodInvocationHelper.java:133)
at org.testng.internal.TestInvoker.invokeMethod(TestInvoker.java:598)
at org.testng.internal.TestInvoker.invokeTestMethod(TestInvoker.java:173)
at org.testng.internal.MethodRunner.runInSequence(MethodRunner.java:46)
at org.testng.internal.TestInvoker$MethodInvocationAgent.invoke(TestInvoker.java:824)
at org.testng.internal.TestInvoker.invokeTestMethods(TestInvoker.java:146)
at org.testng.internal.TestMethodWorker.invokeTestMethods(TestMethodWorker.java:146)
at org.testng.internal.TestMethodWorker.run(TestMethodWorker.java:128)
at java.base/java.util.ArrayList.forEach(ArrayList.java:1511)
at org.testng.TestRunner.privateRun(TestRunner.java:794)
at org.testng.TestRunner.run(TestRunner.java:596)
at org.testng.SuiteRunner.runTest(SuiteRunner.java:377)
at org.testng.SuiteRunner.runSequentially(SuiteRunner.java:371)
at org.testng.SuiteRunner.privateRun(SuiteRunner.java:332)
at org.testng.SuiteRunner.run(SuiteRunner.java:276)
at org.testng.SuiteRunnerWorker.runSuite(SuiteRunnerWorker.java:53)
at org.testng.SuiteRunnerWorker.run(SuiteRunnerWorker.java:96)
at org.testng.TestNG.runSuitesSequentially(TestNG.java:1212)
at org.testng.TestNG.runSuitesLocally(TestNG.java:1134)
at org.testng.TestNG.runSuites(TestNG.java:1063)
at org.testng.TestNG.run(TestNG.java:1031)
at org.testng.remote.AbstractRemoteTestNG.run(AbstractRemoteTestNG.java:115)
at org.testng.remote.RemoteTestNG.initAndRun(RemoteTestNG.java:251)
at org.testng.remote.RemoteTestNG.main(RemoteTestNG.java:77)
Caused by: org.openqa.selenium.NoSuchElementException: no such element: Unable to locate element: {"method":"xpath","selector":"//*[@id='root']/div/div/div[3]/nav/div[2]/div/div[1]/div/div[2]/div/div/input"}
  (Session info: chrome=119.0.6045.200)
For documentation on this error, please visit: https://www.seleniumhq.org/exceptions/no_such_element.html
Build info: version: '3.141.59', revision: 'e82be7d358', time: '2018-11-14T08:17:03'
System info: host: 'INNOL-019', ip: '192.168.1.20', os.name: 'Windows 11', os.arch: 'amd64', os.version: '10.0', java.version: '17.0.5'
Driver info: org.openqa.selenium.chrome.ChromeDriver
Capabilities {acceptInsecureCerts: false, browserName: chrome, browserVersion: 119.0.6045.200, chrome: {chromedriverVersion: 119.0.6045.105 (38c72552c5e..., userDataDir: C:\Users\Poonam\AppData\Loc...}, fedcm:accounts: true, goog:chromeOptions: {debuggerAddress: localhost:55687}, javascriptEnabled: true, networkConnectionEnabled: false, pageLoadStrategy: normal, platform: WINDOWS, platformName: WINDOWS, proxy: Proxy(), setWindowRect: true, strictFileInteractability: false, timeouts: {implicit: 0, pageLoad: 300000, script: 30000}, unhandledPromptBehavior: dismiss and notify, webauthn:extension:credBlob: true, webauthn:extension:largeBlob: true, webauthn:extension:minPinLength: true, webauthn:extension:prf: true, webauthn:virtualAuthenticators: true}
Session ID: 39096ccaba361931a8a1bf7aba67d3cc
*** Element info: {Using=xpath, value=//*[@id='root']/div/div/div[3]/nav/div[2]/div/div[1]/div/div[2]/div/div/input}
at jdk.internal.reflect.GeneratedConstructorAccessor24.newInstance(Unknown Source)
at java.base/jdk.internal.reflect.DelegatingConstructorAccessorImpl.newInstance(DelegatingConstructorAccessorImpl.java:45)
at java.base/java.lang.reflect.Constructor.newInstanceWithCaller(Constructor.java:499)
at java.base/java.lang.reflect.Constructor.newInstance(Constructor.java:480)
at org.openqa.selenium.remote.http.W3CHttpResponseCodec.createException(W3CHttpResponseCodec.java:187)
at org.openqa.selenium.remote.http.W3CHttpResponseCodec.decode(W3CHttpResponseCodec.java:122)
at org.openqa.selenium.remote.http.W3CHttpResponseCodec.decode(W3CHttpResponseCodec.java:49)
at org.openqa.selenium.remote.HttpCommandExecutor.execute(HttpCommandExecutor.java:158)
at org.openqa.selenium.remote.service.DriverCommandExecutor.execute(DriverCommandExecutor.java:83)
at org.openqa.selenium.remote.RemoteWebDriver.execute(RemoteWebDriver.java:552)
at org.openqa.selenium.remote.RemoteWebDriver.findElement(RemoteWebDriver.java:323)
at org.openqa.selenium.remote.RemoteWebDriver.findElementByXPath(RemoteWebDriver.java:428)
at org.openqa.selenium.By$ByXPath.findElement(By.java:353)
at org.openqa.selenium.remote.RemoteWebDriver.findElement(RemoteWebDriver.java:315)
at org.openqa.selenium.support.pagefactory.DefaultElementLocator.findElement(DefaultElementLocator.java:69)
at org.openqa.selenium.support.pagefactory.internal.LocatingElementHandler.invoke(LocatingElementHandler.java:38)
at jdk.proxy2/jdk.proxy2.$Proxy15.isDisplayed(Unknown Source)
at org.openqa.selenium.support.ui.ExpectedConditions.elementIfVisible(ExpectedConditions.java:314)
at org.openqa.selenium.support.ui.ExpectedConditions.access$000(ExpectedConditions.java:43)
at org.openqa.selenium.support.ui.ExpectedConditions$10.apply(ExpectedConditions.java:300)
at org.openqa.selenium.support.ui.ExpectedConditions$10.apply(ExpectedConditions.java:297)
at org.openqa.selenium.support.ui.ExpectedConditions$23.apply(ExpectedConditions.java:670)
at org.openqa.selenium.support.ui.ExpectedConditions$23.apply(ExpectedConditions.java:666)
at org.openqa.selenium.support.ui.FluentWait.until(FluentWait.java:249)
... 29 more
]]>
            </full-stacktrace>
          </exception> <!-- org.openqa.selenium.TimeoutException -->
          <reporter-output>
          </reporter-output>
        </test-method> <!-- VoyageInfo -->
        <test-method signature="VoyageInfo(java.lang.String,java.lang.String)[pri:0, instance:testClass.VoyageData@d5b810e]" started-at="2023-12-07T17:28:31 IST" name="VoyageInfo" data-provider="VoyageInfo" finished-at="2023-12-07T17:28:42 IST" duration-ms="11845" status="PASS">
          <params>
            <param index="0">
              <value>
                <![CDATA[ACSJ]]>
              </value>
            </param>
            <param index="1">
              <value>
                <![CDATA[Seaways Star]]>
              </value>
            </param>
          </params>
          <reporter-output>
          </reporter-output>
        </test-method> <!-- VoyageInfo -->
        <test-method is-config="true" signature="AfterMethod()[pri:0, instance:testClass.VoyageData@d5b810e]" started-at="2023-12-07T17:28:31 IST" name="AfterMethod" finished-at="2023-12-07T17:28:31 IST" duration-ms="0" status="PASS">
          <reporter-output>
          </reporter-output>
        </test-method> <!-- AfterMethod -->
        <test-method is-config="true" signature="AfterMethod()[pri:0, instance:testClass.VoyageData@d5b810e]" started-at="2023-12-07T17:28:43 IST" name="AfterMethod" finished-at="2023-12-07T17:28:43 IST" duration-ms="3" status="PASS">
          <reporter-output>
          </reporter-output>
        </test-method> <!-- AfterMethod -->
        <test-method signature="VoyageInfo(java.lang.String,java.lang.String)[pri:0, instance:testClass.VoyageData@d5b810e]" started-at="2023-12-07T17:28:43 IST" name="VoyageInfo" data-provider="VoyageInfo" finished-at="2023-12-07T17:29:52 IST" duration-ms="69102" status="PASS">
          <params>
            <param index="0">
              <value>
                <![CDATA[ACOJ]]>
              </value>
            </param>
            <param index="1">
              <value>
                <![CDATA[Seaways Olive]]>
              </value>
            </param>
          </params>
          <reporter-output>
          </reporter-output>
        </test-method> <!-- VoyageInfo -->
        <test-method is-config="true" signature="AfterMethod()[pri:0, instance:testClass.VoyageData@d5b810e]" started-at="2023-12-07T17:29:53 IST" name="AfterMethod" finished-at="2023-12-07T17:29:53 IST" duration-ms="1" status="PASS">
          <reporter-output>
          </reporter-output>
        </test-method> <!-- AfterMethod -->
        <test-method signature="VoyageInfo(java.lang.String,java.lang.String)[pri:0, instance:testClass.VoyageData@d5b810e]" started-at="2023-12-07T17:29:53 IST" name="VoyageInfo" data-provider="VoyageInfo" finished-at="2023-12-07T17:30:13 IST" duration-ms="19388" status="PASS">
          <params>
            <param index="0">
              <value>
                <![CDATA[AEGJ]]>
              </value>
            </param>
            <param index="1">
              <value>
                <![CDATA[Largo Elegance]]>
              </value>
            </param>
          </params>
          <reporter-output>
          </reporter-output>
        </test-method> <!-- VoyageInfo -->
        <test-method is-config="true" signature="AfterMethod()[pri:0, instance:testClass.VoyageData@d5b810e]" started-at="2023-12-07T17:30:14 IST" name="AfterMethod" finished-at="2023-12-07T17:30:14 IST" duration-ms="0" status="PASS">
          <reporter-output>
          </reporter-output>
        </test-method> <!-- AfterMethod -->
        <test-method signature="VoyageInfo(java.lang.String,java.lang.String)[pri:0, instance:testClass.VoyageData@d5b810e]" started-at="2023-12-07T17:30:14 IST" name="VoyageInfo" data-provider="VoyageInfo" finished-at="2023-12-07T17:31:17 IST" duration-ms="63075" status="PASS">
          <params>
            <param index="0">
              <value>
                <![CDATA[BNBJ]]>
              </value>
            </param>
            <param index="1">
              <value>
                <![CDATA[Berge Ningbo]]>
              </value>
            </param>
          </params>
          <reporter-output>
          </reporter-output>
        </test-method> <!-- VoyageInfo -->
        <test-method is-config="true" signature="AfterMethod()[pri:0, instance:testClass.VoyageData@d5b810e]" started-at="2023-12-07T17:31:51 IST" name="AfterMethod" finished-at="2023-12-07T17:31:51 IST" duration-ms="9" status="PASS">
          <reporter-output>
          </reporter-output>
        </test-method> <!-- AfterMethod -->
        <test-method is-config="true" signature="endTest()[pri:0, instance:testClass.VoyageData@d5b810e]" started-at="2023-12-07T17:36:17 IST" name="endTest" finished-at="2023-12-07T17:36:17 IST" duration-ms="47" status="FAIL">
          <exception class="java.lang.AssertionError">
            <message>
              <![CDATA[The following asserts failed:
Error in vessel Searchno such element: Unable to locate element: {"method":"xpath","selector":"//div[text()='Maersk Niamey']"}
  (Session info: chrome=119.0.6045.200)
For documentation on this error, please visit: https://www.seleniumhq.org/exceptions/no_such_element.html
Build info: version: '3.141.59', revision: 'e82be7d358', time: '2018-11-14T08:17:03'
System info: host: 'INNOL-019', ip: '192.168.1.20', os.name: 'Windows 11', os.arch: 'amd64', os.version: '10.0', java.version: '17.0.5'
Driver info: org.openqa.selenium.chrome.ChromeDriver
Capabilities {acceptInsecureCerts: false, browserName: chrome, browserVersion: 119.0.6045.200, chrome: {chromedriverVersion: 119.0.6045.105 (38c72552c5e..., userDataDir: C:\Users\Poonam\AppData\Loc...}, fedcm:accounts: true, goog:chromeOptions: {debuggerAddress: localhost:55687}, javascriptEnabled: true, networkConnectionEnabled: false, pageLoadStrategy: normal, platform: WINDOWS, platformName: WINDOWS, proxy: Proxy(), setWindowRect: true, strictFileInteractability: false, timeouts: {implicit: 0, pageLoad: 300000, script: 30000}, unhandledPromptBehavior: dismiss and notify, webauthn:extension:credBlob: true, webauthn:extension:largeBlob: true, webauthn:extension:minPinLength: true, webauthn:extension:prf: true, webauthn:virtualAuthenticators: true}
Session ID: 39096ccaba361931a8a1bf7aba67d3cc
*** Element info: {Using=xpath, value=//div[text()='Maersk Niamey']} expected [true] but found [false],
Error in vessel Searchno such element: Unable to locate element: {"method":"xpath","selector":"//div[text()='Maersk Niagara']"}
  (Session info: chrome=119.0.6045.200)
For documentation on this error, please visit: https://www.seleniumhq.org/exceptions/no_such_element.html
Build info: version: '3.141.59', revision: 'e82be7d358', time: '2018-11-14T08:17:03'
System info: host: 'INNOL-019', ip: '192.168.1.20', os.name: 'Windows 11', os.arch: 'amd64', os.version: '10.0', java.version: '17.0.5'
Driver info: org.openqa.selenium.chrome.ChromeDriver
Capabilities {acceptInsecureCerts: false, browserName: chrome, browserVersion: 119.0.6045.200, chrome: {chromedriverVersion: 119.0.6045.105 (38c72552c5e..., userDataDir: C:\Users\Poonam\AppData\Loc...}, fedcm:accounts: true, goog:chromeOptions: {debuggerAddress: localhost:55687}, javascriptEnabled: true, networkConnectionEnabled: false, pageLoadStrategy: normal, platform: WINDOWS, platformName: WINDOWS, proxy: Proxy(), setWindowRect: true, strictFileInteractability: false, timeouts: {implicit: 0, pageLoad: 300000, script: 30000}, unhandledPromptBehavior: dismiss and notify, webauthn:extension:credBlob: true, webauthn:extension:largeBlob: true, webauthn:extension:minPinLength: true, webauthn:extension:prf: true, webauthn:virtualAuthenticators: true}
Session ID: 39096ccaba361931a8a1bf7aba67d3cc
*** Element info: {Using=xpath, value=//div[text()='Maersk Niagara']} expected [true] but found [false],
Error in vessel Searchno such element: Unable to locate element: {"method":"xpath","selector":"//div[text()='Chemway Gaia (OOM)']"}
  (Session info: chrome=119.0.6045.200)
For documentation on this error, please visit: https://www.seleniumhq.org/exceptions/no_such_element.html
Build info: version: '3.141.59', revision: 'e82be7d358', time: '2018-11-14T08:17:03'
System info: host: 'INNOL-019', ip: '192.168.1.20', os.name: 'Windows 11', os.arch: 'amd64', os.version: '10.0', java.version: '17.0.5'
Driver info: org.openqa.selenium.chrome.ChromeDriver
Capabilities {acceptInsecureCerts: false, browserName: chrome, browserVersion: 119.0.6045.200, chrome: {chromedriverVersion: 119.0.6045.105 (38c72552c5e..., userDataDir: C:\Users\Poonam\AppData\Loc...}, fedcm:accounts: true, goog:chromeOptions: {debuggerAddress: localhost:55687}, javascriptEnabled: true, networkConnectionEnabled: false, pageLoadStrategy: normal, platform: WINDOWS, platformName: WINDOWS, proxy: Proxy(), setWindowRect: true, strictFileInteractability: false, timeouts: {implicit: 0, pageLoad: 300000, script: 30000}, unhandledPromptBehavior: dismiss and notify, webauthn:extension:credBlob: true, webauthn:extension:largeBlob: true, webauthn:extension:minPinLength: true, webauthn:extension:prf: true, webauthn:virtualAuthenticators: true}
Session ID: 39096ccaba361931a8a1bf7aba67d3cc
*** Element info: {Using=xpath, value=//div[text()='Chemway Gaia (OOM)']} expected [true] but found [false],
Error in vessel Searchno such element: Unable to locate element: {"method":"xpath","selector":"//div[text()='Chemstar Stellar (OOM)']"}
  (Session info: chrome=119.0.6045.200)
For documentation on this error, please visit: https://www.seleniumhq.org/exceptions/no_such_element.html
Build info: version: '3.141.59', revision: 'e82be7d358', time: '2018-11-14T08:17:03'
System info: host: 'INNOL-019', ip: '192.168.1.20', os.name: 'Windows 11', os.arch: 'amd64', os.version: '10.0', java.version: '17.0.5'
Driver info: org.openqa.selenium.chrome.ChromeDriver
Capabilities {acceptInsecureCerts: false, browserName: chrome, browserVersion: 119.0.6045.200, chrome: {chromedriverVersion: 119.0.6045.105 (38c72552c5e..., userDataDir: C:\Users\Poonam\AppData\Loc...}, fedcm:accounts: true, goog:chromeOptions: {debuggerAddress: localhost:55687}, javascriptEnabled: true, networkConnectionEnabled: false, pageLoadStrategy: normal, platform: WINDOWS, platformName: WINDOWS, proxy: Proxy(), setWindowRect: true, strictFileInteractability: false, timeouts: {implicit: 0, pageLoad: 300000, script: 30000}, unhandledPromptBehavior: dismiss and notify, webauthn:extension:credBlob: true, webauthn:extension:largeBlob: true, webauthn:extension:minPinLength: true, webauthn:extension:prf: true, webauthn:virtualAuthenticators: true}
Session ID: 39096ccaba361931a8a1bf7aba67d3cc
*** Element info: {Using=xpath, value=//div[text()='Chemstar Stellar (OOM)']} expected [true] but found [false],
Error in vessel Searchno such element: Unable to locate element: {"method":"xpath","selector":"//div[text()='Atlantic Titan']"}
  (Session info: chrome=119.0.6045.200)
For documentation on this error, please visit: https://www.seleniumhq.org/exceptions/no_such_element.html
Build info: version: '3.141.59', revision: 'e82be7d358', time: '2018-11-14T08:17:03'
System info: host: 'INNOL-019', ip: '192.168.1.20', os.name: 'Windows 11', os.arch: 'amd64', os.version: '10.0', java.version: '17.0.5'
Driver info: org.openqa.selenium.chrome.ChromeDriver
Capabilities {acceptInsecureCerts: false, browserName: chrome, browserVersion: 119.0.6045.200, chrome: {chromedriverVersion: 119.0.6045.105 (38c72552c5e..., userDataDir: C:\Users\Poonam\AppData\Loc...}, fedcm:accounts: true, goog:chromeOptions: {debuggerAddress: localhost:55687}, javascriptEnabled: true, networkConnectionEnabled: false, pageLoadStrategy: normal, platform: WINDOWS, platformName: WINDOWS, proxy: Proxy(), setWindowRect: true, strictFileInteractability: false, timeouts: {implicit: 0, pageLoad: 300000, script: 30000}, unhandledPromptBehavior: dismiss and notify, webauthn:extension:credBlob: true, webauthn:extension:largeBlob: true, webauthn:extension:minPinLength: true, webauthn:extension:prf: true, webauthn:virtualAuthenticators: true}
Session ID: 39096ccaba361931a8a1bf7aba67d3cc
*** Element info: {Using=xpath, value=//div[text()='Atlantic Titan']} expected [true] but found [false],
Error in vessel Searchno such element: Unable to locate element: {"method":"xpath","selector":"//div[text()='Bochem Brussels']"}
  (Session info: chrome=119.0.6045.200)
For documentation on this error, please visit: https://www.seleniumhq.org/exceptions/no_such_element.html
Build info: version: '3.141.59', revision: 'e82be7d358', time: '2018-11-14T08:17:03'
System info: host: 'INNOL-019', ip: '192.168.1.20', os.name: 'Windows 11', os.arch: 'amd64', os.version: '10.0', java.version: '17.0.5'
Driver info: org.openqa.selenium.chrome.ChromeDriver
Capabilities {acceptInsecureCerts: false, browserName: chrome, browserVersion: 119.0.6045.200, chrome: {chromedriverVersion: 119.0.6045.105 (38c72552c5e..., userDataDir: C:\Users\Poonam\AppData\Loc...}, fedcm:accounts: true, goog:chromeOptions: {debuggerAddress: localhost:55687}, javascriptEnabled: true, networkConnectionEnabled: false, pageLoadStrategy: normal, platform: WINDOWS, platformName: WINDOWS, proxy: Proxy(), setWindowRect: true, strictFileInteractability: false, timeouts: {implicit: 0, pageLoad: 300000, script: 30000}, unhandledPromptBehavior: dismiss and notify, webauthn:extension:credBlob: true, webauthn:extension:largeBlob: true, webauthn:extension:minPinLength: true, webauthn:extension:prf: true, webauthn:virtualAuthenticators: true}
Session ID: 39096ccaba361931a8a1bf7aba67d3cc
*** Element info: {Using=xpath, value=//div[text()='Bochem Brussels']} expected [true] but found [false]]]>
            </message>
            <full-stacktrace>
              <![CDATA[java.lang.AssertionError: The following asserts failed:
Error in vessel Searchno such element: Unable to locate element: {"method":"xpath","selector":"//div[text()='Maersk Niamey']"}
  (Session info: chrome=119.0.6045.200)
For documentation on this error, please visit: https://www.seleniumhq.org/exceptions/no_such_element.html
Build info: version: '3.141.59', revision: 'e82be7d358', time: '2018-11-14T08:17:03'
System info: host: 'INNOL-019', ip: '192.168.1.20', os.name: 'Windows 11', os.arch: 'amd64', os.version: '10.0', java.version: '17.0.5'
Driver info: org.openqa.selenium.chrome.ChromeDriver
Capabilities {acceptInsecureCerts: false, browserName: chrome, browserVersion: 119.0.6045.200, chrome: {chromedriverVersion: 119.0.6045.105 (38c72552c5e..., userDataDir: C:\Users\Poonam\AppData\Loc...}, fedcm:accounts: true, goog:chromeOptions: {debuggerAddress: localhost:55687}, javascriptEnabled: true, networkConnectionEnabled: false, pageLoadStrategy: normal, platform: WINDOWS, platformName: WINDOWS, proxy: Proxy(), setWindowRect: true, strictFileInteractability: false, timeouts: {implicit: 0, pageLoad: 300000, script: 30000}, unhandledPromptBehavior: dismiss and notify, webauthn:extension:credBlob: true, webauthn:extension:largeBlob: true, webauthn:extension:minPinLength: true, webauthn:extension:prf: true, webauthn:virtualAuthenticators: true}
Session ID: 39096ccaba361931a8a1bf7aba67d3cc
*** Element info: {Using=xpath, value=//div[text()='Maersk Niamey']} expected [true] but found [false],
Error in vessel Searchno such element: Unable to locate element: {"method":"xpath","selector":"//div[text()='Maersk Niagara']"}
  (Session info: chrome=119.0.6045.200)
For documentation on this error, please visit: https://www.seleniumhq.org/exceptions/no_such_element.html
Build info: version: '3.141.59', revision: 'e82be7d358', time: '2018-11-14T08:17:03'
System info: host: 'INNOL-019', ip: '192.168.1.20', os.name: 'Windows 11', os.arch: 'amd64', os.version: '10.0', java.version: '17.0.5'
Driver info: org.openqa.selenium.chrome.ChromeDriver
Capabilities {acceptInsecureCerts: false, browserName: chrome, browserVersion: 119.0.6045.200, chrome: {chromedriverVersion: 119.0.6045.105 (38c72552c5e..., userDataDir: C:\Users\Poonam\AppData\Loc...}, fedcm:accounts: true, goog:chromeOptions: {debuggerAddress: localhost:55687}, javascriptEnabled: true, networkConnectionEnabled: false, pageLoadStrategy: normal, platform: WINDOWS, platformName: WINDOWS, proxy: Proxy(), setWindowRect: true, strictFileInteractability: false, timeouts: {implicit: 0, pageLoad: 300000, script: 30000}, unhandledPromptBehavior: dismiss and notify, webauthn:extension:credBlob: true, webauthn:extension:largeBlob: true, webauthn:extension:minPinLength: true, webauthn:extension:prf: true, webauthn:virtualAuthenticators: true}
Session ID: 39096ccaba361931a8a1bf7aba67d3cc
*** Element info: {Using=xpath, value=//div[text()='Maersk Niagara']} expected [true] but found [false],
Error in vessel Searchno such element: Unable to locate element: {"method":"xpath","selector":"//div[text()='Chemway Gaia (OOM)']"}
  (Session info: chrome=119.0.6045.200)
For documentation on this error, please visit: https://www.seleniumhq.org/exceptions/no_such_element.html
Build info: version: '3.141.59', revision: 'e82be7d358', time: '2018-11-14T08:17:03'
System info: host: 'INNOL-019', ip: '192.168.1.20', os.name: 'Windows 11', os.arch: 'amd64', os.version: '10.0', java.version: '17.0.5'
Driver info: org.openqa.selenium.chrome.ChromeDriver
Capabilities {acceptInsecureCerts: false, browserName: chrome, browserVersion: 119.0.6045.200, chrome: {chromedriverVersion: 119.0.6045.105 (38c72552c5e..., userDataDir: C:\Users\Poonam\AppData\Loc...}, fedcm:accounts: true, goog:chromeOptions: {debuggerAddress: localhost:55687}, javascriptEnabled: true, networkConnectionEnabled: false, pageLoadStrategy: normal, platform: WINDOWS, platformName: WINDOWS, proxy: Proxy(), setWindowRect: true, strictFileInteractability: false, timeouts: {implicit: 0, pageLoad: 300000, script: 30000}, unhandledPromptBehavior: dismiss and notify, webauthn:extension:credBlob: true, webauthn:extension:largeBlob: true, webauthn:extension:minPinLength: true, webauthn:extension:prf: true, webauthn:virtualAuthenticators: true}
Session ID: 39096ccaba361931a8a1bf7aba67d3cc
*** Element info: {Using=xpath, value=//div[text()='Chemway Gaia (OOM)']} expected [true] but found [false],
Error in vessel Searchno such element: Unable to locate element: {"method":"xpath","selector":"//div[text()='Chemstar Stellar (OOM)']"}
  (Session info: chrome=119.0.6045.200)
For documentation on this error, please visit: https://www.seleniumhq.org/exceptions/no_such_element.html
Build info: version: '3.141.59', revision: 'e82be7d358', time: '2018-11-14T08:17:03'
System info: host: 'INNOL-019', ip: '192.168.1.20', os.name: 'Windows 11', os.arch: 'amd64', os.version: '10.0', java.version: '17.0.5'
Driver info: org.openqa.selenium.chrome.ChromeDriver
Capabilities {acceptInsecureCerts: false, browserName: chrome, browserVersion: 119.0.6045.200, chrome: {chromedriverVersion: 119.0.6045.105 (38c72552c5e..., userDataDir: C:\Users\Poonam\AppData\Loc...}, fedcm:accounts: true, goog:chromeOptions: {debuggerAddress: localhost:55687}, javascriptEnabled: true, networkConnectionEnabled: false, pageLoadStrategy: normal, platform: WINDOWS, platformName: WINDOWS, proxy: Proxy(), setWindowRect: true, strictFileInteractability: false, timeouts: {implicit: 0, pageLoad: 300000, script: 30000}, unhandledPromptBehavior: dismiss and notify, webauthn:extension:credBlob: true, webauthn:extension:largeBlob: true, webauthn:extension:minPinLength: true, webauthn:extension:prf: true, webauthn:virtualAuthenticators: true}
Session ID: 39096ccaba361931a8a1bf7aba67d3cc
*** Element info: {Using=xpath, value=//div[text()='Chemstar Stellar (OOM)']} expected [true] but found [false],
Error in vessel Searchno such element: Unable to locate element: {"method":"xpath","selector":"//div[text()='Atlantic Titan']"}
  (Session info: chrome=119.0.6045.200)
For documentation on this error, please visit: https://www.seleniumhq.org/exceptions/no_such_element.html
Build info: version: '3.141.59', revision: 'e82be7d358', time: '2018-11-14T08:17:03'
System info: host: 'INNOL-019', ip: '192.168.1.20', os.name: 'Windows 11', os.arch: 'amd64', os.version: '10.0', java.version: '17.0.5'
Driver info: org.openqa.selenium.chrome.ChromeDriver
Capabilities {acceptInsecureCerts: false, browserName: chrome, browserVersion: 119.0.6045.200, chrome: {chromedriverVersion: 119.0.6045.105 (38c72552c5e..., userDataDir: C:\Users\Poonam\AppData\Loc...}, fedcm:accounts: true, goog:chromeOptions: {debuggerAddress: localhost:55687}, javascriptEnabled: true, networkConnectionEnabled: false, pageLoadStrategy: normal, platform: WINDOWS, platformName: WINDOWS, proxy: Proxy(), setWindowRect: true, strictFileInteractability: false, timeouts: {implicit: 0, pageLoad: 300000, script: 30000}, unhandledPromptBehavior: dismiss and notify, webauthn:extension:credBlob: true, webauthn:extension:largeBlob: true, webauthn:extension:minPinLength: true, webauthn:extension:prf: true, webauthn:virtualAuthenticators: true}
Session ID: 39096ccaba361931a8a1bf7aba67d3cc
*** Element info: {Using=xpath, value=//div[text()='Atlantic Titan']} expected [true] but found [false],
Error in vessel Searchno such element: Unable to locate element: {"method":"xpath","selector":"//div[text()='Bochem Brussels']"}
  (Session info: chrome=119.0.6045.200)
For documentation on this error, please visit: https://www.seleniumhq.org/exceptions/no_such_element.html
Build info: version: '3.141.59', revision: 'e82be7d358', time: '2018-11-14T08:17:03'
System info: host: 'INNOL-019', ip: '192.168.1.20', os.name: 'Windows 11', os.arch: 'amd64', os.version: '10.0', java.version: '17.0.5'
Driver info: org.openqa.selenium.chrome.ChromeDriver
Capabilities {acceptInsecureCerts: false, browserName: chrome, browserVersion: 119.0.6045.200, chrome: {chromedriverVersion: 119.0.6045.105 (38c72552c5e..., userDataDir: C:\Users\Poonam\AppData\Loc...}, fedcm:accounts: true, goog:chromeOptions: {debuggerAddress: localhost:55687}, javascriptEnabled: true, networkConnectionEnabled: false, pageLoadStrategy: normal, platform: WINDOWS, platformName: WINDOWS, proxy: Proxy(), setWindowRect: true, strictFileInteractability: false, timeouts: {implicit: 0, pageLoad: 300000, script: 30000}, unhandledPromptBehavior: dismiss and notify, webauthn:extension:credBlob: true, webauthn:extension:largeBlob: true, webauthn:extension:minPinLength: true, webauthn:extension:prf: true, webauthn:virtualAuthenticators: true}
Session ID: 39096ccaba361931a8a1bf7aba67d3cc
*** Element info: {Using=xpath, value=//div[text()='Bochem Brussels']} expected [true] but found [false]
at org.testng.asserts.SoftAssert.assertAll(SoftAssert.java:47)
at org.testng.asserts.SoftAssert.assertAll(SoftAssert.java:31)
at testClass.VoyageData.endTest(VoyageData.java:134)
at java.base/jdk.internal.reflect.NativeMethodAccessorImpl.invoke0(Native Method)
at java.base/jdk.internal.reflect.NativeMethodAccessorImpl.invoke(NativeMethodAccessorImpl.java:77)
at java.base/jdk.internal.reflect.DelegatingMethodAccessorImpl.invoke(DelegatingMethodAccessorImpl.java:43)
at java.base/java.lang.reflect.Method.invoke(Method.java:568)
at org.testng.internal.MethodInvocationHelper.invokeMethod(MethodInvocationHelper.java:133)
at org.testng.internal.MethodInvocationHelper.invokeMethodConsideringTimeout(MethodInvocationHelper.java:62)
at org.testng.internal.ConfigInvoker.invokeConfigurationMethod(ConfigInvoker.java:385)
at org.testng.internal.ConfigInvoker.invokeConfigurations(ConfigInvoker.java:321)
at org.testng.internal.TestMethodWorker.invokeAfterClassMethods(TestMethodWorker.java:217)
at org.testng.internal.TestMethodWorker.run(TestMethodWorker.java:130)
at java.base/java.util.ArrayList.forEach(ArrayList.java:1511)
at org.testng.TestRunner.privateRun(TestRunner.java:794)
at org.testng.TestRunner.run(TestRunner.java:596)
at org.testng.SuiteRunner.runTest(SuiteRunner.java:377)
at org.testng.SuiteRunner.runSequentially(SuiteRunner.java:371)
at org.testng.SuiteRunner.privateRun(SuiteRunner.java:332)
at org.testng.SuiteRunner.run(SuiteRunner.java:276)
at org.testng.SuiteRunnerWorker.runSuite(SuiteRunnerWorker.java:53)
at org.testng.SuiteRunnerWorker.run(SuiteRunnerWorker.java:96)
at org.testng.TestNG.runSuitesSequentially(TestNG.java:1212)
at org.testng.TestNG.runSuitesLocally(TestNG.java:1134)
at org.testng.TestNG.runSuites(TestNG.java:1063)
at org.testng.TestNG.run(TestNG.java:1031)
at org.testng.remote.AbstractRemoteTestNG.run(AbstractRemoteTestNG.java:115)
at org.testng.remote.RemoteTestNG.initAndRun(RemoteTestNG.java:251)
at org.testng.remote.RemoteTestNG.main(RemoteTestNG.java:77)
]]>
            </full-stacktrace>
          </exception> <!-- java.lang.AssertionError -->
          <reporter-output>
          </reporter-output>
        </test-method> <!-- endTest -->
      </class> <!-- testClass.VoyageData -->
    </test> <!-- Test -->
  </suite> <!-- Test -->
</testng-results>
