<?xml version="1.0" encoding="UTF-8"?>
<!-- Generated by org.testng.reporters.JUnitReportReporter -->
<testsuite hostname="INNOL-019" failures="0" tests="2" name="testclasses.TestM" time="12.300" errors="2" timestamp="2023-10-11T15:50:57 IST" skipped="0">
  <testcase classname="testclasses.TestM" name="ProgramStarted" time="12.300">
    <error message="disconnected: received Inspector.detached event
  (failed to check if window was closed: disconnected: not connected to DevTools)
  (Session info: chrome=118.0.5993.70)
Build info: version: &#039;3.141.59&#039;, revision: &#039;e82be7d358&#039;, time: &#039;2018-11-14T08:17:03&#039;
System info: host: &#039;INNOL-019&#039;, ip: &#039;192.168.5.61&#039;, os.name: &#039;Windows 11&#039;, os.arch: &#039;amd64&#039;, os.version: &#039;10.0&#039;, java.version: &#039;17.0.5&#039;
Driver info: driver.version: ChromeDriver
remote stacktrace: 	GetHandleVerifier [0x00007FF6E7DC7D32+55474]
	(No symbol) [0x00007FF6E7D377E2]
	(No symbol) [0x00007FF6E7BEE0EB]
	(No symbol) [0x00007FF6E7BDDC45]
	(No symbol) [0x00007FF6E7BDD5FB]
	(No symbol) [0x00007FF6E7BDC64E]
	(No symbol) [0x00007FF6E7BDC5F3]
	(No symbol) [0x00007FF6E7BDAE6E]
	(No symbol) [0x00007FF6E7BDB763]
	(No symbol) [0x00007FF6E7BDA2D6]
	(No symbol) [0x00007FF6E7BE9085]
	(No symbol) [0x00007FF6E7BDA02D]
	(No symbol) [0x00007FF6E7BDC2FA]
	(No symbol) [0x00007FF6E7BDAE6E]
	(No symbol) [0x00007FF6E7BDB763]
	(No symbol) [0x00007FF6E7BDA2D6]
	(No symbol) [0x00007FF6E7BE3E9A]
	(No symbol) [0x00007FF6E7BDA02D]
	(No symbol) [0x00007FF6E7BDC2FA]
	(No symbol) [0x00007FF6E7BDAE6E]
	(No symbol) [0x00007FF6E7BDB763]
	(No symbol) [0x00007FF6E7BDA2D6]
	(No symbol) [0x00007FF6E7BE10A6]
	(No symbol) [0x00007FF6E7BDA02D]
	(No symbol) [0x00007FF6E7BDC2FA]
	(No symbol) [0x00007FF6E7BDAE6E]
	(No symbol) [0x00007FF6E7BDB763]
	(No symbol) [0x00007FF6E7BDA2D6]
	(No symbol) [0x00007FF6E7BD31D2]
	(No symbol) [0x00007FF6E7BDA02D]
	(No symbol) [0x00007FF6E7BD98DB]
	(No symbol) [0x00007FF6E7BD9502]
	(No symbol) [0x00007FF6E7BEFF71]
	(No symbol) [0x00007FF6E7BCDC2B]
	(No symbol) [0x00007FF6E7BCD740]
	(No symbol) [0x00007FF6E7C571FE]
	(No symbol) [0x00007FF6E7C4EF33]
	(No symbol) [0x00007FF6E7C23D41]
	(No symbol) [0x00007FF6E7C24F84]
	GetHandleVerifier [0x00007FF6E812B772+3609330]
	GetHandleVerifier [0x00007FF6E8181A90+3962384]
	GetHandleVerifier [0x00007FF6E8179F1F+3930783]
	GetHandleVerifier [0x00007FF6E7E63CC6+694342]
	(No symbol) [0x00007FF6E7D42238]
	(No symbol) [0x00007FF6E7D3E4A4]
	(No symbol) [0x00007FF6E7D3E5D2]
	(No symbol) [0x00007FF6E7D2EE33]
	BaseThreadInitThunk [0x00007FF9D4CE257D+29]
	RtlUserThreadStart [0x00007FF9D636AA68+40]
" type="org.openqa.selenium.WebDriverException">
      <![CDATA[org.openqa.selenium.WebDriverException: disconnected: received Inspector.detached event
  (failed to check if window was closed: disconnected: not connected to DevTools)
  (Session info: chrome=118.0.5993.70)
Build info: version: '3.141.59', revision: 'e82be7d358', time: '2018-11-14T08:17:03'
System info: host: 'INNOL-019', ip: '192.168.5.61', os.name: 'Windows 11', os.arch: 'amd64', os.version: '10.0', java.version: '17.0.5'
Driver info: driver.version: ChromeDriver
remote stacktrace: GetHandleVerifier [0x00007FF6E7DC7D32+55474]
(No symbol) [0x00007FF6E7D377E2]
(No symbol) [0x00007FF6E7BEE0EB]
(No symbol) [0x00007FF6E7BDDC45]
(No symbol) [0x00007FF6E7BDD5FB]
(No symbol) [0x00007FF6E7BDC64E]
(No symbol) [0x00007FF6E7BDC5F3]
(No symbol) [0x00007FF6E7BDAE6E]
(No symbol) [0x00007FF6E7BDB763]
(No symbol) [0x00007FF6E7BDA2D6]
(No symbol) [0x00007FF6E7BE9085]
(No symbol) [0x00007FF6E7BDA02D]
(No symbol) [0x00007FF6E7BDC2FA]
(No symbol) [0x00007FF6E7BDAE6E]
(No symbol) [0x00007FF6E7BDB763]
(No symbol) [0x00007FF6E7BDA2D6]
(No symbol) [0x00007FF6E7BE3E9A]
(No symbol) [0x00007FF6E7BDA02D]
(No symbol) [0x00007FF6E7BDC2FA]
(No symbol) [0x00007FF6E7BDAE6E]
(No symbol) [0x00007FF6E7BDB763]
(No symbol) [0x00007FF6E7BDA2D6]
(No symbol) [0x00007FF6E7BE10A6]
(No symbol) [0x00007FF6E7BDA02D]
(No symbol) [0x00007FF6E7BDC2FA]
(No symbol) [0x00007FF6E7BDAE6E]
(No symbol) [0x00007FF6E7BDB763]
(No symbol) [0x00007FF6E7BDA2D6]
(No symbol) [0x00007FF6E7BD31D2]
(No symbol) [0x00007FF6E7BDA02D]
(No symbol) [0x00007FF6E7BD98DB]
(No symbol) [0x00007FF6E7BD9502]
(No symbol) [0x00007FF6E7BEFF71]
(No symbol) [0x00007FF6E7BCDC2B]
(No symbol) [0x00007FF6E7BCD740]
(No symbol) [0x00007FF6E7C571FE]
(No symbol) [0x00007FF6E7C4EF33]
(No symbol) [0x00007FF6E7C23D41]
(No symbol) [0x00007FF6E7C24F84]
GetHandleVerifier [0x00007FF6E812B772+3609330]
GetHandleVerifier [0x00007FF6E8181A90+3962384]
GetHandleVerifier [0x00007FF6E8179F1F+3930783]
GetHandleVerifier [0x00007FF6E7E63CC6+694342]
(No symbol) [0x00007FF6E7D42238]
(No symbol) [0x00007FF6E7D3E4A4]
(No symbol) [0x00007FF6E7D3E5D2]
(No symbol) [0x00007FF6E7D2EE33]
BaseThreadInitThunk [0x00007FF9D4CE257D+29]
RtlUserThreadStart [0x00007FF9D636AA68+40]

at java.base/jdk.internal.reflect.NativeConstructorAccessorImpl.newInstance0(Native Method)
at java.base/jdk.internal.reflect.NativeConstructorAccessorImpl.newInstance(NativeConstructorAccessorImpl.java:77)
at java.base/jdk.internal.reflect.DelegatingConstructorAccessorImpl.newInstance(DelegatingConstructorAccessorImpl.java:45)
at java.base/java.lang.reflect.Constructor.newInstanceWithCaller(Constructor.java:499)
at java.base/java.lang.reflect.Constructor.newInstance(Constructor.java:480)
at org.openqa.selenium.remote.W3CHandshakeResponse.lambda$errorHandler$0(W3CHandshakeResponse.java:62)
at org.openqa.selenium.remote.HandshakeResponse.lambda$getResponseFunction$0(HandshakeResponse.java:30)
at org.openqa.selenium.remote.ProtocolHandshake.lambda$createSession$0(ProtocolHandshake.java:126)
at java.base/java.util.stream.ReferencePipeline$3$1.accept(ReferencePipeline.java:197)
at java.base/java.util.Spliterators$ArraySpliterator.tryAdvance(Spliterators.java:1002)
at java.base/java.util.stream.ReferencePipeline.forEachWithCancel(ReferencePipeline.java:129)
at java.base/java.util.stream.AbstractPipeline.copyIntoWithCancel(AbstractPipeline.java:527)
at java.base/java.util.stream.AbstractPipeline.copyInto(AbstractPipeline.java:513)
at java.base/java.util.stream.AbstractPipeline.wrapAndCopyInto(AbstractPipeline.java:499)
at java.base/java.util.stream.FindOps$FindOp.evaluateSequential(FindOps.java:150)
at java.base/java.util.stream.AbstractPipeline.evaluate(AbstractPipeline.java:234)
at java.base/java.util.stream.ReferencePipeline.findFirst(ReferencePipeline.java:647)
at org.openqa.selenium.remote.ProtocolHandshake.createSession(ProtocolHandshake.java:128)
at org.openqa.selenium.remote.ProtocolHandshake.createSession(ProtocolHandshake.java:74)
at org.openqa.selenium.remote.HttpCommandExecutor.execute(HttpCommandExecutor.java:136)
at org.openqa.selenium.remote.service.DriverCommandExecutor.execute(DriverCommandExecutor.java:83)
at org.openqa.selenium.remote.RemoteWebDriver.execute(RemoteWebDriver.java:552)
at org.openqa.selenium.remote.RemoteWebDriver.startSession(RemoteWebDriver.java:213)
at org.openqa.selenium.remote.RemoteWebDriver.<init>(RemoteWebDriver.java:131)
at org.openqa.selenium.chrome.ChromeDriver.<init>(ChromeDriver.java:181)
at org.openqa.selenium.chrome.ChromeDriver.<init>(ChromeDriver.java:168)
at org.openqa.selenium.chrome.ChromeDriver.<init>(ChromeDriver.java:123)
at base.Base.Initialize(Base.java:37)
at testclasses.AELogin.Login(AELogin.java:19)
at testclasses.TestM.ProgramStarted(TestM.java:20)
at java.base/jdk.internal.reflect.NativeMethodAccessorImpl.invoke0(Native Method)
at java.base/jdk.internal.reflect.NativeMethodAccessorImpl.invoke(NativeMethodAccessorImpl.java:77)
at java.base/jdk.internal.reflect.DelegatingMethodAccessorImpl.invoke(DelegatingMethodAccessorImpl.java:43)
at java.base/java.lang.reflect.Method.invoke(Method.java:568)
at org.testng.internal.MethodInvocationHelper.invokeMethod(MethodInvocationHelper.java:133)
at org.testng.internal.MethodInvocationHelper.invokeMethodConsideringTimeout(MethodInvocationHelper.java:62)
at org.testng.internal.ConfigInvoker.invokeConfigurationMethod(ConfigInvoker.java:385)
at org.testng.internal.ConfigInvoker.invokeConfigurations(ConfigInvoker.java:321)
at org.testng.internal.TestMethodWorker.invokeBeforeClassMethods(TestMethodWorker.java:176)
at org.testng.internal.TestMethodWorker.run(TestMethodWorker.java:122)
at java.base/java.util.ArrayList.forEach(ArrayList.java:1511)
at org.testng.TestRunner.privateRun(TestRunner.java:794)
at org.testng.TestRunner.run(TestRunner.java:596)
at org.testng.SuiteRunner.runTest(SuiteRunner.java:377)
at org.testng.SuiteRunner.runSequentially(SuiteRunner.java:371)
at org.testng.SuiteRunner.privateRun(SuiteRunner.java:332)
at org.testng.SuiteRunner.run(SuiteRunner.java:276)
at org.testng.SuiteRunnerWorker.runSuite(SuiteRunnerWorker.java:53)
at org.testng.SuiteRunnerWorker.run(SuiteRunnerWorker.java:96)
at org.testng.TestNG.runSuitesSequentially(TestNG.java:1212)
at org.testng.TestNG.runSuitesLocally(TestNG.java:1134)
at org.testng.TestNG.runSuites(TestNG.java:1063)
at org.testng.TestNG.run(TestNG.java:1031)
at org.testng.remote.AbstractRemoteTestNG.run(AbstractRemoteTestNG.java:115)
at org.testng.remote.RemoteTestNG.initAndRun(RemoteTestNG.java:251)
at org.testng.remote.RemoteTestNG.main(RemoteTestNG.java:77)
]]>
    </error>
  </testcase> <!-- ProgramStarted -->
  <system-out/>
  <testcase classname="testclasses.TestM" name="LoginAction" time="0.000">
    <error message="
Cannot inject @Test annotated Method [LoginAction] with [class java.lang.String, class java.lang.String].
For more information on native dependency injection please refer to https://testng.org/doc/documentation-main.html#native-dependency-injection" type="org.testng.TestNGException">
      <![CDATA[org.testng.TestNGException: 
Cannot inject @Test annotated Method [LoginAction] with [class java.lang.String, class java.lang.String].
For more information on native dependency injection please refer to https://testng.org/doc/documentation-main.html#native-dependency-injection
at org.testng.internal.Parameters.checkParameterTypes(Parameters.java:439)
at org.testng.internal.Parameters.createParametersForMethod(Parameters.java:353)
at org.testng.internal.Parameters.createParameters(Parameters.java:708)
at org.testng.internal.Parameters.handleParameters(Parameters.java:884)
at org.testng.internal.Parameters.handleParameters(Parameters.java:740)
at org.testng.internal.ParameterHandler.handleParameters(ParameterHandler.java:59)
at org.testng.internal.ParameterHandler.createParameters(ParameterHandler.java:38)
at org.testng.internal.TestInvoker$MethodInvocationAgent.invoke(TestInvoker.java:791)
at org.testng.internal.TestInvoker.invokeTestMethods(TestInvoker.java:146)
at org.testng.internal.TestMethodWorker.invokeTestMethods(TestMethodWorker.java:146)
at org.testng.internal.TestMethodWorker.run(TestMethodWorker.java:128)
at java.base/java.util.ArrayList.forEach(ArrayList.java:1511)
at org.testng.TestRunner.privateRun(TestRunner.java:794)
at org.testng.TestRunner.run(TestRunner.java:596)
at org.testng.SuiteRunner.runTest(SuiteRunner.java:377)
at org.testng.SuiteRunner.runSequentially(SuiteRunner.java:371)
at org.testng.SuiteRunner.privateRun(SuiteRunner.java:332)
at org.testng.SuiteRunner.run(SuiteRunner.java:276)
at org.testng.SuiteRunnerWorker.runSuite(SuiteRunnerWorker.java:53)
at org.testng.SuiteRunnerWorker.run(SuiteRunnerWorker.java:96)
at org.testng.TestNG.runSuitesSequentially(TestNG.java:1212)
at org.testng.TestNG.runSuitesLocally(TestNG.java:1134)
at org.testng.TestNG.runSuites(TestNG.java:1063)
at org.testng.TestNG.run(TestNG.java:1031)
at org.testng.remote.AbstractRemoteTestNG.run(AbstractRemoteTestNG.java:115)
at org.testng.remote.RemoteTestNG.initAndRun(RemoteTestNG.java:251)
at org.testng.remote.RemoteTestNG.main(RemoteTestNG.java:77)
]]>
    </error>
  </testcase> <!-- LoginAction -->
  <system-out/>
</testsuite> <!-- testclasses.TestM -->
