2024-01-19 11:20:07 INFO  AELogin:34 - Login successful
2024-01-19 11:20:11 INFO  Log:9 - vesselSearch Started
2024-01-19 11:20:11 INFO  Log:9 - 
2024-01-19 11:20:46 ERROR VesselSearchOLD:68 - Error in vessel Search
2024-01-19 11:20:47 ERROR Log:13 - Failed because of - java.lang.AssertionError: vessel not founded in list expected [true] but found [false]
2024-01-19 11:20:48 INFO  Log:9 - vesselSearch Started
2024-01-19 11:20:48 INFO  Log:9 - 
2024-01-19 11:36:27 INFO  AELogin:34 - Login successful
2024-01-19 11:36:33 INFO  Log:9 - vesselSearch Started
2024-01-19 11:36:33 INFO  Log:9 - 
2024-01-19 11:37:10 ERROR VesselSearchOLD:68 - Error in vessel Search
2024-01-19 11:37:11 ERROR Log:13 - Failed because of - java.lang.AssertionError: vessel not founded in list expected [true] but found [false]
2024-01-19 11:37:11 INFO  Log:9 - vesselSearch Started
2024-01-19 11:37:11 INFO  Log:9 - 
2024-01-19 11:37:43 ERROR VesselSearchOLD:68 - Error in vessel Search
2024-01-19 11:37:44 ERROR Log:13 - Failed because of - java.lang.AssertionError: vessel not founded in list expected [true] but found [false]
2024-01-19 11:37:44 INFO  Log:9 - vesselSearch Started
2024-01-19 11:37:44 INFO  Log:9 - 
2024-01-19 11:38:15 ERROR VesselSearchOLD:68 - Error in vessel Search
2024-01-19 11:38:17 ERROR Log:13 - Failed because of - java.lang.AssertionError: vessel not founded in list expected [true] but found [false]
2024-01-19 11:40:04 INFO  AELogin:34 - Login successful
2024-01-19 11:40:07 INFO  Log:9 - vesselSearch Started
2024-01-19 11:40:07 INFO  Log:9 - 
2024-01-19 11:40:40 ERROR VesselSearchOLD:68 - Error in vessel Search
2024-01-19 11:40:41 ERROR Log:13 - Failed because of - java.lang.AssertionError: vessel not founded in list expected [true] but found [false]
2024-01-19 11:40:42 INFO  Log:9 - vesselSearch Started
2024-01-19 11:40:42 INFO  Log:9 - 
2024-01-19 11:41:14 ERROR VesselSearchOLD:68 - Error in vessel Search
2024-01-19 11:41:17 ERROR Log:13 - Failed because of - java.lang.AssertionError: vessel not founded in list expected [true] but found [false]
2024-01-19 11:41:18 INFO  Log:9 - vesselSearch Started
2024-01-19 11:41:18 INFO  Log:9 - 
2024-01-19 11:42:10 ERROR Log:13 - Failed because of - org.openqa.selenium.NoSuchWindowException: no such window: target window already closed
from unknown error: web view not found
  (Session info: chrome=120.0.6099.217)
Build info: version: '3.141.59', revision: 'e82be7d358', time: '2018-11-14T08:17:03'
System info: host: 'INNOL-019', ip: '192.168.137.1', os.name: 'Windows 11', os.arch: 'amd64', os.version: '10.0', java.version: '17.0.5'
Driver info: org.openqa.selenium.chrome.ChromeDriver
Capabilities {acceptInsecureCerts: false, browserName: chrome, browserVersion: 120.0.6099.217, chrome: {chromedriverVersion: 119.0.6045.105 (38c72552c5e..., userDataDir: C:\Users\Poonam\AppData\Loc...}, fedcm:accounts: true, goog:chromeOptions: {debuggerAddress: localhost:54686}, javascriptEnabled: true, networkConnectionEnabled: false, pageLoadStrategy: normal, platform: WINDOWS, platformName: WINDOWS, proxy: Proxy(), setWindowRect: true, strictFileInteractability: false, timeouts: {implicit: 0, pageLoad: 300000, script: 30000}, unhandledPromptBehavior: dismiss and notify, webauthn:extension:credBlob: true, webauthn:extension:largeBlob: true, webauthn:extension:minPinLength: true, webauthn:extension:prf: true, webauthn:virtualAuthenticators: true}
Session ID: 47feeeb3fd06b9ee9c4f1908eb44f90d
*** Element info: {Using=xpath, value=//*[@id='root']/div/div/div[3]/nav/div[2]/div/div[1]/div/div[2]/div/div/input}
2024-01-19 11:42:10 ERROR Log:13 - Failed because of - org.openqa.selenium.NoSuchWindowException: no such window: target window already closed
from unknown error: web view not found
  (Session info: chrome=120.0.6099.217)
Build info: version: '3.141.59', revision: 'e82be7d358', time: '2018-11-14T08:17:03'
System info: host: 'INNOL-019', ip: '192.168.137.1', os.name: 'Windows 11', os.arch: 'amd64', os.version: '10.0', java.version: '17.0.5'
Driver info: org.openqa.selenium.chrome.ChromeDriver
Capabilities {acceptInsecureCerts: false, browserName: chrome, browserVersion: 120.0.6099.217, chrome: {chromedriverVersion: 119.0.6045.105 (38c72552c5e..., userDataDir: C:\Users\Poonam\AppData\Loc...}, fedcm:accounts: true, goog:chromeOptions: {debuggerAddress: localhost:54686}, javascriptEnabled: true, networkConnectionEnabled: false, pageLoadStrategy: normal, platform: WINDOWS, platformName: WINDOWS, proxy: Proxy(), setWindowRect: true, strictFileInteractability: false, timeouts: {implicit: 0, pageLoad: 300000, script: 30000}, unhandledPromptBehavior: dismiss and notify, webauthn:extension:credBlob: true, webauthn:extension:largeBlob: true, webauthn:extension:minPinLength: true, webauthn:extension:prf: true, webauthn:virtualAuthenticators: true}
Session ID: 47feeeb3fd06b9ee9c4f1908eb44f90d
2024-01-19 11:44:18 INFO  AELogin:34 - Login successful
2024-01-19 11:44:19 INFO  Log:9 - vesselSearch Started
2024-01-19 11:44:19 INFO  Log:9 - 
2024-01-19 11:44:45 INFO  VesselSearchOLD:75 - Vessel Selection successfully
2024-01-19 11:46:23 ERROR Log:13 - Failed because of - org.openqa.selenium.TimeoutException: Expected condition failed: waiting for element to be clickable: Proxy element for: DefaultElementLocator 'By.xpath: //h3[text()='Voyage Snapshot']/../../div[2]' (tried for 50 second(s) with 500 milliseconds interval)
2024-01-19 11:46:24 INFO  Log:9 - vesselSearch Started
2024-01-19 11:46:24 INFO  Log:9 - 
2024-01-19 11:46:28 INFO  VesselSearchOLD:75 - Vessel Selection successfully
2024-01-19 11:48:02 ERROR Log:13 - Failed because of - org.openqa.selenium.TimeoutException: Expected condition failed: waiting for element to be clickable: Proxy element for: DefaultElementLocator 'By.xpath: //h3[text()='Voyage Snapshot']/../../div[2]' (tried for 50 second(s) with 500 milliseconds interval)
2024-01-19 11:48:04 INFO  Log:9 - vesselSearch Started
2024-01-19 11:48:04 INFO  Log:9 - 
2024-01-19 11:48:15 INFO  VesselSearchOLD:75 - Vessel Selection successfully
2024-01-19 11:49:59 ERROR Log:13 - Failed because of - org.openqa.selenium.TimeoutException: Expected condition failed: waiting for element to be clickable: [[ChromeDriver: chrome on WINDOWS (15f13529428a0bee370ed400d575e8a3)] -> xpath: //h3[text()='Voyage Snapshot']/../../div[2]] (tried for 50 second(s) with 500 milliseconds interval)
2024-01-19 12:12:39 INFO  Log:9 - vesselSearch Started
2024-01-19 12:12:39 INFO  Log:9 - 
2024-01-19 12:12:40 INFO  Log:9 - Skipped because of - org.openqa.selenium.TimeoutException: Expected condition failed: waiting for element to be clickable: Proxy element for: DefaultElementLocator 'By.xpath: //div[text()='Select Vessel']' (tried for 50 second(s) with 500 milliseconds interval)
2024-01-19 12:12:40 INFO  Log:9 - vesselSearch Started
2024-01-19 12:12:40 INFO  Log:9 - 
2024-01-19 12:12:40 INFO  Log:9 - Skipped because of - org.openqa.selenium.TimeoutException: Expected condition failed: waiting for element to be clickable: Proxy element for: DefaultElementLocator 'By.xpath: //div[text()='Select Vessel']' (tried for 50 second(s) with 500 milliseconds interval)
2024-01-19 12:12:40 INFO  Log:9 - vesselSearch Started
2024-01-19 12:12:40 INFO  Log:9 - 
2024-01-19 12:12:40 INFO  Log:9 - Skipped because of - org.openqa.selenium.TimeoutException: Expected condition failed: waiting for element to be clickable: Proxy element for: DefaultElementLocator 'By.xpath: //div[text()='Select Vessel']' (tried for 50 second(s) with 500 milliseconds interval)
2024-01-19 12:14:21 INFO  AELogin:34 - Login successful
2024-01-19 12:14:24 INFO  Log:9 - vesselSearch Started
2024-01-19 12:14:24 INFO  Log:9 - 
2024-01-19 12:14:28 INFO  VesselSearchOLD:75 - Vessel Selection successfully
2024-01-19 12:14:42 ERROR Log:13 - Failed because of - org.openqa.selenium.StaleElementReferenceException: stale element reference: stale element not found
  (Session info: chrome=120.0.6099.217)
For documentation on this error, please visit: https://www.seleniumhq.org/exceptions/stale_element_reference.html
Build info: version: '3.141.59', revision: 'e82be7d358', time: '2018-11-14T08:17:03'
System info: host: 'INNOL-019', ip: '192.168.137.1', os.name: 'Windows 11', os.arch: 'amd64', os.version: '10.0', java.version: '17.0.5'
Driver info: org.openqa.selenium.chrome.ChromeDriver
Capabilities {acceptInsecureCerts: false, browserName: chrome, browserVersion: 120.0.6099.217, chrome: {chromedriverVersion: 119.0.6045.105 (38c72552c5e..., userDataDir: C:\Users\Poonam\AppData\Loc...}, fedcm:accounts: true, goog:chromeOptions: {debuggerAddress: localhost:56832}, javascriptEnabled: true, networkConnectionEnabled: false, pageLoadStrategy: normal, platform: WINDOWS, platformName: WINDOWS, proxy: Proxy(), setWindowRect: true, strictFileInteractability: false, timeouts: {implicit: 0, pageLoad: 300000, script: 30000}, unhandledPromptBehavior: dismiss and notify, webauthn:extension:credBlob: true, webauthn:extension:largeBlob: true, webauthn:extension:minPinLength: true, webauthn:extension:prf: true, webauthn:virtualAuthenticators: true}
Session ID: 726f70a18d8f693888a0c8dad2591199
2024-01-19 12:14:43 INFO  Log:9 - vesselSearch Started
2024-01-19 12:14:43 INFO  Log:9 - 
2024-01-19 12:14:47 INFO  VesselSearchOLD:75 - Vessel Selection successfully
2024-01-19 12:27:11 INFO  Log:9 - vesselSearch Passed
2024-01-19 12:27:13 INFO  Log:9 - vesselSearch Started
2024-01-19 12:27:13 INFO  Log:9 - 
2024-01-19 12:27:15 INFO  VesselSearchOLD:75 - Vessel Selection successfully
2024-01-19 12:38:33 INFO  Log:9 - vesselSearch Passed
2024-01-19 15:48:10 INFO  AELogin:34 - Login successful
2024-01-19 15:50:05 INFO  AELogin:34 - Login successful
2024-01-19 15:50:07 INFO  Log:9 - vesselSearch Started
2024-01-19 15:50:07 INFO  Log:9 - 
2024-01-19 15:50:12 INFO  VesselSearchOLD:75 - Vessel Selection successfully
2024-01-19 15:52:01 INFO  Log:9 - vesselSearch Passed
2024-01-19 15:52:04 INFO  Log:9 - vesselSearch Started
2024-01-19 15:52:04 INFO  Log:9 - 
2024-01-19 15:52:07 INFO  VesselSearchOLD:75 - Vessel Selection successfully
2024-01-19 15:53:49 INFO  Log:9 - vesselSearch Passed
2024-01-19 15:53:51 INFO  Log:9 - vesselSearch Started
2024-01-19 15:53:51 INFO  Log:9 - 
2024-01-19 15:53:53 INFO  VesselSearchOLD:75 - Vessel Selection successfully
2024-01-19 15:55:34 INFO  Log:9 - vesselSearch Passed
2024-01-19 16:00:11 INFO  AELogin:34 - Login successful
2024-01-19 16:00:13 INFO  Log:9 - vesselSearch Started
2024-01-19 16:00:13 INFO  Log:9 - 
2024-01-19 16:00:33 INFO  VesselSearchOLD:75 - Vessel Selection successfully
2024-01-19 16:02:29 INFO  Log:9 - vesselSearch Passed
2024-01-19 16:02:31 INFO  Log:9 - vesselSearch Started
2024-01-19 16:02:31 INFO  Log:9 - 
2024-01-19 16:02:34 INFO  VesselSearchOLD:75 - Vessel Selection successfully
2024-01-19 16:04:17 INFO  Log:9 - vesselSearch Passed
2024-01-19 16:04:19 INFO  Log:9 - vesselSearch Started
2024-01-19 16:04:19 INFO  Log:9 - 
2024-01-19 16:04:22 INFO  VesselSearchOLD:75 - Vessel Selection successfully
2024-01-19 16:06:03 INFO  Log:9 - vesselSearch Passed
2024-01-19 16:11:56 INFO  AELogin:34 - Login successful
2024-01-19 16:11:57 INFO  Log:9 - vesselSearch Started
2024-01-19 16:11:57 INFO  Log:9 - 
2024-01-19 16:12:22 INFO  VesselSearchOLD:75 - Vessel Selection successfully
2024-01-19 16:14:15 INFO  Log:9 - vesselSearch Passed
2024-01-19 16:14:17 INFO  Log:9 - vesselSearch Started
2024-01-19 16:14:17 INFO  Log:9 - 
2024-01-19 16:14:19 INFO  VesselSearchOLD:75 - Vessel Selection successfully
2024-01-19 16:15:33 INFO  Log:9 - vesselSearch Passed
2024-01-19 16:15:35 INFO  Log:9 - vesselSearch Started
2024-01-19 16:15:35 INFO  Log:9 - 
2024-01-19 16:15:38 INFO  VesselSearchOLD:75 - Vessel Selection successfully
2024-01-19 16:16:11 ERROR Log:13 - Failed because of - org.openqa.selenium.ElementClickInterceptedException: element click intercepted: Element <li aria-label="..." class="sc-hUplSX kTEDsS">Other Reports (Vessels)</li> is not clickable at point (540, 3). Other element would receive the click: <div class="sc-cWPeQZ koZual">...</div>
  (Session info: chrome=120.0.6099.217)
Build info: version: '3.141.59', revision: 'e82be7d358', time: '2018-11-14T08:17:03'
System info: host: 'INNOL-019', ip: '192.168.137.1', os.name: 'Windows 11', os.arch: 'amd64', os.version: '10.0', java.version: '17.0.5'
Driver info: org.openqa.selenium.chrome.ChromeDriver
Capabilities {acceptInsecureCerts: false, browserName: chrome, browserVersion: 120.0.6099.217, chrome: {chromedriverVersion: 119.0.6045.105 (38c72552c5e..., userDataDir: C:\Users\Poonam\AppData\Loc...}, fedcm:accounts: true, goog:chromeOptions: {debuggerAddress: localhost:49553}, javascriptEnabled: true, networkConnectionEnabled: false, pageLoadStrategy: normal, platform: WINDOWS, platformName: WINDOWS, proxy: Proxy(), setWindowRect: true, strictFileInteractability: false, timeouts: {implicit: 0, pageLoad: 300000, script: 30000}, unhandledPromptBehavior: dismiss and notify, webauthn:extension:credBlob: true, webauthn:extension:largeBlob: true, webauthn:extension:minPinLength: true, webauthn:extension:prf: true, webauthn:virtualAuthenticators: true}
Session ID: 0f02c76ce66ebd5c816d8b5e9834303e
2024-01-22 11:05:41 INFO  Log:9 - vesselSearch Started
2024-01-22 11:05:41 INFO  Log:9 - 
2024-01-22 11:05:42 INFO  Log:9 - Skipped because of - org.openqa.selenium.TimeoutException: Expected condition failed: waiting for element to be clickable: Proxy element for: DefaultElementLocator 'By.xpath: //div[text()='Select Vessel']' (tried for 50 second(s) with 500 milliseconds interval)
2024-01-22 11:05:42 INFO  Log:9 - vesselSearch Started
2024-01-22 11:05:42 INFO  Log:9 - 
2024-01-22 11:05:42 INFO  Log:9 - Skipped because of - org.openqa.selenium.TimeoutException: Expected condition failed: waiting for element to be clickable: Proxy element for: DefaultElementLocator 'By.xpath: //div[text()='Select Vessel']' (tried for 50 second(s) with 500 milliseconds interval)
2024-01-22 11:05:42 INFO  Log:9 - vesselSearch Started
2024-01-22 11:05:42 INFO  Log:9 - 
2024-01-22 11:05:42 INFO  Log:9 - Skipped because of - org.openqa.selenium.TimeoutException: Expected condition failed: waiting for element to be clickable: Proxy element for: DefaultElementLocator 'By.xpath: //div[text()='Select Vessel']' (tried for 50 second(s) with 500 milliseconds interval)
2024-01-22 11:35:48 INFO  Log:9 - vesselSearch Started
2024-01-22 11:35:48 INFO  Log:9 - 
2024-01-22 11:35:49 INFO  Log:9 - Skipped because of - org.openqa.selenium.TimeoutException: Expected condition failed: waiting for element to be clickable: Proxy element for: DefaultElementLocator 'By.xpath: //div[text()='Select Vessel']' (tried for 50 second(s) with 500 milliseconds interval)
2024-01-22 11:35:49 INFO  Log:9 - vesselSearch Started
2024-01-22 11:35:49 INFO  Log:9 - 
2024-01-22 11:35:50 INFO  Log:9 - Skipped because of - org.openqa.selenium.TimeoutException: Expected condition failed: waiting for element to be clickable: Proxy element for: DefaultElementLocator 'By.xpath: //div[text()='Select Vessel']' (tried for 50 second(s) with 500 milliseconds interval)
2024-01-22 11:35:50 INFO  Log:9 - vesselSearch Started
2024-01-22 11:35:50 INFO  Log:9 - 
2024-01-22 11:35:50 INFO  Log:9 - Skipped because of - org.openqa.selenium.TimeoutException: Expected condition failed: waiting for element to be clickable: Proxy element for: DefaultElementLocator 'By.xpath: //div[text()='Select Vessel']' (tried for 50 second(s) with 500 milliseconds interval)
2024-01-22 11:40:53 INFO  AELogin:34 - Login successful
2024-01-22 11:40:56 INFO  Log:9 - vesselSearch Started
2024-01-22 11:40:56 INFO  Log:9 - 
2024-01-22 11:41:10 INFO  VesselSearchOLD:75 - Vessel Selection successfully
2024-01-22 11:41:32 ERROR Log:13 - Failed because of - org.openqa.selenium.StaleElementReferenceException: stale element reference: stale element not found
  (Session info: chrome=120.0.6099.217)
For documentation on this error, please visit: https://www.seleniumhq.org/exceptions/stale_element_reference.html
Build info: version: '3.141.59', revision: 'e82be7d358', time: '2018-11-14T08:17:03'
System info: host: 'INNOL-019', ip: '172.20.10.2', os.name: 'Windows 11', os.arch: 'amd64', os.version: '10.0', java.version: '17.0.5'
Driver info: org.openqa.selenium.chrome.ChromeDriver
Capabilities {acceptInsecureCerts: false, browserName: chrome, browserVersion: 120.0.6099.217, chrome: {chromedriverVersion: 119.0.6045.105 (38c72552c5e..., userDataDir: C:\Users\Poonam\AppData\Loc...}, fedcm:accounts: true, goog:chromeOptions: {debuggerAddress: localhost:63703}, javascriptEnabled: true, networkConnectionEnabled: false, pageLoadStrategy: normal, platform: WINDOWS, platformName: WINDOWS, proxy: Proxy(), setWindowRect: true, strictFileInteractability: false, timeouts: {implicit: 0, pageLoad: 300000, script: 30000}, unhandledPromptBehavior: dismiss and notify, webauthn:extension:credBlob: true, webauthn:extension:largeBlob: true, webauthn:extension:minPinLength: true, webauthn:extension:prf: true, webauthn:virtualAuthenticators: true}
Session ID: f3ce78b72a1fcdab62c370c5fd930838
2024-01-22 11:41:32 INFO  Log:9 - vesselSearch Started
2024-01-22 11:41:32 INFO  Log:9 - 
2024-01-22 11:41:35 INFO  VesselSearchOLD:75 - Vessel Selection successfully
2024-01-22 11:42:07 ERROR Log:13 - Failed because of - org.openqa.selenium.NoSuchElementException: no such element: Unable to locate element: {"method":"xpath","selector":"//h3[text()='Financial']"}
  (Session info: chrome=120.0.6099.217)
For documentation on this error, please visit: https://www.seleniumhq.org/exceptions/no_such_element.html
Build info: version: '3.141.59', revision: 'e82be7d358', time: '2018-11-14T08:17:03'
System info: host: 'INNOL-019', ip: '172.20.10.2', os.name: 'Windows 11', os.arch: 'amd64', os.version: '10.0', java.version: '17.0.5'
Driver info: org.openqa.selenium.chrome.ChromeDriver
Capabilities {acceptInsecureCerts: false, browserName: chrome, browserVersion: 120.0.6099.217, chrome: {chromedriverVersion: 119.0.6045.105 (38c72552c5e..., userDataDir: C:\Users\Poonam\AppData\Loc...}, fedcm:accounts: true, goog:chromeOptions: {debuggerAddress: localhost:63703}, javascriptEnabled: true, networkConnectionEnabled: false, pageLoadStrategy: normal, platform: WINDOWS, platformName: WINDOWS, proxy: Proxy(), setWindowRect: true, strictFileInteractability: false, timeouts: {implicit: 0, pageLoad: 300000, script: 30000}, unhandledPromptBehavior: dismiss and notify, webauthn:extension:credBlob: true, webauthn:extension:largeBlob: true, webauthn:extension:minPinLength: true, webauthn:extension:prf: true, webauthn:virtualAuthenticators: true}
Session ID: f3ce78b72a1fcdab62c370c5fd930838
*** Element info: {Using=xpath, value=//h3[text()='Financial']}
2024-01-22 11:42:07 INFO  Log:9 - vesselSearch Started
2024-01-22 11:42:07 INFO  Log:9 - 
2024-01-22 11:42:09 INFO  VesselSearchOLD:75 - Vessel Selection successfully
2024-01-22 11:42:41 ERROR Log:13 - Failed because of - org.openqa.selenium.NoSuchElementException: no such element: Unable to locate element: {"method":"xpath","selector":"//h3[text()='Financial']"}
  (Session info: chrome=120.0.6099.217)
For documentation on this error, please visit: https://www.seleniumhq.org/exceptions/no_such_element.html
Build info: version: '3.141.59', revision: 'e82be7d358', time: '2018-11-14T08:17:03'
System info: host: 'INNOL-019', ip: '172.20.10.2', os.name: 'Windows 11', os.arch: 'amd64', os.version: '10.0', java.version: '17.0.5'
Driver info: org.openqa.selenium.chrome.ChromeDriver
Capabilities {acceptInsecureCerts: false, browserName: chrome, browserVersion: 120.0.6099.217, chrome: {chromedriverVersion: 119.0.6045.105 (38c72552c5e..., userDataDir: C:\Users\Poonam\AppData\Loc...}, fedcm:accounts: true, goog:chromeOptions: {debuggerAddress: localhost:63703}, javascriptEnabled: true, networkConnectionEnabled: false, pageLoadStrategy: normal, platform: WINDOWS, platformName: WINDOWS, proxy: Proxy(), setWindowRect: true, strictFileInteractability: false, timeouts: {implicit: 0, pageLoad: 300000, script: 30000}, unhandledPromptBehavior: dismiss and notify, webauthn:extension:credBlob: true, webauthn:extension:largeBlob: true, webauthn:extension:minPinLength: true, webauthn:extension:prf: true, webauthn:virtualAuthenticators: true}
Session ID: f3ce78b72a1fcdab62c370c5fd930838
*** Element info: {Using=xpath, value=//h3[text()='Financial']}
2024-01-22 11:45:11 INFO  AELogin:34 - Login successful
2024-01-22 11:45:15 INFO  Log:9 - vesselSearch Started
2024-01-22 11:45:15 INFO  Log:9 - 
2024-01-22 11:45:25 ERROR Log:13 - Failed because of - org.openqa.selenium.StaleElementReferenceException: stale element reference: stale element not found
  (Session info: chrome=120.0.6099.217)
For documentation on this error, please visit: https://www.seleniumhq.org/exceptions/stale_element_reference.html
Build info: version: '3.141.59', revision: 'e82be7d358', time: '2018-11-14T08:17:03'
System info: host: 'INNOL-019', ip: '172.20.10.2', os.name: 'Windows 11', os.arch: 'amd64', os.version: '10.0', java.version: '17.0.5'
Driver info: org.openqa.selenium.chrome.ChromeDriver
Capabilities {acceptInsecureCerts: false, browserName: chrome, browserVersion: 120.0.6099.217, chrome: {chromedriverVersion: 119.0.6045.105 (38c72552c5e..., userDataDir: C:\Users\Poonam\AppData\Loc...}, fedcm:accounts: true, goog:chromeOptions: {debuggerAddress: localhost:64143}, javascriptEnabled: true, networkConnectionEnabled: false, pageLoadStrategy: normal, platform: WINDOWS, platformName: WINDOWS, proxy: Proxy(), setWindowRect: true, strictFileInteractability: false, timeouts: {implicit: 0, pageLoad: 300000, script: 30000}, unhandledPromptBehavior: dismiss and notify, webauthn:extension:credBlob: true, webauthn:extension:largeBlob: true, webauthn:extension:minPinLength: true, webauthn:extension:prf: true, webauthn:virtualAuthenticators: true}
Session ID: cb8373f16a4278e86bdfd263108fd033
2024-01-22 11:45:26 INFO  Log:9 - vesselSearch Started
2024-01-22 11:45:26 INFO  Log:9 - 
2024-01-22 11:46:14 INFO  VesselSearchOLD:75 - Vessel Selection successfully
2024-01-22 11:46:34 ERROR Log:13 - Failed because of - org.openqa.selenium.StaleElementReferenceException: stale element reference: stale element not found
  (Session info: chrome=120.0.6099.217)
For documentation on this error, please visit: https://www.seleniumhq.org/exceptions/stale_element_reference.html
Build info: version: '3.141.59', revision: 'e82be7d358', time: '2018-11-14T08:17:03'
System info: host: 'INNOL-019', ip: '172.20.10.2', os.name: 'Windows 11', os.arch: 'amd64', os.version: '10.0', java.version: '17.0.5'
Driver info: org.openqa.selenium.chrome.ChromeDriver
Capabilities {acceptInsecureCerts: false, browserName: chrome, browserVersion: 120.0.6099.217, chrome: {chromedriverVersion: 119.0.6045.105 (38c72552c5e..., userDataDir: C:\Users\Poonam\AppData\Loc...}, fedcm:accounts: true, goog:chromeOptions: {debuggerAddress: localhost:64143}, javascriptEnabled: true, networkConnectionEnabled: false, pageLoadStrategy: normal, platform: WINDOWS, platformName: WINDOWS, proxy: Proxy(), setWindowRect: true, strictFileInteractability: false, timeouts: {implicit: 0, pageLoad: 300000, script: 30000}, unhandledPromptBehavior: dismiss and notify, webauthn:extension:credBlob: true, webauthn:extension:largeBlob: true, webauthn:extension:minPinLength: true, webauthn:extension:prf: true, webauthn:virtualAuthenticators: true}
Session ID: cb8373f16a4278e86bdfd263108fd033
2024-01-22 11:46:34 INFO  Log:9 - vesselSearch Started
2024-01-22 11:46:34 INFO  Log:9 - 
2024-01-22 11:46:37 INFO  VesselSearchOLD:75 - Vessel Selection successfully
2024-01-22 11:47:09 ERROR Log:13 - Failed because of - org.openqa.selenium.NoSuchElementException: no such element: Unable to locate element: {"method":"xpath","selector":"//h3[text()='Financial']"}
  (Session info: chrome=120.0.6099.217)
For documentation on this error, please visit: https://www.seleniumhq.org/exceptions/no_such_element.html
Build info: version: '3.141.59', revision: 'e82be7d358', time: '2018-11-14T08:17:03'
System info: host: 'INNOL-019', ip: '172.20.10.2', os.name: 'Windows 11', os.arch: 'amd64', os.version: '10.0', java.version: '17.0.5'
Driver info: org.openqa.selenium.chrome.ChromeDriver
Capabilities {acceptInsecureCerts: false, browserName: chrome, browserVersion: 120.0.6099.217, chrome: {chromedriverVersion: 119.0.6045.105 (38c72552c5e..., userDataDir: C:\Users\Poonam\AppData\Loc...}, fedcm:accounts: true, goog:chromeOptions: {debuggerAddress: localhost:64143}, javascriptEnabled: true, networkConnectionEnabled: false, pageLoadStrategy: normal, platform: WINDOWS, platformName: WINDOWS, proxy: Proxy(), setWindowRect: true, strictFileInteractability: false, timeouts: {implicit: 0, pageLoad: 300000, script: 30000}, unhandledPromptBehavior: dismiss and notify, webauthn:extension:credBlob: true, webauthn:extension:largeBlob: true, webauthn:extension:minPinLength: true, webauthn:extension:prf: true, webauthn:virtualAuthenticators: true}
Session ID: cb8373f16a4278e86bdfd263108fd033
*** Element info: {Using=xpath, value=//h3[text()='Financial']}
2024-01-22 11:50:04 INFO  Log:9 - vesselSearch Started
2024-01-22 11:50:04 INFO  Log:9 - 
2024-01-22 11:50:06 INFO  Log:9 - Skipped because of - org.openqa.selenium.StaleElementReferenceException: stale element reference: stale element not found
  (Session info: chrome=120.0.6099.217)
For documentation on this error, please visit: https://www.seleniumhq.org/exceptions/stale_element_reference.html
Build info: version: '3.141.59', revision: 'e82be7d358', time: '2018-11-14T08:17:03'
System info: host: 'INNOL-019', ip: '172.20.10.2', os.name: 'Windows 11', os.arch: 'amd64', os.version: '10.0', java.version: '17.0.5'
Driver info: org.openqa.selenium.chrome.ChromeDriver
Capabilities {acceptInsecureCerts: false, browserName: chrome, browserVersion: 120.0.6099.217, chrome: {chromedriverVersion: 119.0.6045.105 (38c72552c5e..., userDataDir: C:\Users\Poonam\AppData\Loc...}, fedcm:accounts: true, goog:chromeOptions: {debuggerAddress: localhost:64540}, javascriptEnabled: true, networkConnectionEnabled: false, pageLoadStrategy: normal, platform: WINDOWS, platformName: WINDOWS, proxy: Proxy(), setWindowRect: true, strictFileInteractability: false, timeouts: {implicit: 0, pageLoad: 300000, script: 30000}, unhandledPromptBehavior: dismiss and notify, webauthn:extension:credBlob: true, webauthn:extension:largeBlob: true, webauthn:extension:minPinLength: true, webauthn:extension:prf: true, webauthn:virtualAuthenticators: true}
Session ID: 76d26da9f049173e8e1664ee581fb595
2024-01-22 11:50:06 INFO  Log:9 - vesselSearch Started
2024-01-22 11:50:06 INFO  Log:9 - 
2024-01-22 11:50:07 INFO  Log:9 - Skipped because of - org.openqa.selenium.StaleElementReferenceException: stale element reference: stale element not found
  (Session info: chrome=120.0.6099.217)
For documentation on this error, please visit: https://www.seleniumhq.org/exceptions/stale_element_reference.html
Build info: version: '3.141.59', revision: 'e82be7d358', time: '2018-11-14T08:17:03'
System info: host: 'INNOL-019', ip: '172.20.10.2', os.name: 'Windows 11', os.arch: 'amd64', os.version: '10.0', java.version: '17.0.5'
Driver info: org.openqa.selenium.chrome.ChromeDriver
Capabilities {acceptInsecureCerts: false, browserName: chrome, browserVersion: 120.0.6099.217, chrome: {chromedriverVersion: 119.0.6045.105 (38c72552c5e..., userDataDir: C:\Users\Poonam\AppData\Loc...}, fedcm:accounts: true, goog:chromeOptions: {debuggerAddress: localhost:64540}, javascriptEnabled: true, networkConnectionEnabled: false, pageLoadStrategy: normal, platform: WINDOWS, platformName: WINDOWS, proxy: Proxy(), setWindowRect: true, strictFileInteractability: false, timeouts: {implicit: 0, pageLoad: 300000, script: 30000}, unhandledPromptBehavior: dismiss and notify, webauthn:extension:credBlob: true, webauthn:extension:largeBlob: true, webauthn:extension:minPinLength: true, webauthn:extension:prf: true, webauthn:virtualAuthenticators: true}
Session ID: 76d26da9f049173e8e1664ee581fb595
2024-01-22 11:50:07 INFO  Log:9 - vesselSearch Started
2024-01-22 11:50:07 INFO  Log:9 - 
2024-01-22 11:50:07 INFO  Log:9 - Skipped because of - org.openqa.selenium.StaleElementReferenceException: stale element reference: stale element not found
  (Session info: chrome=120.0.6099.217)
For documentation on this error, please visit: https://www.seleniumhq.org/exceptions/stale_element_reference.html
Build info: version: '3.141.59', revision: 'e82be7d358', time: '2018-11-14T08:17:03'
System info: host: 'INNOL-019', ip: '172.20.10.2', os.name: 'Windows 11', os.arch: 'amd64', os.version: '10.0', java.version: '17.0.5'
Driver info: org.openqa.selenium.chrome.ChromeDriver
Capabilities {acceptInsecureCerts: false, browserName: chrome, browserVersion: 120.0.6099.217, chrome: {chromedriverVersion: 119.0.6045.105 (38c72552c5e..., userDataDir: C:\Users\Poonam\AppData\Loc...}, fedcm:accounts: true, goog:chromeOptions: {debuggerAddress: localhost:64540}, javascriptEnabled: true, networkConnectionEnabled: false, pageLoadStrategy: normal, platform: WINDOWS, platformName: WINDOWS, proxy: Proxy(), setWindowRect: true, strictFileInteractability: false, timeouts: {implicit: 0, pageLoad: 300000, script: 30000}, unhandledPromptBehavior: dismiss and notify, webauthn:extension:credBlob: true, webauthn:extension:largeBlob: true, webauthn:extension:minPinLength: true, webauthn:extension:prf: true, webauthn:virtualAuthenticators: true}
Session ID: 76d26da9f049173e8e1664ee581fb595
2024-01-22 11:54:32 INFO  Log:9 - vesselSearch Started
2024-01-22 11:54:32 INFO  Log:9 - 
2024-01-22 11:54:32 INFO  Log:9 - Skipped because of - org.openqa.selenium.NoSuchWindowException: no such window: target window already closed
from unknown error: web view not found
  (Session info: chrome=120.0.6099.217)
Build info: version: '3.141.59', revision: 'e82be7d358', time: '2018-11-14T08:17:03'
System info: host: 'INNOL-019', ip: '172.20.10.2', os.name: 'Windows 11', os.arch: 'amd64', os.version: '10.0', java.version: '17.0.5'
Driver info: org.openqa.selenium.chrome.ChromeDriver
Capabilities {acceptInsecureCerts: false, browserName: chrome, browserVersion: 120.0.6099.217, chrome: {chromedriverVersion: 119.0.6045.105 (38c72552c5e..., userDataDir: C:\Users\Poonam\AppData\Loc...}, fedcm:accounts: true, goog:chromeOptions: {debuggerAddress: localhost:64709}, javascriptEnabled: true, networkConnectionEnabled: false, pageLoadStrategy: normal, platform: WINDOWS, platformName: WINDOWS, proxy: Proxy(), setWindowRect: true, strictFileInteractability: false, timeouts: {implicit: 0, pageLoad: 300000, script: 30000}, unhandledPromptBehavior: dismiss and notify, webauthn:extension:credBlob: true, webauthn:extension:largeBlob: true, webauthn:extension:minPinLength: true, webauthn:extension:prf: true, webauthn:virtualAuthenticators: true}
Session ID: 14c7f5b4c039a7bfdf2015dbc81ebaba
2024-01-22 11:54:32 INFO  Log:9 - vesselSearch Started
2024-01-22 11:54:32 INFO  Log:9 - 
2024-01-22 11:54:33 INFO  Log:9 - Skipped because of - org.openqa.selenium.NoSuchWindowException: no such window: target window already closed
from unknown error: web view not found
  (Session info: chrome=120.0.6099.217)
Build info: version: '3.141.59', revision: 'e82be7d358', time: '2018-11-14T08:17:03'
System info: host: 'INNOL-019', ip: '172.20.10.2', os.name: 'Windows 11', os.arch: 'amd64', os.version: '10.0', java.version: '17.0.5'
Driver info: org.openqa.selenium.chrome.ChromeDriver
Capabilities {acceptInsecureCerts: false, browserName: chrome, browserVersion: 120.0.6099.217, chrome: {chromedriverVersion: 119.0.6045.105 (38c72552c5e..., userDataDir: C:\Users\Poonam\AppData\Loc...}, fedcm:accounts: true, goog:chromeOptions: {debuggerAddress: localhost:64709}, javascriptEnabled: true, networkConnectionEnabled: false, pageLoadStrategy: normal, platform: WINDOWS, platformName: WINDOWS, proxy: Proxy(), setWindowRect: true, strictFileInteractability: false, timeouts: {implicit: 0, pageLoad: 300000, script: 30000}, unhandledPromptBehavior: dismiss and notify, webauthn:extension:credBlob: true, webauthn:extension:largeBlob: true, webauthn:extension:minPinLength: true, webauthn:extension:prf: true, webauthn:virtualAuthenticators: true}
Session ID: 14c7f5b4c039a7bfdf2015dbc81ebaba
2024-01-22 11:54:33 INFO  Log:9 - vesselSearch Started
2024-01-22 11:54:33 INFO  Log:9 - 
2024-01-22 11:54:33 INFO  Log:9 - Skipped because of - org.openqa.selenium.NoSuchWindowException: no such window: target window already closed
from unknown error: web view not found
  (Session info: chrome=120.0.6099.217)
Build info: version: '3.141.59', revision: 'e82be7d358', time: '2018-11-14T08:17:03'
System info: host: 'INNOL-019', ip: '172.20.10.2', os.name: 'Windows 11', os.arch: 'amd64', os.version: '10.0', java.version: '17.0.5'
Driver info: org.openqa.selenium.chrome.ChromeDriver
Capabilities {acceptInsecureCerts: false, browserName: chrome, browserVersion: 120.0.6099.217, chrome: {chromedriverVersion: 119.0.6045.105 (38c72552c5e..., userDataDir: C:\Users\Poonam\AppData\Loc...}, fedcm:accounts: true, goog:chromeOptions: {debuggerAddress: localhost:64709}, javascriptEnabled: true, networkConnectionEnabled: false, pageLoadStrategy: normal, platform: WINDOWS, platformName: WINDOWS, proxy: Proxy(), setWindowRect: true, strictFileInteractability: false, timeouts: {implicit: 0, pageLoad: 300000, script: 30000}, unhandledPromptBehavior: dismiss and notify, webauthn:extension:credBlob: true, webauthn:extension:largeBlob: true, webauthn:extension:minPinLength: true, webauthn:extension:prf: true, webauthn:virtualAuthenticators: true}
Session ID: 14c7f5b4c039a7bfdf2015dbc81ebaba
2024-01-22 11:56:34 INFO  AELogin:34 - Login successful
2024-01-22 11:56:38 INFO  Log:9 - vesselSearch Started
2024-01-22 11:56:38 INFO  Log:9 - 
2024-01-22 11:57:15 INFO  VesselSearchOLD:75 - Vessel Selection successfully
2024-01-22 11:58:54 ERROR Log:13 - Failed because of - org.openqa.selenium.TimeoutException: Expected condition failed: waiting for element to be clickable: [[ChromeDriver: chrome on WINDOWS (6d0edc48cb0e3c60d3c6b69745f9b910)] -> xpath: //h3[text()='Voyage Snapshot']/../../div[2]] (tried for 50 second(s) with 500 milliseconds interval)
2024-01-22 11:59:15 INFO  Log:9 - vesselSearch Started
2024-01-22 11:59:15 INFO  Log:9 - 
2024-01-22 11:59:24 INFO  VesselSearchOLD:75 - Vessel Selection successfully
2024-01-22 12:01:21 ERROR Log:13 - Failed because of - org.openqa.selenium.StaleElementReferenceException: stale element reference: stale element not found
  (Session info: chrome=120.0.6099.217)
For documentation on this error, please visit: https://www.seleniumhq.org/exceptions/stale_element_reference.html
Build info: version: '3.141.59', revision: 'e82be7d358', time: '2018-11-14T08:17:03'
System info: host: 'INNOL-019', ip: '172.20.10.2', os.name: 'Windows 11', os.arch: 'amd64', os.version: '10.0', java.version: '17.0.5'
Driver info: org.openqa.selenium.chrome.ChromeDriver
Capabilities {acceptInsecureCerts: false, browserName: chrome, browserVersion: 120.0.6099.217, chrome: {chromedriverVersion: 119.0.6045.105 (38c72552c5e..., userDataDir: C:\Users\Poonam\AppData\Loc...}, fedcm:accounts: true, goog:chromeOptions: {debuggerAddress: localhost:65118}, javascriptEnabled: true, networkConnectionEnabled: false, pageLoadStrategy: normal, platform: WINDOWS, platformName: WINDOWS, proxy: Proxy(), setWindowRect: true, strictFileInteractability: false, timeouts: {implicit: 0, pageLoad: 300000, script: 30000}, unhandledPromptBehavior: dismiss and notify, webauthn:extension:credBlob: true, webauthn:extension:largeBlob: true, webauthn:extension:minPinLength: true, webauthn:extension:prf: true, webauthn:virtualAuthenticators: true}
Session ID: 6d0edc48cb0e3c60d3c6b69745f9b910
2024-01-22 12:01:21 INFO  Log:9 - vesselSearch Started
2024-01-22 12:01:21 INFO  Log:9 - 
2024-01-22 12:01:25 INFO  VesselSearchOLD:75 - Vessel Selection successfully
2024-01-22 12:02:55 ERROR Log:13 - Failed because of - org.openqa.selenium.TimeoutException: Expected condition failed: waiting for element to be clickable: Proxy element for: DefaultElementLocator 'By.xpath: //h3[text()='Voyage Snapshot']' (tried for 50 second(s) with 500 milliseconds interval)
2024-02-02 12:34:00 INFO  Log:9 - vesselSearch Started
2024-02-02 12:34:00 INFO  Log:9 - 
2024-02-02 12:34:01 INFO  Log:9 - Skipped because of - org.openqa.selenium.TimeoutException: Expected condition failed: waiting for element to be clickable: Proxy element for: DefaultElementLocator 'By.xpath: //div[text()='Select Vessel']' (tried for 50 second(s) with 500 milliseconds interval)
2024-02-02 12:34:02 INFO  Log:9 - vesselSearch Started
2024-02-02 12:34:02 INFO  Log:9 - 
2024-02-02 12:34:02 INFO  Log:9 - Skipped because of - org.openqa.selenium.TimeoutException: Expected condition failed: waiting for element to be clickable: Proxy element for: DefaultElementLocator 'By.xpath: //div[text()='Select Vessel']' (tried for 50 second(s) with 500 milliseconds interval)
2024-02-02 12:34:02 INFO  Log:9 - vesselSearch Started
2024-02-02 12:34:02 INFO  Log:9 - 
2024-02-02 12:34:02 INFO  Log:9 - Skipped because of - org.openqa.selenium.TimeoutException: Expected condition failed: waiting for element to be clickable: Proxy element for: DefaultElementLocator 'By.xpath: //div[text()='Select Vessel']' (tried for 50 second(s) with 500 milliseconds interval)
2024-02-02 12:35:57 INFO  AELogin:34 - Login successful
2024-02-02 12:36:00 INFO  Log:9 - vesselSearch Started
2024-02-02 12:36:00 INFO  Log:9 - 
2024-02-02 12:36:36 INFO  VesselSearchOLD:75 - Vessel Selection successfully
2024-02-02 12:41:24 ERROR Log:13 - Failed because of - org.openqa.selenium.NoSuchElementException: no such element: Unable to locate element: {"method":"xpath","selector":"//div[@role='button']/button"}
  (Session info: chrome=120.0.6099.225)
For documentation on this error, please visit: https://www.seleniumhq.org/exceptions/no_such_element.html
Build info: version: '3.141.59', revision: 'e82be7d358', time: '2018-11-14T08:17:03'
System info: host: 'INNOL-019', ip: '172.20.10.2', os.name: 'Windows 11', os.arch: 'amd64', os.version: '10.0', java.version: '17.0.5'
Driver info: org.openqa.selenium.chrome.ChromeDriver
Capabilities {acceptInsecureCerts: false, browserName: chrome, browserVersion: 120.0.6099.225, chrome: {chromedriverVersion: 119.0.6045.105 (38c72552c5e..., userDataDir: C:\Users\Poonam\AppData\Loc...}, fedcm:accounts: true, goog:chromeOptions: {debuggerAddress: localhost:58420}, javascriptEnabled: true, networkConnectionEnabled: false, pageLoadStrategy: normal, platform: WINDOWS, platformName: WINDOWS, proxy: Proxy(), setWindowRect: true, strictFileInteractability: false, timeouts: {implicit: 0, pageLoad: 300000, script: 30000}, unhandledPromptBehavior: dismiss and notify, webauthn:extension:credBlob: true, webauthn:extension:largeBlob: true, webauthn:extension:minPinLength: true, webauthn:extension:prf: true, webauthn:virtualAuthenticators: true}
Session ID: d95ca5b5836e66b6264b6426e3bff74e
*** Element info: {Using=xpath, value=//div[@role='button']/button}
2024-02-02 12:41:24 INFO  Log:9 - vesselSearch Started
2024-02-02 12:41:24 INFO  Log:9 - 
2024-02-02 12:41:26 INFO  VesselSearchOLD:75 - Vessel Selection successfully
2024-02-02 12:42:57 ERROR Log:13 - Failed because of - org.openqa.selenium.TimeoutException: Expected condition failed: waiting for element to be clickable: Proxy element for: DefaultElementLocator 'By.xpath: //h3[text()='Voyage Snapshot']' (tried for 50 second(s) with 500 milliseconds interval)
2024-02-02 12:42:57 INFO  Log:9 - vesselSearch Started
2024-02-02 12:42:57 INFO  Log:9 - 
2024-02-02 12:43:00 INFO  VesselSearchOLD:75 - Vessel Selection successfully
2024-02-02 12:44:09 ERROR Log:13 - Failed because of - org.openqa.selenium.TimeoutException: Expected condition failed: waiting for element to be clickable: Proxy element for: DefaultElementLocator 'By.xpath: //h3[text()='Voyage Snapshot']' (tried for 50 second(s) with 500 milliseconds interval)
2024-02-02 12:44:09 ERROR Log:13 - Failed because of - org.openqa.selenium.NoSuchWindowException: no such window: target window already closed
from unknown error: web view not found
  (Session info: chrome=120.0.6099.225)
Build info: version: '3.141.59', revision: 'e82be7d358', time: '2018-11-14T08:17:03'
System info: host: 'INNOL-019', ip: '172.20.10.2', os.name: 'Windows 11', os.arch: 'amd64', os.version: '10.0', java.version: '17.0.5'
Driver info: org.openqa.selenium.chrome.ChromeDriver
Capabilities {acceptInsecureCerts: false, browserName: chrome, browserVersion: 120.0.6099.225, chrome: {chromedriverVersion: 119.0.6045.105 (38c72552c5e..., userDataDir: C:\Users\Poonam\AppData\Loc...}, fedcm:accounts: true, goog:chromeOptions: {debuggerAddress: localhost:58420}, javascriptEnabled: true, networkConnectionEnabled: false, pageLoadStrategy: normal, platform: WINDOWS, platformName: WINDOWS, proxy: Proxy(), setWindowRect: true, strictFileInteractability: false, timeouts: {implicit: 0, pageLoad: 300000, script: 30000}, unhandledPromptBehavior: dismiss and notify, webauthn:extension:credBlob: true, webauthn:extension:largeBlob: true, webauthn:extension:minPinLength: true, webauthn:extension:prf: true, webauthn:virtualAuthenticators: true}
Session ID: d95ca5b5836e66b6264b6426e3bff74e
2024-02-02 12:45:14 INFO  AELogin:34 - Login successful
2024-02-02 12:45:17 INFO  Log:9 - vesselSearch Started
2024-02-02 12:45:17 INFO  Log:9 - 
2024-02-02 12:45:19 INFO  Log:9 - Skipped because of - java.lang.AssertionError: The following asserts failed:
	expected [] but found [Select Vessel]
2024-02-02 12:45:19 INFO  Log:9 - vesselSearch Started
2024-02-02 12:45:19 INFO  Log:9 - 
2024-02-02 12:45:19 INFO  Log:9 - Skipped because of - java.lang.AssertionError: The following asserts failed:
	expected [] but found [Select Vessel]
2024-02-02 12:45:19 INFO  Log:9 - vesselSearch Started
2024-02-02 12:45:19 INFO  Log:9 - 
2024-02-02 12:45:19 INFO  Log:9 - Skipped because of - java.lang.AssertionError: The following asserts failed:
	expected [] but found [Select Vessel]
2024-02-02 12:46:55 INFO  AELogin:34 - Login successful
2024-02-02 12:46:59 INFO  Log:9 - vesselSearch Started
2024-02-02 12:46:59 INFO  Log:9 - 
2024-02-02 12:47:00 INFO  Log:9 - Skipped because of - java.lang.AssertionError: The following asserts failed:
	expected [] but found [Select Vessel]
2024-02-02 12:47:00 INFO  Log:9 - vesselSearch Started
2024-02-02 12:47:00 INFO  Log:9 - 
2024-02-02 12:47:00 INFO  Log:9 - Skipped because of - java.lang.AssertionError: The following asserts failed:
	expected [] but found [Select Vessel]
2024-02-02 12:47:00 INFO  Log:9 - vesselSearch Started
2024-02-02 12:47:00 INFO  Log:9 - 
2024-02-02 12:47:00 INFO  Log:9 - Skipped because of - java.lang.AssertionError: The following asserts failed:
	expected [] but found [Select Vessel]
2024-02-02 12:49:08 INFO  AELogin:34 - Login successful
2024-02-02 12:49:11 INFO  Log:9 - vesselSearch Started
2024-02-02 12:49:11 INFO  Log:9 - 
2024-02-02 12:49:17 INFO  VesselSearchOLD:75 - Vessel Selection successfully
2024-02-02 12:53:37 ERROR Log:13 - Failed because of - org.openqa.selenium.NoSuchElementException: no such element: Unable to locate element: {"method":"xpath","selector":"//div[@role='button']/button"}
  (Session info: chrome=120.0.6099.225)
For documentation on this error, please visit: https://www.seleniumhq.org/exceptions/no_such_element.html
Build info: version: '3.141.59', revision: 'e82be7d358', time: '2018-11-14T08:17:03'
System info: host: 'INNOL-019', ip: '172.20.10.2', os.name: 'Windows 11', os.arch: 'amd64', os.version: '10.0', java.version: '17.0.5'
Driver info: org.openqa.selenium.chrome.ChromeDriver
Capabilities {acceptInsecureCerts: false, browserName: chrome, browserVersion: 120.0.6099.225, chrome: {chromedriverVersion: 119.0.6045.105 (38c72552c5e..., userDataDir: C:\Users\Poonam\AppData\Loc...}, fedcm:accounts: true, goog:chromeOptions: {debuggerAddress: localhost:59212}, javascriptEnabled: true, networkConnectionEnabled: false, pageLoadStrategy: normal, platform: WINDOWS, platformName: WINDOWS, proxy: Proxy(), setWindowRect: true, strictFileInteractability: false, timeouts: {implicit: 0, pageLoad: 300000, script: 30000}, unhandledPromptBehavior: dismiss and notify, webauthn:extension:credBlob: true, webauthn:extension:largeBlob: true, webauthn:extension:minPinLength: true, webauthn:extension:prf: true, webauthn:virtualAuthenticators: true}
Session ID: d22e98d817da66cd1e83a2e4ecdf2c2d
*** Element info: {Using=xpath, value=//div[@role='button']/button}
2024-02-02 12:53:38 INFO  Log:9 - vesselSearch Started
2024-02-02 12:53:38 INFO  Log:9 - 
2024-02-02 12:53:40 INFO  VesselSearchOLD:75 - Vessel Selection successfully
2024-02-02 12:55:11 ERROR Log:13 - Failed because of - org.openqa.selenium.TimeoutException: Expected condition failed: waiting for element to be clickable: Proxy element for: DefaultElementLocator 'By.xpath: //h3[text()='Voyage Snapshot']' (tried for 50 second(s) with 500 milliseconds interval)
2024-02-02 12:55:11 INFO  Log:9 - vesselSearch Started
2024-02-02 12:55:11 INFO  Log:9 - 
2024-02-02 12:55:14 INFO  VesselSearchOLD:75 - Vessel Selection successfully
2024-02-02 12:56:19 ERROR Log:13 - Failed because of - org.openqa.selenium.TimeoutException: Expected condition failed: waiting for element to be clickable: Proxy element for: DefaultElementLocator 'By.xpath: //h3[text()='Voyage Snapshot']' (tried for 50 second(s) with 500 milliseconds interval)
2024-02-02 12:56:19 ERROR Log:13 - Failed because of - org.openqa.selenium.NoSuchWindowException: no such window: target window already closed
from unknown error: web view not found
  (Session info: chrome=120.0.6099.225)
Build info: version: '3.141.59', revision: 'e82be7d358', time: '2018-11-14T08:17:03'
System info: host: 'INNOL-019', ip: '172.20.10.2', os.name: 'Windows 11', os.arch: 'amd64', os.version: '10.0', java.version: '17.0.5'
Driver info: org.openqa.selenium.chrome.ChromeDriver
Capabilities {acceptInsecureCerts: false, browserName: chrome, browserVersion: 120.0.6099.225, chrome: {chromedriverVersion: 119.0.6045.105 (38c72552c5e..., userDataDir: C:\Users\Poonam\AppData\Loc...}, fedcm:accounts: true, goog:chromeOptions: {debuggerAddress: localhost:59212}, javascriptEnabled: true, networkConnectionEnabled: false, pageLoadStrategy: normal, platform: WINDOWS, platformName: WINDOWS, proxy: Proxy(), setWindowRect: true, strictFileInteractability: false, timeouts: {implicit: 0, pageLoad: 300000, script: 30000}, unhandledPromptBehavior: dismiss and notify, webauthn:extension:credBlob: true, webauthn:extension:largeBlob: true, webauthn:extension:minPinLength: true, webauthn:extension:prf: true, webauthn:virtualAuthenticators: true}
Session ID: d22e98d817da66cd1e83a2e4ecdf2c2d
2024-02-02 12:57:04 INFO  AELogin:34 - Login successful
2024-02-02 12:57:11 INFO  Log:9 - vesselSearch Started
2024-02-02 12:57:11 INFO  Log:9 - 
2024-02-02 12:57:15 INFO  Log:9 - Skipped because of - java.lang.AssertionError: The following asserts failed:
	expected [] but found [Select Vessel]
2024-02-02 12:57:15 INFO  Log:9 - vesselSearch Started
2024-02-02 12:57:15 INFO  Log:9 - 
2024-02-02 12:57:15 INFO  Log:9 - Skipped because of - java.lang.AssertionError: The following asserts failed:
	expected [] but found [Select Vessel]
2024-02-02 12:57:15 INFO  Log:9 - vesselSearch Started
2024-02-02 12:57:15 INFO  Log:9 - 
2024-02-02 12:57:15 INFO  Log:9 - Skipped because of - java.lang.AssertionError: The following asserts failed:
	expected [] but found [Select Vessel]
2024-02-02 12:59:00 INFO  AELogin:34 - Login successful
2024-02-02 12:59:03 INFO  Log:9 - vesselSearch Started
2024-02-02 12:59:03 INFO  Log:9 - 
2024-02-02 12:59:06 INFO  Log:9 - Skipped because of - java.lang.AssertionError: The following asserts failed:
	expected [] but found [Select Vessel]
2024-02-02 12:59:06 INFO  Log:9 - vesselSearch Started
2024-02-02 12:59:06 INFO  Log:9 - 
2024-02-02 12:59:06 INFO  Log:9 - Skipped because of - java.lang.AssertionError: The following asserts failed:
	expected [] but found [Select Vessel]
2024-02-02 12:59:06 INFO  Log:9 - vesselSearch Started
2024-02-02 12:59:06 INFO  Log:9 - 
2024-02-02 12:59:06 INFO  Log:9 - Skipped because of - java.lang.AssertionError: The following asserts failed:
	expected [] but found [Select Vessel]
2024-02-02 13:02:09 INFO  AELogin:34 - Login successful
2024-02-02 13:02:12 INFO  Log:9 - vesselSearch Started
2024-02-02 13:02:12 INFO  Log:9 - 
2024-02-02 13:02:44 INFO  VesselSearchOLD:75 - Vessel Selection successfully
2024-02-02 13:06:53 ERROR Log:13 - Failed because of - org.openqa.selenium.NoSuchElementException: no such element: Unable to locate element: {"method":"xpath","selector":"//div[@role='button']/button"}
  (Session info: chrome=120.0.6099.225)
For documentation on this error, please visit: https://www.seleniumhq.org/exceptions/no_such_element.html
Build info: version: '3.141.59', revision: 'e82be7d358', time: '2018-11-14T08:17:03'
System info: host: 'INNOL-019', ip: '172.20.10.2', os.name: 'Windows 11', os.arch: 'amd64', os.version: '10.0', java.version: '17.0.5'
Driver info: org.openqa.selenium.chrome.ChromeDriver
Capabilities {acceptInsecureCerts: false, browserName: chrome, browserVersion: 120.0.6099.225, chrome: {chromedriverVersion: 119.0.6045.105 (38c72552c5e..., userDataDir: C:\Users\Poonam\AppData\Loc...}, fedcm:accounts: true, goog:chromeOptions: {debuggerAddress: localhost:59996}, javascriptEnabled: true, networkConnectionEnabled: false, pageLoadStrategy: normal, platform: WINDOWS, platformName: WINDOWS, proxy: Proxy(), setWindowRect: true, strictFileInteractability: false, timeouts: {implicit: 0, pageLoad: 300000, script: 30000}, unhandledPromptBehavior: dismiss and notify, webauthn:extension:credBlob: true, webauthn:extension:largeBlob: true, webauthn:extension:minPinLength: true, webauthn:extension:prf: true, webauthn:virtualAuthenticators: true}
Session ID: 75b23c43f6f0d596ec2645be5aea1a5d
*** Element info: {Using=xpath, value=//div[@role='button']/button}
2024-02-02 13:06:54 INFO  Log:9 - vesselSearch Started
2024-02-02 13:06:54 INFO  Log:9 - 
2024-02-02 13:06:56 INFO  VesselSearchOLD:75 - Vessel Selection successfully
2024-02-02 13:08:27 ERROR Log:13 - Failed because of - org.openqa.selenium.TimeoutException: Expected condition failed: waiting for element to be clickable: Proxy element for: DefaultElementLocator 'By.xpath: //h3[text()='Voyage Snapshot']' (tried for 50 second(s) with 500 milliseconds interval)
2024-02-02 13:08:27 INFO  Log:9 - vesselSearch Started
2024-02-02 13:08:27 INFO  Log:9 - 
2024-02-02 13:08:31 INFO  VesselSearchOLD:75 - Vessel Selection successfully
2024-02-02 13:10:06 ERROR Log:13 - Failed because of - org.openqa.selenium.TimeoutException: Expected condition failed: waiting for element to be clickable: Proxy element for: DefaultElementLocator 'By.xpath: //h3[text()='Voyage Snapshot']' (tried for 50 second(s) with 500 milliseconds interval)
2024-02-02 13:15:50 INFO  AELogin:34 - Login successful
2024-02-02 13:15:52 INFO  Log:9 - vesselSearch Started
2024-02-02 13:15:52 INFO  Log:9 - 
2024-02-02 13:15:58 INFO  VesselSearchOLD:75 - Vessel Selection successfully
2024-02-02 13:20:31 ERROR Log:13 - Failed because of - org.openqa.selenium.TimeoutException: Expected condition failed: waiting for element to be clickable: [[ChromeDriver: chrome on WINDOWS (f8cfb7de47c78cbefd26d54b97c63303)] -> xpath: //button[text()='OK']] (tried for 50 second(s) with 500 milliseconds interval)
Build info: version: '3.141.59', revision: 'e82be7d358', time: '2018-11-14T08:17:03'
System info: host: 'INNOL-019', ip: '172.20.10.2', os.name: 'Windows 11', os.arch: 'amd64', os.version: '10.0', java.version: '17.0.5'
Driver info: org.openqa.selenium.chrome.ChromeDriver
Capabilities {acceptInsecureCerts: false, browserName: chrome, browserVersion: 120.0.6099.225, chrome: {chromedriverVersion: 119.0.6045.105 (38c72552c5e..., userDataDir: C:\Users\Poonam\AppData\Loc...}, fedcm:accounts: true, goog:chromeOptions: {debuggerAddress: localhost:57808}, javascriptEnabled: true, networkConnectionEnabled: false, pageLoadStrategy: normal, platform: WINDOWS, platformName: WINDOWS, proxy: Proxy(), setWindowRect: true, strictFileInteractability: false, timeouts: {implicit: 0, pageLoad: 300000, script: 30000}, unhandledPromptBehavior: dismiss and notify, webauthn:extension:credBlob: true, webauthn:extension:largeBlob: true, webauthn:extension:minPinLength: true, webauthn:extension:prf: true, webauthn:virtualAuthenticators: true}
Session ID: f8cfb7de47c78cbefd26d54b97c63303
2024-02-02 13:20:32 INFO  Log:9 - vesselSearch Started
2024-02-02 13:20:32 INFO  Log:9 - 
2024-02-02 13:20:34 INFO  VesselSearchOLD:75 - Vessel Selection successfully
2024-02-02 13:21:33 INFO  AELogin:34 - Login successful
2024-02-02 13:21:37 INFO  Log:9 - vesselSearch Started
2024-02-02 13:21:37 INFO  Log:9 - 
2024-02-02 13:22:05 ERROR Log:13 - Failed because of - org.openqa.selenium.TimeoutException: Expected condition failed: waiting for element to be clickable: Proxy element for: DefaultElementLocator 'By.xpath: //h3[text()='Voyage Snapshot']' (tried for 50 second(s) with 500 milliseconds interval)
2024-02-02 13:22:06 INFO  Log:9 - vesselSearch Started
2024-02-02 13:22:06 INFO  Log:9 - 
2024-02-02 13:22:08 INFO  VesselSearchOLD:75 - Vessel Selection successfully
2024-02-02 13:22:38 INFO  VesselSearchOLD:75 - Vessel Selection successfully
2024-02-02 13:23:39 ERROR Log:13 - Failed because of - org.openqa.selenium.TimeoutException: Expected condition failed: waiting for element to be clickable: Proxy element for: DefaultElementLocator 'By.xpath: //h3[text()='Voyage Snapshot']' (tried for 50 second(s) with 500 milliseconds interval)
2024-02-02 13:24:13 ERROR Log:13 - Failed because of - org.openqa.selenium.TimeoutException: Expected condition failed: waiting for element to be clickable: Proxy element for: DefaultElementLocator 'By.xpath: //h3[text()='Voyage Snapshot']' (tried for 50 second(s) with 500 milliseconds interval)
2024-02-02 13:24:13 INFO  Log:9 - vesselSearch Started
2024-02-02 13:24:13 INFO  Log:9 - 
2024-02-02 13:25:45 ERROR Log:13 - Failed because of - org.openqa.selenium.TimeoutException: Expected condition failed: waiting for element to be clickable: Proxy element for: DefaultElementLocator 'By.xpath: //*[@data-testid='vessel-dropdown']' (tried for 50 second(s) with 500 milliseconds interval)
2024-02-02 13:25:45 INFO  Log:9 - vesselSearch Started
2024-02-02 13:25:45 INFO  Log:9 - 
2024-02-02 13:27:17 ERROR Log:13 - Failed because of - org.openqa.selenium.TimeoutException: Expected condition failed: waiting for element to be clickable: Proxy element for: DefaultElementLocator 'By.xpath: //*[@data-testid='vessel-dropdown']' (tried for 50 second(s) with 500 milliseconds interval)
2024-02-02 14:24:33 INFO  AELogin:34 - Login successful
2024-02-02 14:24:35 INFO  Log:9 - vesselSearch Started
2024-02-02 14:24:35 INFO  Log:9 - 
2024-02-02 14:24:48 INFO  VesselSearchOLD:75 - Vessel Selection successfully
2024-02-02 14:26:46 ERROR Log:13 - Failed because of - org.openqa.selenium.ElementClickInterceptedException: element click intercepted: Element <svg aria-hidden="true" focusable="false" data-prefix="fal" data-icon="download" class="svg-inline--fa fa-download " role="img" xmlns="http://www.w3.org/2000/svg" viewBox="0 0 512 512">...</svg> is not clickable at point (1202, 93). Other element would receive the click: <div class="sc-bpkNiN cgNPkz">...</div>
  (Session info: chrome=120.0.6099.225)
Build info: version: '3.141.59', revision: 'e82be7d358', time: '2018-11-14T08:17:03'
System info: host: 'INNOL-019', ip: '172.20.10.2', os.name: 'Windows 11', os.arch: 'amd64', os.version: '10.0', java.version: '17.0.5'
Driver info: org.openqa.selenium.chrome.ChromeDriver
Capabilities {acceptInsecureCerts: false, browserName: chrome, browserVersion: 120.0.6099.225, chrome: {chromedriverVersion: 119.0.6045.105 (38c72552c5e..., userDataDir: C:\Users\Poonam\AppData\Loc...}, fedcm:accounts: true, goog:chromeOptions: {debuggerAddress: localhost:60299}, javascriptEnabled: true, networkConnectionEnabled: false, pageLoadStrategy: normal, platform: WINDOWS, platformName: WINDOWS, proxy: Proxy(), setWindowRect: true, strictFileInteractability: false, timeouts: {implicit: 0, pageLoad: 300000, script: 30000}, unhandledPromptBehavior: dismiss and notify, webauthn:extension:credBlob: true, webauthn:extension:largeBlob: true, webauthn:extension:minPinLength: true, webauthn:extension:prf: true, webauthn:virtualAuthenticators: true}
Session ID: bf35a3f3dab4717733be0a16bb15b478
2024-02-02 14:26:47 INFO  Log:9 - vesselSearch Started
2024-02-02 14:26:47 INFO  Log:9 - 
2024-02-02 14:26:49 INFO  VesselSearchOLD:75 - Vessel Selection successfully
2024-02-02 14:28:20 ERROR Log:13 - Failed because of - org.openqa.selenium.TimeoutException: Expected condition failed: waiting for element to be clickable: Proxy element for: DefaultElementLocator 'By.xpath: //h3[text()='Voyage Snapshot']' (tried for 50 second(s) with 500 milliseconds interval)
2024-02-02 14:28:20 INFO  Log:9 - vesselSearch Started
2024-02-02 14:28:20 INFO  Log:9 - 
2024-02-02 14:28:23 INFO  VesselSearchOLD:75 - Vessel Selection successfully
2024-02-02 14:29:54 ERROR Log:13 - Failed because of - org.openqa.selenium.TimeoutException: Expected condition failed: waiting for element to be clickable: Proxy element for: DefaultElementLocator 'By.xpath: //h3[text()='Voyage Snapshot']' (tried for 50 second(s) with 500 milliseconds interval)
2024-02-02 14:31:51 INFO  AELogin:34 - Login successful
2024-02-02 14:31:55 INFO  Log:9 - vesselSearch Started
2024-02-02 14:31:55 INFO  Log:9 - 
2024-02-02 14:32:37 INFO  VesselSearchOLD:75 - Vessel Selection successfully
2024-02-02 14:33:00 ERROR Log:13 - Failed because of - org.openqa.selenium.StaleElementReferenceException: stale element reference: stale element not found
  (Session info: chrome=120.0.6099.225)
For documentation on this error, please visit: https://www.seleniumhq.org/exceptions/stale_element_reference.html
Build info: version: '3.141.59', revision: 'e82be7d358', time: '2018-11-14T08:17:03'
System info: host: 'INNOL-019', ip: '172.20.10.2', os.name: 'Windows 11', os.arch: 'amd64', os.version: '10.0', java.version: '17.0.5'
Driver info: org.openqa.selenium.chrome.ChromeDriver
Capabilities {acceptInsecureCerts: false, browserName: chrome, browserVersion: 120.0.6099.225, chrome: {chromedriverVersion: 119.0.6045.105 (38c72552c5e..., userDataDir: C:\Users\Poonam\AppData\Loc...}, fedcm:accounts: true, goog:chromeOptions: {debuggerAddress: localhost:63999}, javascriptEnabled: true, networkConnectionEnabled: false, pageLoadStrategy: normal, platform: WINDOWS, platformName: WINDOWS, proxy: Proxy(), setWindowRect: true, strictFileInteractability: false, timeouts: {implicit: 0, pageLoad: 300000, script: 30000}, unhandledPromptBehavior: dismiss and notify, webauthn:extension:credBlob: true, webauthn:extension:largeBlob: true, webauthn:extension:minPinLength: true, webauthn:extension:prf: true, webauthn:virtualAuthenticators: true}
Session ID: 5219912a32bb9a8faa3183936d2e56eb
2024-02-02 14:33:01 INFO  Log:9 - vesselSearch Started
2024-02-02 14:33:01 INFO  Log:9 - 
2024-02-02 14:33:06 INFO  VesselSearchOLD:75 - Vessel Selection successfully
2024-02-02 14:36:37 ERROR Log:13 - Failed because of - org.openqa.selenium.StaleElementReferenceException: stale element reference: stale element not found
  (Session info: chrome=120.0.6099.225)
For documentation on this error, please visit: https://www.seleniumhq.org/exceptions/stale_element_reference.html
Build info: version: '3.141.59', revision: 'e82be7d358', time: '2018-11-14T08:17:03'
System info: host: 'INNOL-019', ip: '172.20.10.2', os.name: 'Windows 11', os.arch: 'amd64', os.version: '10.0', java.version: '17.0.5'
Driver info: org.openqa.selenium.chrome.ChromeDriver
Capabilities {acceptInsecureCerts: false, browserName: chrome, browserVersion: 120.0.6099.225, chrome: {chromedriverVersion: 119.0.6045.105 (38c72552c5e..., userDataDir: C:\Users\Poonam\AppData\Loc...}, fedcm:accounts: true, goog:chromeOptions: {debuggerAddress: localhost:63999}, javascriptEnabled: true, networkConnectionEnabled: false, pageLoadStrategy: normal, platform: WINDOWS, platformName: WINDOWS, proxy: Proxy(), setWindowRect: true, strictFileInteractability: false, timeouts: {implicit: 0, pageLoad: 300000, script: 30000}, unhandledPromptBehavior: dismiss and notify, webauthn:extension:credBlob: true, webauthn:extension:largeBlob: true, webauthn:extension:minPinLength: true, webauthn:extension:prf: true, webauthn:virtualAuthenticators: true}
Session ID: 5219912a32bb9a8faa3183936d2e56eb
2024-02-02 14:36:38 INFO  Log:9 - vesselSearch Started
2024-02-02 14:36:38 INFO  Log:9 - 
2024-02-02 14:36:42 INFO  VesselSearchOLD:75 - Vessel Selection successfully
2024-02-02 14:38:12 ERROR Log:13 - Failed because of - org.openqa.selenium.TimeoutException: Expected condition failed: waiting for element to be clickable: Proxy element for: DefaultElementLocator 'By.xpath: //h3[text()='Voyage Snapshot']' (tried for 50 second(s) with 500 milliseconds interval)
2024-02-02 14:39:36 INFO  AELogin:34 - Login successful
2024-02-02 14:39:39 INFO  Log:9 - vesselSearch Started
2024-02-02 14:39:39 INFO  Log:9 - 
2024-02-02 14:40:19 INFO  VesselSearchOLD:75 - Vessel Selection successfully
2024-02-02 14:42:01 ERROR Log:13 - Failed because of - org.openqa.selenium.TimeoutException: Expected condition failed: waiting for element to be clickable: Proxy element for: DefaultElementLocator 'By.xpath: //h3[text()='Voyage Snapshot']/../../div[2]' (tried for 50 second(s) with 500 milliseconds interval)
2024-02-02 14:42:02 INFO  Log:9 - vesselSearch Started
2024-02-02 14:42:02 INFO  Log:9 - 
2024-02-02 14:42:09 INFO  VesselSearchOLD:75 - Vessel Selection successfully
2024-02-02 14:44:22 ERROR Log:13 - Failed because of - org.openqa.selenium.ElementClickInterceptedException: element click intercepted: Element <svg aria-hidden="true" focusable="false" data-prefix="fal" data-icon="download" class="svg-inline--fa fa-download " role="img" xmlns="http://www.w3.org/2000/svg" viewBox="0 0 512 512">...</svg> is not clickable at point (1202, 93). Other element would receive the click: <div class="sc-bpkNiN cgNPkz">...</div>
  (Session info: chrome=120.0.6099.225)
Build info: version: '3.141.59', revision: 'e82be7d358', time: '2018-11-14T08:17:03'
System info: host: 'INNOL-019', ip: '172.20.10.2', os.name: 'Windows 11', os.arch: 'amd64', os.version: '10.0', java.version: '17.0.5'
Driver info: org.openqa.selenium.chrome.ChromeDriver
Capabilities {acceptInsecureCerts: false, browserName: chrome, browserVersion: 120.0.6099.225, chrome: {chromedriverVersion: 119.0.6045.105 (38c72552c5e..., userDataDir: C:\Users\Poonam\AppData\Loc...}, fedcm:accounts: true, goog:chromeOptions: {debuggerAddress: localhost:64624}, javascriptEnabled: true, networkConnectionEnabled: false, pageLoadStrategy: normal, platform: WINDOWS, platformName: WINDOWS, proxy: Proxy(), setWindowRect: true, strictFileInteractability: false, timeouts: {implicit: 0, pageLoad: 300000, script: 30000}, unhandledPromptBehavior: dismiss and notify, webauthn:extension:credBlob: true, webauthn:extension:largeBlob: true, webauthn:extension:minPinLength: true, webauthn:extension:prf: true, webauthn:virtualAuthenticators: true}
Session ID: 1bb725ea8d48d5d4296cb4e70c29ea7f
2024-02-02 14:44:23 INFO  Log:9 - vesselSearch Started
2024-02-02 14:44:23 INFO  Log:9 - 
2024-02-02 14:44:26 INFO  VesselSearchOLD:75 - Vessel Selection successfully
2024-02-02 14:45:56 ERROR Log:13 - Failed because of - org.openqa.selenium.TimeoutException: Expected condition failed: waiting for element to be clickable: Proxy element for: DefaultElementLocator 'By.xpath: //h3[text()='Voyage Snapshot']' (tried for 50 second(s) with 500 milliseconds interval)
2024-02-02 14:55:12 INFO  AELogin:34 - Login successful
2024-02-02 14:55:17 INFO  Log:9 - vesselSearch Started
2024-02-02 14:55:17 INFO  Log:9 - 
2024-02-02 14:55:18 INFO  Log:9 - Skipped because of - java.lang.AssertionError: The following asserts failed:
	expected [] but found [Select Vessel]
2024-02-02 14:55:19 INFO  Log:9 - vesselSearch Started
2024-02-02 14:55:19 INFO  Log:9 - 
2024-02-02 14:55:19 INFO  Log:9 - Skipped because of - java.lang.AssertionError: The following asserts failed:
	expected [] but found [Select Vessel]
2024-02-02 14:55:19 INFO  Log:9 - vesselSearch Started
2024-02-02 14:55:19 INFO  Log:9 - 
2024-02-02 14:55:19 INFO  Log:9 - Skipped because of - java.lang.AssertionError: The following asserts failed:
	expected [] but found [Select Vessel]
2024-02-02 14:58:38 INFO  AELogin:34 - Login successful
2024-02-02 14:58:41 INFO  Log:9 - vesselSearch Started
2024-02-02 14:58:41 INFO  Log:9 - 
2024-02-02 14:59:26 INFO  VesselSearchOLD:75 - Vessel Selection successfully
2024-02-02 15:01:30 ERROR Log:13 - Failed because of - org.openqa.selenium.ElementClickInterceptedException: element click intercepted: Element <svg aria-hidden="true" focusable="false" data-prefix="fal" data-icon="download" class="svg-inline--fa fa-download " role="img" xmlns="http://www.w3.org/2000/svg" viewBox="0 0 512 512">...</svg> is not clickable at point (1202, 93). Other element would receive the click: <div class="sc-bpkNiN cgNPkz">...</div>
  (Session info: chrome=120.0.6099.225)
Build info: version: '3.141.59', revision: 'e82be7d358', time: '2018-11-14T08:17:03'
System info: host: 'INNOL-019', ip: '172.20.10.2', os.name: 'Windows 11', os.arch: 'amd64', os.version: '10.0', java.version: '17.0.5'
Driver info: org.openqa.selenium.chrome.ChromeDriver
Capabilities {acceptInsecureCerts: false, browserName: chrome, browserVersion: 120.0.6099.225, chrome: {chromedriverVersion: 119.0.6045.105 (38c72552c5e..., userDataDir: C:\Users\Poonam\AppData\Loc...}, fedcm:accounts: true, goog:chromeOptions: {debuggerAddress: localhost:49260}, javascriptEnabled: true, networkConnectionEnabled: false, pageLoadStrategy: normal, platform: WINDOWS, platformName: WINDOWS, proxy: Proxy(), setWindowRect: true, strictFileInteractability: false, timeouts: {implicit: 0, pageLoad: 300000, script: 30000}, unhandledPromptBehavior: dismiss and notify, webauthn:extension:credBlob: true, webauthn:extension:largeBlob: true, webauthn:extension:minPinLength: true, webauthn:extension:prf: true, webauthn:virtualAuthenticators: true}
Session ID: ae276c8d7ca67025614f3c906b4b3114
2024-02-02 15:01:30 INFO  Log:9 - vesselSearch Started
2024-02-02 15:01:30 INFO  Log:9 - 
2024-02-02 15:01:33 INFO  VesselSearchOLD:75 - Vessel Selection successfully
2024-02-02 15:03:04 ERROR Log:13 - Failed because of - org.openqa.selenium.TimeoutException: Expected condition failed: waiting for element to be clickable: Proxy element for: DefaultElementLocator 'By.xpath: //h3[text()='Voyage Snapshot']' (tried for 50 second(s) with 500 milliseconds interval)
2024-02-02 15:03:04 INFO  Log:9 - vesselSearch Started
2024-02-02 15:03:04 INFO  Log:9 - 
2024-02-02 15:03:06 INFO  VesselSearchOLD:75 - Vessel Selection successfully
2024-02-02 15:04:37 ERROR Log:13 - Failed because of - org.openqa.selenium.TimeoutException: Expected condition failed: waiting for element to be clickable: Proxy element for: DefaultElementLocator 'By.xpath: //h3[text()='Voyage Snapshot']' (tried for 50 second(s) with 500 milliseconds interval)
2024-02-02 15:28:01 INFO  AELogin:34 - Login successful
2024-02-02 15:28:04 INFO  Log:9 - vesselSearch Started
2024-02-02 15:28:04 INFO  Log:9 - 
2024-02-02 15:28:32 INFO  VesselSearchOLD:75 - Vessel Selection successfully
2024-02-02 15:28:50 ERROR Log:13 - Failed because of - org.openqa.selenium.StaleElementReferenceException: stale element reference: stale element not found
  (Session info: chrome=120.0.6099.225)
For documentation on this error, please visit: https://www.seleniumhq.org/exceptions/stale_element_reference.html
Build info: version: '3.141.59', revision: 'e82be7d358', time: '2018-11-14T08:17:03'
System info: host: 'INNOL-019', ip: '172.20.10.2', os.name: 'Windows 11', os.arch: 'amd64', os.version: '10.0', java.version: '17.0.5'
Driver info: org.openqa.selenium.chrome.ChromeDriver
Capabilities {acceptInsecureCerts: false, browserName: chrome, browserVersion: 120.0.6099.225, chrome: {chromedriverVersion: 119.0.6045.105 (38c72552c5e..., userDataDir: C:\Users\Poonam\AppData\Loc...}, fedcm:accounts: true, goog:chromeOptions: {debuggerAddress: localhost:50962}, javascriptEnabled: true, networkConnectionEnabled: false, pageLoadStrategy: normal, platform: WINDOWS, platformName: WINDOWS, proxy: Proxy(), setWindowRect: true, strictFileInteractability: false, timeouts: {implicit: 0, pageLoad: 300000, script: 30000}, unhandledPromptBehavior: dismiss and notify, webauthn:extension:credBlob: true, webauthn:extension:largeBlob: true, webauthn:extension:minPinLength: true, webauthn:extension:prf: true, webauthn:virtualAuthenticators: true}
Session ID: 4c3126a5ded218b58f296cd1970394f4
2024-02-02 15:28:51 INFO  Log:9 - vesselSearch Started
2024-02-02 15:28:51 INFO  Log:9 - 
2024-02-02 15:28:55 INFO  VesselSearchOLD:75 - Vessel Selection successfully
2024-02-02 15:32:42 ERROR Log:13 - Failed because of - org.openqa.selenium.NoSuchElementException: no such element: Unable to locate element: {"method":"xpath","selector":"//div[@role='button']/button"}
  (Session info: chrome=120.0.6099.225)
For documentation on this error, please visit: https://www.seleniumhq.org/exceptions/no_such_element.html
Build info: version: '3.141.59', revision: 'e82be7d358', time: '2018-11-14T08:17:03'
System info: host: 'INNOL-019', ip: '172.20.10.2', os.name: 'Windows 11', os.arch: 'amd64', os.version: '10.0', java.version: '17.0.5'
Driver info: org.openqa.selenium.chrome.ChromeDriver
Capabilities {acceptInsecureCerts: false, browserName: chrome, browserVersion: 120.0.6099.225, chrome: {chromedriverVersion: 119.0.6045.105 (38c72552c5e..., userDataDir: C:\Users\Poonam\AppData\Loc...}, fedcm:accounts: true, goog:chromeOptions: {debuggerAddress: localhost:50962}, javascriptEnabled: true, networkConnectionEnabled: false, pageLoadStrategy: normal, platform: WINDOWS, platformName: WINDOWS, proxy: Proxy(), setWindowRect: true, strictFileInteractability: false, timeouts: {implicit: 0, pageLoad: 300000, script: 30000}, unhandledPromptBehavior: dismiss and notify, webauthn:extension:credBlob: true, webauthn:extension:largeBlob: true, webauthn:extension:minPinLength: true, webauthn:extension:prf: true, webauthn:virtualAuthenticators: true}
Session ID: 4c3126a5ded218b58f296cd1970394f4
*** Element info: {Using=xpath, value=//div[@role='button']/button}
2024-02-02 15:32:42 INFO  Log:9 - vesselSearch Started
2024-02-02 15:32:42 INFO  Log:9 - 
2024-02-02 15:32:44 INFO  VesselSearchOLD:75 - Vessel Selection successfully
2024-02-02 15:34:15 ERROR Log:13 - Failed because of - org.openqa.selenium.TimeoutException: Expected condition failed: waiting for element to be clickable: Proxy element for: DefaultElementLocator 'By.xpath: //h3[text()='Voyage Snapshot']' (tried for 50 second(s) with 500 milliseconds interval)
2024-02-02 15:36:22 INFO  AELogin:34 - Login successful
2024-02-02 15:36:24 INFO  Log:9 - vesselSearch Started
2024-02-02 15:36:24 INFO  Log:9 - 
2024-02-02 15:36:50 INFO  VesselSearchOLD:75 - Vessel Selection successfully
2024-02-02 15:38:34 ERROR Log:13 - Failed because of - org.openqa.selenium.ElementClickInterceptedException: element click intercepted: Element <svg aria-hidden="true" focusable="false" data-prefix="fal" data-icon="download" class="svg-inline--fa fa-download " role="img" xmlns="http://www.w3.org/2000/svg" viewBox="0 0 512 512">...</svg> is not clickable at point (1202, 93). Other element would receive the click: <div class="sc-bpkNiN cgNPkz">...</div>
  (Session info: chrome=120.0.6099.225)
Build info: version: '3.141.59', revision: 'e82be7d358', time: '2018-11-14T08:17:03'
System info: host: 'INNOL-019', ip: '172.20.10.2', os.name: 'Windows 11', os.arch: 'amd64', os.version: '10.0', java.version: '17.0.5'
Driver info: org.openqa.selenium.chrome.ChromeDriver
Capabilities {acceptInsecureCerts: false, browserName: chrome, browserVersion: 120.0.6099.225, chrome: {chromedriverVersion: 119.0.6045.105 (38c72552c5e..., userDataDir: C:\Users\Poonam\AppData\Loc...}, fedcm:accounts: true, goog:chromeOptions: {debuggerAddress: localhost:51578}, javascriptEnabled: true, networkConnectionEnabled: false, pageLoadStrategy: normal, platform: WINDOWS, platformName: WINDOWS, proxy: Proxy(), setWindowRect: true, strictFileInteractability: false, timeouts: {implicit: 0, pageLoad: 300000, script: 30000}, unhandledPromptBehavior: dismiss and notify, webauthn:extension:credBlob: true, webauthn:extension:largeBlob: true, webauthn:extension:minPinLength: true, webauthn:extension:prf: true, webauthn:virtualAuthenticators: true}
Session ID: 787e5d7e4eba09a2d9c3e7c58ccec590
2024-02-02 15:38:34 INFO  Log:9 - vesselSearch Started
2024-02-02 15:38:34 INFO  Log:9 - 
2024-02-02 15:38:36 INFO  VesselSearchOLD:75 - Vessel Selection successfully
2024-02-02 15:40:07 ERROR Log:13 - Failed because of - org.openqa.selenium.TimeoutException: Expected condition failed: waiting for element to be clickable: Proxy element for: DefaultElementLocator 'By.xpath: //h3[text()='Voyage Snapshot']' (tried for 50 second(s) with 500 milliseconds interval)
2024-02-02 15:40:07 INFO  Log:9 - vesselSearch Started
2024-02-02 15:40:07 INFO  Log:9 - 
2024-02-02 15:40:09 INFO  VesselSearchOLD:75 - Vessel Selection successfully
2024-02-02 15:41:40 ERROR Log:13 - Failed because of - org.openqa.selenium.TimeoutException: Expected condition failed: waiting for element to be clickable: Proxy element for: DefaultElementLocator 'By.xpath: //h3[text()='Voyage Snapshot']' (tried for 50 second(s) with 500 milliseconds interval)
2024-02-02 15:44:00 INFO  AELogin:34 - Login successful
2024-02-02 15:44:01 INFO  Log:9 - vesselSearch Started
2024-02-02 15:44:01 INFO  Log:9 - 
2024-02-02 15:44:05 INFO  VesselSearchOLD:75 - Vessel Selection successfully
2024-02-02 15:45:53 ERROR Log:13 - Failed because of - org.openqa.selenium.ElementClickInterceptedException: element click intercepted: Element <svg aria-hidden="true" focusable="false" data-prefix="fal" data-icon="download" class="svg-inline--fa fa-download " role="img" xmlns="http://www.w3.org/2000/svg" viewBox="0 0 512 512">...</svg> is not clickable at point (1202, 93). Other element would receive the click: <div class="sc-bpkNiN cgNPkz">...</div>
  (Session info: chrome=120.0.6099.225)
Build info: version: '3.141.59', revision: 'e82be7d358', time: '2018-11-14T08:17:03'
System info: host: 'INNOL-019', ip: '172.20.10.2', os.name: 'Windows 11', os.arch: 'amd64', os.version: '10.0', java.version: '17.0.5'
Driver info: org.openqa.selenium.chrome.ChromeDriver
Capabilities {acceptInsecureCerts: false, browserName: chrome, browserVersion: 120.0.6099.225, chrome: {chromedriverVersion: 119.0.6045.105 (38c72552c5e..., userDataDir: C:\Users\Poonam\AppData\Loc...}, fedcm:accounts: true, goog:chromeOptions: {debuggerAddress: localhost:51928}, javascriptEnabled: true, networkConnectionEnabled: false, pageLoadStrategy: normal, platform: WINDOWS, platformName: WINDOWS, proxy: Proxy(), setWindowRect: true, strictFileInteractability: false, timeouts: {implicit: 0, pageLoad: 300000, script: 30000}, unhandledPromptBehavior: dismiss and notify, webauthn:extension:credBlob: true, webauthn:extension:largeBlob: true, webauthn:extension:minPinLength: true, webauthn:extension:prf: true, webauthn:virtualAuthenticators: true}
Session ID: 9e02c26909ab6e32eadc1251d038c5bb
2024-02-02 15:45:53 INFO  Log:9 - vesselSearch Started
2024-02-02 15:45:53 INFO  Log:9 - 
2024-02-02 15:45:55 INFO  VesselSearchOLD:75 - Vessel Selection successfully
2024-02-02 15:47:26 ERROR Log:13 - Failed because of - org.openqa.selenium.TimeoutException: Expected condition failed: waiting for element to be clickable: Proxy element for: DefaultElementLocator 'By.xpath: //h3[text()='Voyage Snapshot']' (tried for 50 second(s) with 500 milliseconds interval)
2024-02-02 15:47:26 INFO  Log:9 - vesselSearch Started
2024-02-02 15:47:26 INFO  Log:9 - 
2024-02-02 15:47:28 INFO  VesselSearchOLD:75 - Vessel Selection successfully
2024-02-02 15:48:51 INFO  Log:9 - vesselSearch Started
2024-02-02 15:48:51 INFO  Log:9 - 
2024-02-02 15:48:52 INFO  Log:9 - Skipped because of - org.openqa.selenium.WebDriverException: no such execution context
  (Session info: chrome=120.0.6099.225)
Build info: version: '3.141.59', revision: 'e82be7d358', time: '2018-11-14T08:17:03'
System info: host: 'INNOL-019', ip: '172.20.10.2', os.name: 'Windows 11', os.arch: 'amd64', os.version: '10.0', java.version: '17.0.5'
Driver info: org.openqa.selenium.chrome.ChromeDriver
Capabilities {acceptInsecureCerts: false, browserName: chrome, browserVersion: 120.0.6099.225, chrome: {chromedriverVersion: 119.0.6045.105 (38c72552c5e..., userDataDir: C:\Users\Poonam\AppData\Loc...}, fedcm:accounts: true, goog:chromeOptions: {debuggerAddress: localhost:52151}, javascriptEnabled: true, networkConnectionEnabled: false, pageLoadStrategy: normal, platform: WINDOWS, platformName: WINDOWS, proxy: Proxy(), setWindowRect: true, strictFileInteractability: false, timeouts: {implicit: 0, pageLoad: 300000, script: 30000}, unhandledPromptBehavior: dismiss and notify, webauthn:extension:credBlob: true, webauthn:extension:largeBlob: true, webauthn:extension:minPinLength: true, webauthn:extension:prf: true, webauthn:virtualAuthenticators: true}
Session ID: 362d390c68e4640e78606d88fa7bfb96
2024-02-02 15:48:52 INFO  Log:9 - vesselSearch Started
2024-02-02 15:48:52 INFO  Log:9 - 
2024-02-02 15:48:52 INFO  Log:9 - Skipped because of - org.openqa.selenium.WebDriverException: no such execution context
  (Session info: chrome=120.0.6099.225)
Build info: version: '3.141.59', revision: 'e82be7d358', time: '2018-11-14T08:17:03'
System info: host: 'INNOL-019', ip: '172.20.10.2', os.name: 'Windows 11', os.arch: 'amd64', os.version: '10.0', java.version: '17.0.5'
Driver info: org.openqa.selenium.chrome.ChromeDriver
Capabilities {acceptInsecureCerts: false, browserName: chrome, browserVersion: 120.0.6099.225, chrome: {chromedriverVersion: 119.0.6045.105 (38c72552c5e..., userDataDir: C:\Users\Poonam\AppData\Loc...}, fedcm:accounts: true, goog:chromeOptions: {debuggerAddress: localhost:52151}, javascriptEnabled: true, networkConnectionEnabled: false, pageLoadStrategy: normal, platform: WINDOWS, platformName: WINDOWS, proxy: Proxy(), setWindowRect: true, strictFileInteractability: false, timeouts: {implicit: 0, pageLoad: 300000, script: 30000}, unhandledPromptBehavior: dismiss and notify, webauthn:extension:credBlob: true, webauthn:extension:largeBlob: true, webauthn:extension:minPinLength: true, webauthn:extension:prf: true, webauthn:virtualAuthenticators: true}
Session ID: 362d390c68e4640e78606d88fa7bfb96
2024-02-02 15:48:52 INFO  Log:9 - vesselSearch Started
2024-02-02 15:48:52 INFO  Log:9 - 
2024-02-02 15:48:52 INFO  Log:9 - Skipped because of - org.openqa.selenium.WebDriverException: no such execution context
  (Session info: chrome=120.0.6099.225)
Build info: version: '3.141.59', revision: 'e82be7d358', time: '2018-11-14T08:17:03'
System info: host: 'INNOL-019', ip: '172.20.10.2', os.name: 'Windows 11', os.arch: 'amd64', os.version: '10.0', java.version: '17.0.5'
Driver info: org.openqa.selenium.chrome.ChromeDriver
Capabilities {acceptInsecureCerts: false, browserName: chrome, browserVersion: 120.0.6099.225, chrome: {chromedriverVersion: 119.0.6045.105 (38c72552c5e..., userDataDir: C:\Users\Poonam\AppData\Loc...}, fedcm:accounts: true, goog:chromeOptions: {debuggerAddress: localhost:52151}, javascriptEnabled: true, networkConnectionEnabled: false, pageLoadStrategy: normal, platform: WINDOWS, platformName: WINDOWS, proxy: Proxy(), setWindowRect: true, strictFileInteractability: false, timeouts: {implicit: 0, pageLoad: 300000, script: 30000}, unhandledPromptBehavior: dismiss and notify, webauthn:extension:credBlob: true, webauthn:extension:largeBlob: true, webauthn:extension:minPinLength: true, webauthn:extension:prf: true, webauthn:virtualAuthenticators: true}
Session ID: 362d390c68e4640e78606d88fa7bfb96
2024-02-02 15:48:59 ERROR Log:13 - Failed because of - org.openqa.selenium.TimeoutException: Expected condition failed: waiting for element to be clickable: Proxy element for: DefaultElementLocator 'By.xpath: //h3[text()='Voyage Snapshot']' (tried for 50 second(s) with 500 milliseconds interval)
2024-02-02 15:50:16 INFO  AELogin:34 - Login successful
2024-02-02 15:50:18 INFO  Log:9 - vesselSearch Started
2024-02-02 15:50:18 INFO  Log:9 - 
2024-02-02 15:50:40 INFO  VesselSearchOLD:75 - Vessel Selection successfully
2024-02-02 15:52:17 ERROR Log:13 - Failed because of - org.openqa.selenium.ElementClickInterceptedException: element click intercepted: Element <svg aria-hidden="true" focusable="false" data-prefix="fal" data-icon="download" class="svg-inline--fa fa-download " role="img" xmlns="http://www.w3.org/2000/svg" viewBox="0 0 512 512">...</svg> is not clickable at point (1202, 93). Other element would receive the click: <div class="sc-bpkNiN cgNPkz">...</div>
  (Session info: chrome=120.0.6099.225)
Build info: version: '3.141.59', revision: 'e82be7d358', time: '2018-11-14T08:17:03'
System info: host: 'INNOL-019', ip: '172.20.10.2', os.name: 'Windows 11', os.arch: 'amd64', os.version: '10.0', java.version: '17.0.5'
Driver info: org.openqa.selenium.chrome.ChromeDriver
Capabilities {acceptInsecureCerts: false, browserName: chrome, browserVersion: 120.0.6099.225, chrome: {chromedriverVersion: 119.0.6045.105 (38c72552c5e..., userDataDir: C:\Users\Poonam\AppData\Loc...}, fedcm:accounts: true, goog:chromeOptions: {debuggerAddress: localhost:52210}, javascriptEnabled: true, networkConnectionEnabled: false, pageLoadStrategy: normal, platform: WINDOWS, platformName: WINDOWS, proxy: Proxy(), setWindowRect: true, strictFileInteractability: false, timeouts: {implicit: 0, pageLoad: 300000, script: 30000}, unhandledPromptBehavior: dismiss and notify, webauthn:extension:credBlob: true, webauthn:extension:largeBlob: true, webauthn:extension:minPinLength: true, webauthn:extension:prf: true, webauthn:virtualAuthenticators: true}
Session ID: d59a829d0ca7940538e542e3330ff35f
2024-02-02 15:52:17 INFO  Log:9 - vesselSearch Started
2024-02-02 15:52:17 INFO  Log:9 - 
2024-02-02 15:52:19 INFO  VesselSearchOLD:75 - Vessel Selection successfully
2024-02-02 15:53:16 INFO  AELogin:34 - Login successful
2024-02-02 15:53:18 INFO  Log:9 - vesselSearch Started
2024-02-02 15:53:18 INFO  Log:9 - 
2024-02-02 15:53:43 INFO  VesselSearchOLD:75 - Vessel Selection successfully
2024-02-02 15:53:50 ERROR Log:13 - Failed because of - org.openqa.selenium.TimeoutException: Expected condition failed: waiting for element to be clickable: Proxy element for: DefaultElementLocator 'By.xpath: //h3[text()='Voyage Snapshot']' (tried for 50 second(s) with 500 milliseconds interval)
2024-02-02 15:53:51 INFO  Log:9 - vesselSearch Started
2024-02-02 15:53:51 INFO  Log:9 - 
2024-02-02 15:53:54 INFO  VesselSearchOLD:75 - Vessel Selection successfully
2024-02-02 15:55:24 ERROR Log:13 - Failed because of - org.openqa.selenium.TimeoutException: Expected condition failed: waiting for element to be clickable: Proxy element for: DefaultElementLocator 'By.xpath: //h3[text()='Voyage Snapshot']' (tried for 50 second(s) with 500 milliseconds interval)
2024-02-02 15:58:10 ERROR Log:13 - Failed because of - org.openqa.selenium.TimeoutException: Expected condition failed: waiting for element to be clickable: [[ChromeDriver: chrome on WINDOWS (e728e64aadf9a1ef1388a5bff2e59302)] -> xpath: //button[text()='OK']] (tried for 50 second(s) with 500 milliseconds interval)
Build info: version: '3.141.59', revision: 'e82be7d358', time: '2018-11-14T08:17:03'
System info: host: 'INNOL-019', ip: '172.20.10.2', os.name: 'Windows 11', os.arch: 'amd64', os.version: '10.0', java.version: '17.0.5'
Driver info: org.openqa.selenium.chrome.ChromeDriver
Capabilities {acceptInsecureCerts: false, browserName: chrome, browserVersion: 120.0.6099.225, chrome: {chromedriverVersion: 119.0.6045.105 (38c72552c5e..., userDataDir: C:\Users\Poonam\AppData\Loc...}, fedcm:accounts: true, goog:chromeOptions: {debuggerAddress: localhost:52404}, javascriptEnabled: true, networkConnectionEnabled: false, pageLoadStrategy: normal, platform: WINDOWS, platformName: WINDOWS, proxy: Proxy(), setWindowRect: true, strictFileInteractability: false, timeouts: {implicit: 0, pageLoad: 300000, script: 30000}, unhandledPromptBehavior: dismiss and notify, webauthn:extension:credBlob: true, webauthn:extension:largeBlob: true, webauthn:extension:minPinLength: true, webauthn:extension:prf: true, webauthn:virtualAuthenticators: true}
Session ID: e728e64aadf9a1ef1388a5bff2e59302
2024-02-02 15:58:10 INFO  Log:9 - vesselSearch Started
2024-02-02 15:58:10 INFO  Log:9 - 
2024-02-02 15:58:12 INFO  VesselSearchOLD:75 - Vessel Selection successfully
2024-02-02 15:59:42 ERROR Log:13 - Failed because of - org.openqa.selenium.TimeoutException: Expected condition failed: waiting for element to be clickable: Proxy element for: DefaultElementLocator 'By.xpath: //h3[text()='Voyage Snapshot']' (tried for 50 second(s) with 500 milliseconds interval)
2024-02-02 15:59:43 INFO  Log:9 - vesselSearch Started
2024-02-02 15:59:43 INFO  Log:9 - 
2024-02-02 15:59:44 INFO  VesselSearchOLD:75 - Vessel Selection successfully
2024-02-02 16:01:15 ERROR Log:13 - Failed because of - org.openqa.selenium.TimeoutException: Expected condition failed: waiting for element to be clickable: Proxy element for: DefaultElementLocator 'By.xpath: //h3[text()='Voyage Snapshot']' (tried for 50 second(s) with 500 milliseconds interval)
2024-02-05 11:38:48 INFO  AELogin:34 - Login successful
2024-02-05 11:38:49 INFO  Log:9 - vesselSearch Started
2024-02-05 11:38:49 INFO  Log:9 - 
2024-02-05 11:39:24 ERROR Log:13 - Failed because of - org.openqa.selenium.StaleElementReferenceException: stale element reference: stale element not found
  (Session info: chrome=120.0.6099.225)
For documentation on this error, please visit: https://www.seleniumhq.org/exceptions/stale_element_reference.html
Build info: version: '3.141.59', revision: 'e82be7d358', time: '2018-11-14T08:17:03'
System info: host: 'INNOL-019', ip: '172.20.10.2', os.name: 'Windows 11', os.arch: 'amd64', os.version: '10.0', java.version: '17.0.5'
Driver info: org.openqa.selenium.chrome.ChromeDriver
Capabilities {acceptInsecureCerts: false, browserName: chrome, browserVersion: 120.0.6099.225, chrome: {chromedriverVersion: 119.0.6045.105 (38c72552c5e..., userDataDir: C:\Users\Poonam\AppData\Loc...}, fedcm:accounts: true, goog:chromeOptions: {debuggerAddress: localhost:55815}, javascriptEnabled: true, networkConnectionEnabled: false, pageLoadStrategy: normal, platform: WINDOWS, platformName: WINDOWS, proxy: Proxy(), setWindowRect: true, strictFileInteractability: false, timeouts: {implicit: 0, pageLoad: 300000, script: 30000}, unhandledPromptBehavior: dismiss and notify, webauthn:extension:credBlob: true, webauthn:extension:largeBlob: true, webauthn:extension:minPinLength: true, webauthn:extension:prf: true, webauthn:virtualAuthenticators: true}
Session ID: 1983ca22e0126ff76078b30b6d7c9f51
2024-02-05 11:39:47 INFO  Log:9 - vesselSearch Started
2024-02-05 11:39:47 INFO  Log:9 - 
2024-02-05 11:41:18 ERROR Log:13 - Failed because of - org.openqa.selenium.TimeoutException: Expected condition failed: waiting for element to be clickable: Proxy element for: DefaultElementLocator 'By.xpath: //*[@id='root']/div/div/div[3]/nav/div[2]/div/div[1]/div/div[2]/div/div/input' (tried for 50 second(s) with 500 milliseconds interval)
2024-02-05 11:41:19 INFO  Log:9 - vesselSearch Started
2024-02-05 11:41:19 INFO  Log:9 - 
2024-02-05 11:41:24 INFO  VesselSearchOLD:75 - Vessel Selection successfully
2024-02-05 11:43:57 ERROR Log:13 - Failed because of - org.openqa.selenium.StaleElementReferenceException: stale element reference: stale element not found
  (Session info: chrome=120.0.6099.225)
For documentation on this error, please visit: https://www.seleniumhq.org/exceptions/stale_element_reference.html
Build info: version: '3.141.59', revision: 'e82be7d358', time: '2018-11-14T08:17:03'
System info: host: 'INNOL-019', ip: '172.20.10.2', os.name: 'Windows 11', os.arch: 'amd64', os.version: '10.0', java.version: '17.0.5'
Driver info: org.openqa.selenium.chrome.ChromeDriver
Capabilities {acceptInsecureCerts: false, browserName: chrome, browserVersion: 120.0.6099.225, chrome: {chromedriverVersion: 119.0.6045.105 (38c72552c5e..., userDataDir: C:\Users\Poonam\AppData\Loc...}, fedcm:accounts: true, goog:chromeOptions: {debuggerAddress: localhost:55815}, javascriptEnabled: true, networkConnectionEnabled: false, pageLoadStrategy: normal, platform: WINDOWS, platformName: WINDOWS, proxy: Proxy(), setWindowRect: true, strictFileInteractability: false, timeouts: {implicit: 0, pageLoad: 300000, script: 30000}, unhandledPromptBehavior: dismiss and notify, webauthn:extension:credBlob: true, webauthn:extension:largeBlob: true, webauthn:extension:minPinLength: true, webauthn:extension:prf: true, webauthn:virtualAuthenticators: true}
Session ID: 1983ca22e0126ff76078b30b6d7c9f51
2024-02-05 12:15:40 INFO  AELogin:34 - Login successful
2024-02-05 12:15:43 INFO  Log:9 - vesselSearch Started
2024-02-05 12:15:43 INFO  Log:9 - 
2024-02-05 12:16:21 INFO  VesselSearchOLD:75 - Vessel Selection successfully
2024-02-05 12:16:37 ERROR Log:13 - Failed because of - org.openqa.selenium.StaleElementReferenceException: stale element reference: stale element not found
  (Session info: chrome=120.0.6099.225)
For documentation on this error, please visit: https://www.seleniumhq.org/exceptions/stale_element_reference.html
Build info: version: '3.141.59', revision: 'e82be7d358', time: '2018-11-14T08:17:03'
System info: host: 'INNOL-019', ip: '172.20.10.2', os.name: 'Windows 11', os.arch: 'amd64', os.version: '10.0', java.version: '17.0.5'
Driver info: org.openqa.selenium.chrome.ChromeDriver
Capabilities {acceptInsecureCerts: false, browserName: chrome, browserVersion: 120.0.6099.225, chrome: {chromedriverVersion: 119.0.6045.105 (38c72552c5e..., userDataDir: C:\Users\Poonam\AppData\Loc...}, fedcm:accounts: true, goog:chromeOptions: {debuggerAddress: localhost:57403}, javascriptEnabled: true, networkConnectionEnabled: false, pageLoadStrategy: normal, platform: WINDOWS, platformName: WINDOWS, proxy: Proxy(), setWindowRect: true, strictFileInteractability: false, timeouts: {implicit: 0, pageLoad: 300000, script: 30000}, unhandledPromptBehavior: dismiss and notify, webauthn:extension:credBlob: true, webauthn:extension:largeBlob: true, webauthn:extension:minPinLength: true, webauthn:extension:prf: true, webauthn:virtualAuthenticators: true}
Session ID: 00f6113745187ae27eaa8e8c0060ddcb
2024-02-05 12:16:38 INFO  Log:9 - vesselSearch Started
2024-02-05 12:16:38 INFO  Log:9 - 
2024-02-05 12:16:44 INFO  VesselSearchOLD:75 - Vessel Selection successfully
2024-02-05 12:18:24 ERROR Log:13 - Failed because of - org.openqa.selenium.ElementClickInterceptedException: element click intercepted: Element <svg aria-hidden="true" focusable="false" data-prefix="fal" data-icon="download" class="svg-inline--fa fa-download " role="img" xmlns="http://www.w3.org/2000/svg" viewBox="0 0 512 512">...</svg> is not clickable at point (1202, 93). Other element would receive the click: <div class="sc-bpkNiN cgNPkz">...</div>
  (Session info: chrome=120.0.6099.225)
Build info: version: '3.141.59', revision: 'e82be7d358', time: '2018-11-14T08:17:03'
System info: host: 'INNOL-019', ip: '172.20.10.2', os.name: 'Windows 11', os.arch: 'amd64', os.version: '10.0', java.version: '17.0.5'
Driver info: org.openqa.selenium.chrome.ChromeDriver
Capabilities {acceptInsecureCerts: false, browserName: chrome, browserVersion: 120.0.6099.225, chrome: {chromedriverVersion: 119.0.6045.105 (38c72552c5e..., userDataDir: C:\Users\Poonam\AppData\Loc...}, fedcm:accounts: true, goog:chromeOptions: {debuggerAddress: localhost:57403}, javascriptEnabled: true, networkConnectionEnabled: false, pageLoadStrategy: normal, platform: WINDOWS, platformName: WINDOWS, proxy: Proxy(), setWindowRect: true, strictFileInteractability: false, timeouts: {implicit: 0, pageLoad: 300000, script: 30000}, unhandledPromptBehavior: dismiss and notify, webauthn:extension:credBlob: true, webauthn:extension:largeBlob: true, webauthn:extension:minPinLength: true, webauthn:extension:prf: true, webauthn:virtualAuthenticators: true}
Session ID: 00f6113745187ae27eaa8e8c0060ddcb
2024-02-05 12:18:25 INFO  Log:9 - vesselSearch Started
2024-02-05 12:18:25 INFO  Log:9 - 
2024-02-05 12:18:27 INFO  VesselSearchOLD:75 - Vessel Selection successfully
2024-02-05 12:19:36 ERROR Log:13 - Failed because of - org.openqa.selenium.TimeoutException: Expected condition failed: waiting for element to be clickable: Proxy element for: DefaultElementLocator 'By.xpath: //h3[text()='Voyage Snapshot']' (tried for 50 second(s) with 500 milliseconds interval)
2024-02-05 12:19:36 ERROR Log:13 - Failed because of - org.openqa.selenium.NoSuchWindowException: no such window: target window already closed
from unknown error: web view not found
  (Session info: chrome=120.0.6099.225)
Build info: version: '3.141.59', revision: 'e82be7d358', time: '2018-11-14T08:17:03'
System info: host: 'INNOL-019', ip: '172.20.10.2', os.name: 'Windows 11', os.arch: 'amd64', os.version: '10.0', java.version: '17.0.5'
Driver info: org.openqa.selenium.chrome.ChromeDriver
Capabilities {acceptInsecureCerts: false, browserName: chrome, browserVersion: 120.0.6099.225, chrome: {chromedriverVersion: 119.0.6045.105 (38c72552c5e..., userDataDir: C:\Users\Poonam\AppData\Loc...}, fedcm:accounts: true, goog:chromeOptions: {debuggerAddress: localhost:57403}, javascriptEnabled: true, networkConnectionEnabled: false, pageLoadStrategy: normal, platform: WINDOWS, platformName: WINDOWS, proxy: Proxy(), setWindowRect: true, strictFileInteractability: false, timeouts: {implicit: 0, pageLoad: 300000, script: 30000}, unhandledPromptBehavior: dismiss and notify, webauthn:extension:credBlob: true, webauthn:extension:largeBlob: true, webauthn:extension:minPinLength: true, webauthn:extension:prf: true, webauthn:virtualAuthenticators: true}
Session ID: 00f6113745187ae27eaa8e8c0060ddcb
