<?xml version="1.0" encoding="UTF-8"?>
<!-- Generated by org.testng.reporters.JUnitXMLReporter -->
<testsuite ignored="0" hostname="INNOL-019" failures="1" tests="5" name="Test" time="2946.145" errors="0" timestamp="2024-02-09T12:40:08 IST">
  <testcase classname="testClass.VesselSearchOLD" name="@AfterClass endTest" time="0.015">
    <failure type="java.lang.AssertionError" message="The following asserts failed:
	expected [Lookout 2017-04.pdf] but found [Lookout 2017-04],
	expected [PSC Newsletter 2017-03.pdf] but found [PSC Newsletter 2017-03],
	expected [Lookout 2017-04.pdf] but found [Lookout 2017-04],
	expected [PSC Newsletter 2017-03.pdf] but found [PSC Newsletter 2017-03],
	PlannedOff Matched expected [1] but found [4],
	expected [Lookout 2017-04.pdf] but found [Lookout 2017-04],
	expected [PSC Newsletter 2017-03.pdf] but found [PSC Newsletter 2017-03],
	PlannedOff Matched expected [3] but found [7]">
      <![CDATA[java.lang.AssertionError: The following asserts failed:
expected [Lookout 2017-04.pdf] but found [Lookout 2017-04],
expected [PSC Newsletter 2017-03.pdf] but found [PSC Newsletter 2017-03],
expected [Lookout 2017-04.pdf] but found [Lookout 2017-04],
expected [PSC Newsletter 2017-03.pdf] but found [PSC Newsletter 2017-03],
PlannedOff Matched expected [1] but found [4],
expected [Lookout 2017-04.pdf] but found [Lookout 2017-04],
expected [PSC Newsletter 2017-03.pdf] but found [PSC Newsletter 2017-03],
PlannedOff Matched expected [3] but found [7]
at testClass.VesselSearchOLD.endTest(VesselSearchOLD.java:374)
at java.base/java.util.ArrayList.forEach(ArrayList.java:1511)
... Removed 27 stack frames]]>
    </failure>
  </testcase> <!-- @AfterClass endTest -->
  <testcase classname="testClass.VesselSearchOLD" name="vesselSearch" time="833.913"/>
  <testcase classname="testClass.VesselSearchOLD" name="vesselSearch" time="652.314"/>
  <testcase classname="testClass.VesselSearchOLD" name="vesselSearch" time="747.262"/>
  <testcase classname="testClass.VesselSearchOLD" name="vesselSearch" time="673.274"/>
  <testcase classname="testClass.VesselSearchOLD" name="vesselSearch" time="2917.822">
    <failure type="org.openqa.selenium.NoSuchWindowException" message="no such window: target window already closed
from unknown error: web view not found
  (Session info: chrome=120.0.6099.225)
Build info: version: &amp;apos;3.141.59&amp;apos;, revision: &amp;apos;e82be7d358&amp;apos;, time: &amp;apos;2018-11-14T08:17:03&amp;apos;
System info: host: &amp;apos;INNOL-019&amp;apos;, ip: &amp;apos;192.168.137.1&amp;apos;, os.name: &amp;apos;Windows 11&amp;apos;, os.arch: &amp;apos;amd64&amp;apos;, os.version: &amp;apos;10.0&amp;apos;, java.version: &amp;apos;17.0.5&amp;apos;
Driver info: org.openqa.selenium.chrome.ChromeDriver
Capabilities {acceptInsecureCerts: false, browserName: chrome, browserVersion: 120.0.6099.225, chrome: {chromedriverVersion: 119.0.6045.105 (38c72552c5e..., userDataDir: C:\Users\Poonam\AppData\Loc...}, fedcm:accounts: true, goog:chromeOptions: {debuggerAddress: localhost:55990}, javascriptEnabled: true, networkConnectionEnabled: false, pageLoadStrategy: normal, platform: WINDOWS, platformName: WINDOWS, proxy: Proxy(), setWindowRect: true, strictFileInteractability: false, timeouts: {implicit: 0, pageLoad: 300000, script: 30000}, unhandledPromptBehavior: dismiss and notify, webauthn:extension:credBlob: true, webauthn:extension:largeBlob: true, webauthn:extension:minPinLength: true, webauthn:extension:prf: true, webauthn:virtualAuthenticators: true}
Session ID: a35031c0b6ddf361e2a47a4b16ab712f">
      <![CDATA[org.openqa.selenium.NoSuchWindowException: no such window: target window already closed
from unknown error: web view not found
  (Session info: chrome=120.0.6099.225)
Build info: version: '3.141.59', revision: 'e82be7d358', time: '2018-11-14T08:17:03'
System info: host: 'INNOL-019', ip: '192.168.137.1', os.name: 'Windows 11', os.arch: 'amd64', os.version: '10.0', java.version: '17.0.5'
Driver info: org.openqa.selenium.chrome.ChromeDriver
Capabilities {acceptInsecureCerts: false, browserName: chrome, browserVersion: 120.0.6099.225, chrome: {chromedriverVersion: 119.0.6045.105 (38c72552c5e..., userDataDir: C:\Users\Poonam\AppData\Loc...}, fedcm:accounts: true, goog:chromeOptions: {debuggerAddress: localhost:55990}, javascriptEnabled: true, networkConnectionEnabled: false, pageLoadStrategy: normal, platform: WINDOWS, platformName: WINDOWS, proxy: Proxy(), setWindowRect: true, strictFileInteractability: false, timeouts: {implicit: 0, pageLoad: 300000, script: 30000}, unhandledPromptBehavior: dismiss and notify, webauthn:extension:credBlob: true, webauthn:extension:largeBlob: true, webauthn:extension:minPinLength: true, webauthn:extension:prf: true, webauthn:virtualAuthenticators: true}
Session ID: a35031c0b6ddf361e2a47a4b16ab712f
at org.openqa.selenium.remote.http.W3CHttpResponseCodec.createException(W3CHttpResponseCodec.java:187)
at org.openqa.selenium.remote.http.W3CHttpResponseCodec.decode(W3CHttpResponseCodec.java:122)
at org.openqa.selenium.remote.http.W3CHttpResponseCodec.decode(W3CHttpResponseCodec.java:49)
at org.openqa.selenium.remote.HttpCommandExecutor.execute(HttpCommandExecutor.java:158)
at org.openqa.selenium.remote.service.DriverCommandExecutor.execute(DriverCommandExecutor.java:83)
at org.openqa.selenium.remote.RemoteWebDriver.execute(RemoteWebDriver.java:552)
at org.openqa.selenium.remote.RemoteWebDriver.execute(RemoteWebDriver.java:609)
at org.openqa.selenium.remote.RemoteWebDriver.getScreenshotAs(RemoteWebDriver.java:295)
at base.Base.getScreenShot(Base.java:64)
at base.TestListener.onTestSuccess(TestListener.java:47)
at java.base/java.util.ArrayList.forEach(ArrayList.java:1511)
... Removed 29 stack frames]]>
    </failure>
  </testcase> <!-- vesselSearch -->
</testsuite> <!-- Test -->
